{"message":"[18/Nov/2019:15:22:36 +0000] \"OPTIONS /verifyToken\" 204 ::1 - 0 - Response-time 3.188 ms\n","level":"info"}
{"message":"[18/Nov/2019:15:22:36 +0000] \"GET /verifyToken\" 403 ::1 - 54 - Response-time 5.914 ms\n","level":"info"}
{"message":"[18/Nov/2019:15:22:53 +0000] \"OPTIONS /users/authenticate\" 204 ::1 - 0 - Response-time 0.210 ms\n","level":"info"}
{"message":"[18/Nov/2019:15:22:56 +0000] \"POST /users/authenticate\" 200 ::1 - 1277 - Response-time 2750.389 ms\n","level":"info"}
{"message":"[18/Nov/2019:15:22:56 +0000] \"OPTIONS /verifyToken\" 204 ::1 - 0 - Response-time 0.145 ms\n","level":"info"}
{"message":"[18/Nov/2019:15:22:56 +0000] \"GET /verifyToken\" 200 ::1 - 34 - Response-time 1.692 ms\n","level":"info"}
{"message":"[18/Nov/2019:15:22:57 +0000] \"OPTIONS /chart/vTLineData\" 204 ::1 - 0 - Response-time 0.218 ms\n","level":"info"}
{"message":"[18/Nov/2019:15:22:57 +0000] \"OPTIONS /chart/rFLineData\" 204 ::1 - 0 - Response-time 0.140 ms\n","level":"info"}
{"message":"[18/Nov/2019:15:22:57 +0000] \"OPTIONS /chart/getTotalAmountOfRefundByUserId\" 204 ::1 - 0 - Response-time 0.123 ms\n","level":"info"}
{"message":"[18/Nov/2019:15:22:57 +0000] \"OPTIONS /chart/getVTSubmittedTimes\" 204 ::1 - 0 - Response-time 0.117 ms\n","level":"info"}
{"message":"[18/Nov/2019:15:22:57 +0000] \"GET /chart/getVTSubmittedTimes\" 200 ::1 - 30 - Response-time 25.105 ms\n","level":"info"}
{"message":"[18/Nov/2019:15:22:57 +0000] \"GET /chart/getTotalAmountOfRefundByUserId\" 200 ::1 - 30 - Response-time 24.335 ms\n","level":"info"}
{"message":"[18/Nov/2019:15:22:57 +0000] \"GET /chart/vTLineData\" 200 ::1 - 30 - Response-time 36.068 ms\n","level":"info"}
{"message":"[18/Nov/2019:15:22:57 +0000] \"GET /chart/rFLineData\" 200 ::1 - 30 - Response-time 32.161 ms\n","level":"info"}
{"message":"[18/Nov/2019:15:23:09 +0000] \"OPTIONS /users/register\" 204 ::1 - 0 - Response-time 0.113 ms\n","level":"info"}
{"message":"[18/Nov/2019:15:23:10 +0000] \"POST /users/register\" 200 ::1 - 362 - Response-time 1161.418 ms\n","level":"info"}
{"message":"[18/Nov/2019:15:23:22 +0000] \"OPTIONS /users/authenticate\" 204 ::1 - 0 - Response-time 0.122 ms\n","level":"info"}
{"message":"[18/Nov/2019:15:23:24 +0000] \"POST /users/authenticate\" 200 ::1 - 1009 - Response-time 2412.936 ms\n","level":"info"}
{"message":"[18/Nov/2019:15:23:25 +0000] \"OPTIONS /verifyToken\" 204 ::1 - 0 - Response-time 0.195 ms\n","level":"info"}
{"message":"[18/Nov/2019:15:23:25 +0000] \"GET /verifyToken\" 304 ::1 - - - Response-time 0.955 ms\n","level":"info"}
{"message":"[18/Nov/2019:15:25:21 +0000] \"OPTIONS /verifyToken\" 204 ::1 - 0 - Response-time 0.113 ms\n","level":"info"}
{"message":"[18/Nov/2019:15:25:21 +0000] \"GET /verifyToken\" 304 ::1 - - - Response-time 0.529 ms\n","level":"info"}
{"message":"[18/Nov/2019:15:25:24 +0000] \"GET /verifyToken\" 304 ::1 - - - Response-time 0.495 ms\n","level":"info"}
{"message":"[18/Nov/2019:15:25:26 +0000] \"GET /verifyToken\" 304 ::1 - - - Response-time 0.500 ms\n","level":"info"}
{"message":"[18/Nov/2019:15:27:03 +0000] \"OPTIONS /verifyToken\" 204 ::1 - 0 - Response-time 0.065 ms\n","level":"info"}
{"message":"[18/Nov/2019:15:27:03 +0000] \"GET /verifyToken\" 304 ::1 - - - Response-time 0.264 ms\n","level":"info"}
{"message":"[18/Nov/2019:15:27:36 +0000] \"OPTIONS /verifyToken\" 204 ::1 - 0 - Response-time 0.070 ms\n","level":"info"}
{"message":"[18/Nov/2019:15:27:36 +0000] \"GET /verifyToken\" 304 ::1 - - - Response-time 0.282 ms\n","level":"info"}
{"message":"[18/Nov/2019:15:28:48 +0000] \"OPTIONS /verifyToken\" 204 ::1 - 0 - Response-time 0.068 ms\n","level":"info"}
{"message":"[18/Nov/2019:15:28:48 +0000] \"GET /verifyToken\" 304 ::1 - - - Response-time 0.270 ms\n","level":"info"}
{"message":"[18/Nov/2019:15:29:42 +0000] \"OPTIONS /verifyToken\" 204 ::1 - 0 - Response-time 0.064 ms\n","level":"info"}
{"message":"[18/Nov/2019:15:29:42 +0000] \"GET /verifyToken\" 304 ::1 - - - Response-time 0.385 ms\n","level":"info"}
{"message":"[18/Nov/2019:15:30:28 +0000] \"OPTIONS /verifyToken\" 204 ::1 - 0 - Response-time 0.066 ms\n","level":"info"}
{"message":"[18/Nov/2019:15:30:28 +0000] \"GET /verifyToken\" 304 ::1 - - - Response-time 0.432 ms\n","level":"info"}
{"message":"[18/Nov/2019:15:30:28 +0000] \"GET /verifyToken\" 200 ::1 - 34 - Response-time 0.289 ms\n","level":"info"}
{"message":"[18/Nov/2019:15:30:41 +0000] \"OPTIONS /verifyToken\" 204 ::1 - 0 - Response-time 0.055 ms\n","level":"info"}
{"message":"[18/Nov/2019:15:30:41 +0000] \"GET /verifyToken\" 304 ::1 - - - Response-time 0.363 ms\n","level":"info"}
{"message":"[18/Nov/2019:15:30:42 +0000] \"GET /verifyToken\" 304 ::1 - - - Response-time 0.572 ms\n","level":"info"}
{"message":"[18/Nov/2019:15:30:46 +0000] \"GET /verifyToken\" 304 ::1 - - - Response-time 0.281 ms\n","level":"info"}
{"message":"[18/Nov/2019:15:32:33 +0000] \"OPTIONS /verifyToken\" 204 ::1 - 0 - Response-time 0.059 ms\n","level":"info"}
{"message":"[18/Nov/2019:15:32:33 +0000] \"GET /verifyToken\" 304 ::1 - - - Response-time 0.248 ms\n","level":"info"}
{"message":"[18/Nov/2019:15:32:38 +0000] \"OPTIONS /verifyToken\" 204 ::1 - 0 - Response-time 0.067 ms\n","level":"info"}
{"message":"[18/Nov/2019:15:32:38 +0000] \"GET /verifyToken\" 304 ::1 - - - Response-time 0.310 ms\n","level":"info"}
{"message":"[18/Nov/2019:15:36:33 +0000] \"OPTIONS /verifyToken\" 204 ::1 - 0 - Response-time 0.094 ms\n","level":"info"}
{"message":"[18/Nov/2019:15:36:33 +0000] \"GET /verifyToken\" 304 ::1 - - - Response-time 0.239 ms\n","level":"info"}
{"message":"[18/Nov/2019:15:36:49 +0000] \"OPTIONS /verifyToken\" 204 ::1 - 0 - Response-time 0.073 ms\n","level":"info"}
{"message":"[18/Nov/2019:15:36:49 +0000] \"GET /verifyToken\" 304 ::1 - - - Response-time 0.300 ms\n","level":"info"}
{"message":"[18/Nov/2019:15:39:36 +0000] \"OPTIONS /verifyToken\" 204 ::1 - 0 - Response-time 0.066 ms\n","level":"info"}
{"message":"[18/Nov/2019:15:39:36 +0000] \"GET /verifyToken\" 304 ::1 - - - Response-time 0.266 ms\n","level":"info"}
{"message":"[18/Nov/2019:15:41:51 +0000] \"OPTIONS /verifyToken\" 204 ::1 - 0 - Response-time 0.074 ms\n","level":"info"}
{"message":"[18/Nov/2019:15:41:51 +0000] \"GET /verifyToken\" 200 ::1 - 34 - Response-time 0.323 ms\n","level":"info"}
{"message":"[18/Nov/2019:15:42:02 +0000] \"OPTIONS /verifyToken\" 204 ::1 - 0 - Response-time 0.100 ms\n","level":"info"}
{"message":"[18/Nov/2019:15:42:02 +0000] \"GET /verifyToken\" 200 ::1 - 34 - Response-time 0.281 ms\n","level":"info"}
{"message":"[18/Nov/2019:15:42:50 +0000] \"OPTIONS /users/auth0%7C5dd2b75e6b99810ef87a2c4a/update\" 204 ::1 - 0 - Response-time 0.055 ms\n","level":"info"}
{"message":"[18/Nov/2019:15:42:51 +0000] \"POST /users/auth0%7C5dd2b75e6b99810ef87a2c4a/update\" 200 ::1 - 1123 - Response-time 1393.024 ms\n","level":"info"}
{"message":"[18/Nov/2019:15:42:51 +0000] \"OPTIONS /foundingSources\" 204 ::1 - 0 - Response-time 0.053 ms\n","level":"info"}
{"message":"[18/Nov/2019:15:42:51 +0000] \"POST /foundingSources\" 200 ::1 - 198 - Response-time 2.756 ms\n","level":"info"}
{"message":"[18/Nov/2019:15:42:53 +0000] \"OPTIONS /verifyToken\" 204 ::1 - 0 - Response-time 0.122 ms\n","level":"info"}
{"message":"[18/Nov/2019:15:42:53 +0000] \"GET /verifyToken\" 200 ::1 - 34 - Response-time 0.465 ms\n","level":"info"}
{"message":"[18/Nov/2019:15:42:53 +0000] \"OPTIONS /chart/vTLineData\" 204 ::1 - 0 - Response-time 0.135 ms\n","level":"info"}
{"message":"[18/Nov/2019:15:42:53 +0000] \"OPTIONS /chart/getVTSubmittedTimes\" 204 ::1 - 0 - Response-time 0.164 ms\n","level":"info"}
{"message":"[18/Nov/2019:15:42:53 +0000] \"OPTIONS /chart/rFLineData\" 204 ::1 - 0 - Response-time 0.099 ms\n","level":"info"}
{"message":"[18/Nov/2019:15:42:53 +0000] \"OPTIONS /chart/getTotalAmountOfRefundByUserId\" 204 ::1 - 0 - Response-time 0.075 ms\n","level":"info"}
{"message":"[18/Nov/2019:15:42:53 +0000] \"GET /chart/vTLineData\" 200 ::1 - 30 - Response-time 4.394 ms\n","level":"info"}
{"message":"[18/Nov/2019:15:42:53 +0000] \"GET /chart/rFLineData\" 200 ::1 - 30 - Response-time 4.318 ms\n","level":"info"}
{"message":"[18/Nov/2019:15:42:53 +0000] \"GET /chart/getVTSubmittedTimes\" 200 ::1 - 30 - Response-time 3.094 ms\n","level":"info"}
{"message":"[18/Nov/2019:15:42:53 +0000] \"GET /chart/getTotalAmountOfRefundByUserId\" 200 ::1 - 30 - Response-time 1.648 ms\n","level":"info"}
{"message":"[18/Nov/2019:15:43:21 +0000] \"OPTIONS /users/register\" 204 ::1 - 0 - Response-time 0.065 ms\n","level":"info"}
{"message":"[18/Nov/2019:15:43:22 +0000] \"POST /users/register\" 200 ::1 - 364 - Response-time 811.109 ms\n","level":"info"}
{"message":"[18/Nov/2019:15:43:38 +0000] \"OPTIONS /users/authenticate\" 204 ::1 - 0 - Response-time 0.072 ms\n","level":"info"}
{"message":"[18/Nov/2019:15:43:41 +0000] \"POST /users/authenticate\" 200 ::1 - 1012 - Response-time 2568.873 ms\n","level":"info"}
{"message":"[18/Nov/2019:15:43:41 +0000] \"OPTIONS /verifyToken\" 204 ::1 - 0 - Response-time 0.074 ms\n","level":"info"}
{"message":"[18/Nov/2019:15:43:41 +0000] \"GET /verifyToken\" 200 ::1 - 34 - Response-time 0.422 ms\n","level":"info"}
{"message":"[18/Nov/2019:15:47:30 +0000] \"OPTIONS /verifyToken\" 204 ::1 - 0 - Response-time 0.063 ms\n","level":"info"}
{"message":"[18/Nov/2019:15:47:30 +0000] \"GET /verifyToken\" 200 ::1 - 34 - Response-time 0.411 ms\n","level":"info"}
{"message":"[18/Nov/2019:15:47:33 +0000] \"OPTIONS /verifyToken\" 204 ::1 - 0 - Response-time 0.111 ms\n","level":"info"}
{"message":"[18/Nov/2019:15:47:33 +0000] \"GET /verifyToken\" 200 ::1 - 34 - Response-time 0.350 ms\n","level":"info"}
{"message":"[18/Nov/2019:17:15:15 +0000] \"OPTIONS /verifyToken\" 204 ::1 - 0 - Response-time 0.068 ms\n","level":"info"}
{"message":"[18/Nov/2019:17:15:15 +0000] \"GET /verifyToken\" 403 ::1 - 54 - Response-time 0.495 ms\n","level":"info"}
{"message":"[18/Nov/2019:17:15:38 +0000] \"OPTIONS /users/authenticate\" 204 ::1 - 0 - Response-time 0.070 ms\n","level":"info"}
{"message":"[18/Nov/2019:17:15:40 +0000] \"POST /users/authenticate\" 403 ::1 - 81 - Response-time 2504.157 ms\n","level":"info"}
{"message":"[18/Nov/2019:17:15:52 +0000] \"OPTIONS /users/register\" 204 ::1 - 0 - Response-time 0.082 ms\n","level":"info"}
{"message":"[18/Nov/2019:17:15:53 +0000] \"POST /users/register\" 200 ::1 - 352 - Response-time 1075.513 ms\n","level":"info"}
{"message":"[18/Nov/2019:17:16:05 +0000] \"OPTIONS /users/authenticate\" 204 ::1 - 0 - Response-time 0.121 ms\n","level":"info"}
{"message":"[18/Nov/2019:17:16:08 +0000] \"POST /users/authenticate\" 200 ::1 - 999 - Response-time 2467.216 ms\n","level":"info"}
{"message":"[18/Nov/2019:17:16:08 +0000] \"OPTIONS /verifyToken\" 204 ::1 - 0 - Response-time 0.110 ms\n","level":"info"}
{"message":"[18/Nov/2019:17:16:08 +0000] \"GET /verifyToken\" 200 ::1 - 34 - Response-time 0.609 ms\n","level":"info"}
{"message":"[18/Nov/2019:17:18:41 +0000] \"OPTIONS /verifyToken\" 204 ::1 - 0 - Response-time 0.066 ms\n","level":"info"}
{"message":"[18/Nov/2019:17:18:41 +0000] \"GET /verifyToken\" 200 ::1 - 34 - Response-time 0.336 ms\n","level":"info"}
{"message":"[18/Nov/2019:17:18:42 +0000] \"OPTIONS /verifyToken\" 204 ::1 - 0 - Response-time 0.091 ms\n","level":"info"}
{"message":"[18/Nov/2019:17:18:42 +0000] \"GET /verifyToken\" 200 ::1 - 34 - Response-time 0.459 ms\n","level":"info"}
