{"message":"[22/Nov/2019:12:10:52 +0000] \"OPTIONS /verifyToken\" 204 ::1 - 0 - Response-time 1.756 ms\n","level":"info"}
{"message":"[22/Nov/2019:12:10:52 +0000] \"GET /verifyToken\" 403 ::1 - 54 - Response-time 6.494 ms\n","level":"info"}
{"message":"[22/Nov/2019:12:12:11 +0000] \"OPTIONS /users/getUserById\" 204 ::1 - 0 - Response-time 0.120 ms\n","level":"info"}
{"message":"[22/Nov/2019:12:12:13 +0000] \"POST /users/getUserById\" 200 ::1 - 1177 - Response-time 1625.764 ms\n","level":"info"}
{"message":"[22/Nov/2019:12:12:13 +0000] \"OPTIONS /users/getUser\" 204 ::1 - 0 - Response-time 0.090 ms\n","level":"info"}
{"message":"[22/Nov/2019:12:12:13 +0000] \"POST /users/getUser\" 200 ::1 - 1036 - Response-time 24.119 ms\n","level":"info"}
{"message":"[22/Nov/2019:12:12:13 +0000] \"OPTIONS /verifyToken\" 204 ::1 - 0 - Response-time 0.078 ms\n","level":"info"}
{"message":"[22/Nov/2019:12:12:13 +0000] \"GET /verifyToken\" 200 ::1 - 34 - Response-time 0.909 ms\n","level":"info"}
{"message":"[22/Nov/2019:12:12:14 +0000] \"OPTIONS /chart/vTLineData\" 204 ::1 - 0 - Response-time 0.102 ms\n","level":"info"}
{"message":"[22/Nov/2019:12:12:14 +0000] \"OPTIONS /chart/rFLineData\" 204 ::1 - 0 - Response-time 0.125 ms\n","level":"info"}
{"message":"[22/Nov/2019:12:12:14 +0000] \"OPTIONS /chart/getVTSubmittedTimes\" 204 ::1 - 0 - Response-time 0.111 ms\n","level":"info"}
{"message":"[22/Nov/2019:12:12:14 +0000] \"OPTIONS /chart/getTotalAmountOfRefundByUserId\" 204 ::1 - 0 - Response-time 0.073 ms\n","level":"info"}
{"message":"[22/Nov/2019:12:12:14 +0000] \"GET /chart/vTLineData\" 304 ::1 - - - Response-time 24.501 ms\n","level":"info"}
{"message":"[22/Nov/2019:12:12:14 +0000] \"GET /chart/getVTSubmittedTimes\" 304 ::1 - - - Response-time 20.257 ms\n","level":"info"}
{"message":"[22/Nov/2019:12:12:14 +0000] \"GET /chart/rFLineData\" 304 ::1 - - - Response-time 22.773 ms\n","level":"info"}
{"message":"[22/Nov/2019:12:12:14 +0000] \"GET /chart/getTotalAmountOfRefundByUserId\" 304 ::1 - - - Response-time 2.462 ms\n","level":"info"}
{"message":"[22/Nov/2019:12:13:42 +0000] \"OPTIONS /nacha/getData?id=5dbab4b7e863d942c137dd52\" 204 ::1 - 0 - Response-time 0.074 ms\n","level":"info"}
{"message":"[22/Nov/2019:12:13:42 +0000] \"GET /nacha/getData?id=5dbab4b7e863d942c137dd52\" 304 ::1 - - - Response-time 8.724 ms\n","level":"info"}
{"message":"[22/Nov/2019:12:16:40 +0000] \"OPTIONS /verifyToken\" 204 ::1 - 0 - Response-time 2.697 ms\n","level":"info"}
{"message":"[22/Nov/2019:12:16:40 +0000] \"GET /verifyToken\" 200 ::1 - 34 - Response-time 4.418 ms\n","level":"info"}
{"message":"[22/Nov/2019:12:16:40 +0000] \"OPTIONS /nacha/getData?id=5dbab4b7e863d942c137dd52\" 204 ::1 - 0 - Response-time 0.237 ms\n","level":"info"}
{"message":"[22/Nov/2019:12:16:41 +0000] \"GET /nacha/getData?id=5dbab4b7e863d942c137dd52\" 200 ::1 - 82 - Response-time 35.222 ms\n","level":"info"}
{"message":"[22/Nov/2019:12:19:12 +0000] \"OPTIONS /verifyToken\" 204 ::1 - 0 - Response-time 2.585 ms\n","level":"info"}
{"message":"[22/Nov/2019:12:19:12 +0000] \"GET /verifyToken\" 200 ::1 - 34 - Response-time 7.274 ms\n","level":"info"}
{"message":"[22/Nov/2019:12:19:12 +0000] \"OPTIONS /nacha/getData?id=5dbab4b7e863d942c137dd52\" 204 ::1 - 0 - Response-time 0.173 ms\n","level":"info"}
{"message":"[22/Nov/2019:12:19:12 +0000] \"GET /nacha/getData?id=5dbab4b7e863d942c137dd52\" 200 ::1 - 82 - Response-time 26.288 ms\n","level":"info"}
{"message":"[22/Nov/2019:12:20:14 +0000] \"OPTIONS /verifyToken\" 204 ::1 - 0 - Response-time 2.663 ms\n","level":"info"}
{"message":"[22/Nov/2019:12:20:14 +0000] \"GET /verifyToken\" 200 ::1 - 34 - Response-time 6.075 ms\n","level":"info"}
{"message":"[22/Nov/2019:12:20:14 +0000] \"OPTIONS /nacha/getData?id=5dbab4b7e863d942c137dd52\" 204 ::1 - 0 - Response-time 0.184 ms\n","level":"info"}
{"message":"[22/Nov/2019:12:20:15 +0000] \"GET /nacha/getData?id=5dbab4b7e863d942c137dd52\" 200 ::1 - 81 - Response-time 21.327 ms\n","level":"info"}
{"message":"[22/Nov/2019:12:20:52 +0000] \"OPTIONS /verifyToken\" 204 ::1 - 0 - Response-time 0.744 ms\n","level":"info"}
{"message":"[22/Nov/2019:12:20:52 +0000] \"OPTIONS /nacha/getData?id=5dbab4b7e863d942c137dd52\" 204 ::1 - 0 - Response-time 0.180 ms\n","level":"info"}
{"message":"[22/Nov/2019:12:20:52 +0000] \"GET /verifyToken\" 200 ::1 - 34 - Response-time 0.636 ms\n","level":"info"}
{"message":"[22/Nov/2019:12:20:52 +0000] \"GET /nacha/getData?id=5dbab4b7e863d942c137dd52\" 200 ::1 - 78 - Response-time 3.121 ms\n","level":"info"}
{"message":"[22/Nov/2019:12:20:53 +0000] \"OPTIONS /verifyToken\" 204 ::1 - 0 - Response-time 0.190 ms\n","level":"info"}
{"message":"[22/Nov/2019:12:20:53 +0000] \"OPTIONS /nacha/getData?id=5dbab4b7e863d942c137dd52\" 204 ::1 - 0 - Response-time 0.131 ms\n","level":"info"}
{"message":"[22/Nov/2019:12:20:53 +0000] \"GET /verifyToken\" 200 ::1 - 34 - Response-time 0.397 ms\n","level":"info"}
{"message":"[22/Nov/2019:12:20:54 +0000] \"GET /nacha/getData?id=5dbab4b7e863d942c137dd52\" 200 ::1 - 78 - Response-time 6.434 ms\n","level":"info"}
{"message":"[22/Nov/2019:12:22:10 +0000] \"OPTIONS /verifyToken\" 204 ::1 - 0 - Response-time 0.119 ms\n","level":"info"}
{"message":"[22/Nov/2019:12:22:11 +0000] \"OPTIONS /nacha/getData?id=5dbab4b7e863d942c137dd52\" 204 ::1 - 0 - Response-time 0.104 ms\n","level":"info"}
{"message":"[22/Nov/2019:12:22:11 +0000] \"GET /verifyToken\" 200 ::1 - 34 - Response-time 0.358 ms\n","level":"info"}
{"message":"[22/Nov/2019:12:22:11 +0000] \"GET /nacha/getData?id=5dbab4b7e863d942c137dd52\" 200 ::1 - 78 - Response-time 3.372 ms\n","level":"info"}
{"message":"[22/Nov/2019:12:23:45 +0000] \"OPTIONS /verifyToken\" 204 ::1 - 0 - Response-time 0.064 ms\n","level":"info"}
{"message":"[22/Nov/2019:12:23:45 +0000] \"OPTIONS /nacha/getData?id=5dbab4b7e863d942c137dd52\" 204 ::1 - 0 - Response-time 0.072 ms\n","level":"info"}
{"message":"[22/Nov/2019:12:23:45 +0000] \"GET /verifyToken\" 200 ::1 - 34 - Response-time 0.276 ms\n","level":"info"}
{"message":"[22/Nov/2019:12:23:45 +0000] \"GET /nacha/getData?id=5dbab4b7e863d942c137dd52\" 200 ::1 - 78 - Response-time 1.752 ms\n","level":"info"}
{"message":"[22/Nov/2019:12:23:52 +0000] \"OPTIONS /verifyToken\" 204 ::1 - 0 - Response-time 0.069 ms\n","level":"info"}
{"message":"[22/Nov/2019:12:23:52 +0000] \"GET /verifyToken\" 200 ::1 - 34 - Response-time 0.903 ms\n","level":"info"}
{"message":"[22/Nov/2019:12:23:52 +0000] \"OPTIONS /nacha/getData?id=5dbab4b7e863d942c137dd52\" 204 ::1 - 0 - Response-time 0.072 ms\n","level":"info"}
{"message":"[22/Nov/2019:12:23:52 +0000] \"GET /nacha/getData?id=5dbab4b7e863d942c137dd52\" 200 ::1 - 78 - Response-time 2.583 ms\n","level":"info"}
{"message":"[22/Nov/2019:12:24:06 +0000] \"OPTIONS /verifyToken\" 204 ::1 - 0 - Response-time 0.068 ms\n","level":"info"}
{"message":"[22/Nov/2019:12:24:06 +0000] \"OPTIONS /nacha/getData?id=5dbab4b7e863d942c137dd52\" 204 ::1 - 0 - Response-time 0.072 ms\n","level":"info"}
{"message":"[22/Nov/2019:12:24:06 +0000] \"GET /verifyToken\" 200 ::1 - 34 - Response-time 0.827 ms\n","level":"info"}
{"message":"[22/Nov/2019:12:24:06 +0000] \"GET /nacha/getData?id=5dbab4b7e863d942c137dd52\" 200 ::1 - 81 - Response-time 7.446 ms\n","level":"info"}
{"message":"[22/Nov/2019:12:24:14 +0000] \"OPTIONS /verifyToken\" 204 ::1 - 0 - Response-time 0.084 ms\n","level":"info"}
{"message":"[22/Nov/2019:12:24:14 +0000] \"OPTIONS /nacha/getData?id=5dbab4b7e863d942c137dd52\" 204 ::1 - 0 - Response-time 0.071 ms\n","level":"info"}
{"message":"[22/Nov/2019:12:24:14 +0000] \"GET /verifyToken\" 200 ::1 - 34 - Response-time 0.285 ms\n","level":"info"}
{"message":"[22/Nov/2019:12:24:14 +0000] \"GET /nacha/getData?id=5dbab4b7e863d942c137dd52\" 200 ::1 - 78 - Response-time 1.989 ms\n","level":"info"}
