{"message":"[20/Nov/2019:17:28:45 +0000] \"OPTIONS /verifyToken\" 204 ::1 - 0 - Response-time 1.491 ms\n","level":"info"}
{"message":"[20/Nov/2019:17:28:45 +0000] \"GET /verifyToken\" 403 ::1 - 54 - Response-time 4.149 ms\n","level":"info"}
{"message":"[20/Nov/2019:17:28:54 +0000] \"OPTIONS /users/getUserById\" 204 ::1 - 0 - Response-time 0.200 ms\n","level":"info"}
{"message":"[20/Nov/2019:17:28:56 +0000] \"POST /users/getUserById\" 200 ::1 - 1177 - Response-time 1579.896 ms\n","level":"info"}
{"message":"[20/Nov/2019:17:28:56 +0000] \"OPTIONS /users/getUser\" 204 ::1 - 0 - Response-time 0.100 ms\n","level":"info"}
{"message":"[20/Nov/2019:17:28:56 +0000] \"POST /users/getUser\" 200 ::1 - 1036 - Response-time 16.581 ms\n","level":"info"}
{"message":"[20/Nov/2019:17:28:56 +0000] \"OPTIONS /verifyToken\" 204 ::1 - 0 - Response-time 0.071 ms\n","level":"info"}
{"message":"[20/Nov/2019:17:28:56 +0000] \"GET /verifyToken\" 200 ::1 - 34 - Response-time 1.026 ms\n","level":"info"}
{"message":"[20/Nov/2019:17:28:56 +0000] \"OPTIONS /chart/vTLineData\" 204 ::1 - 0 - Response-time 0.078 ms\n","level":"info"}
{"message":"[20/Nov/2019:17:28:56 +0000] \"OPTIONS /chart/rFLineData\" 204 ::1 - 0 - Response-time 0.072 ms\n","level":"info"}
{"message":"[20/Nov/2019:17:28:56 +0000] \"OPTIONS /chart/getVTSubmittedTimes\" 204 ::1 - 0 - Response-time 0.131 ms\n","level":"info"}
{"message":"[20/Nov/2019:17:28:56 +0000] \"OPTIONS /chart/getTotalAmountOfRefundByUserId\" 204 ::1 - 0 - Response-time 0.093 ms\n","level":"info"}
{"message":"[20/Nov/2019:17:28:56 +0000] \"GET /chart/vTLineData\" 200 ::1 - 135 - Response-time 8.008 ms\n","level":"info"}
{"message":"[20/Nov/2019:17:28:56 +0000] \"GET /chart/getVTSubmittedTimes\" 200 ::1 - 75 - Response-time 6.471 ms\n","level":"info"}
{"message":"[20/Nov/2019:17:28:56 +0000] \"GET /chart/getTotalAmountOfRefundByUserId\" 200 ::1 - 74 - Response-time 11.696 ms\n","level":"info"}
{"message":"[20/Nov/2019:17:28:56 +0000] \"GET /chart/rFLineData\" 200 ::1 - 123 - Response-time 11.743 ms\n","level":"info"}
{"message":"[20/Nov/2019:17:31:26 +0000] \"OPTIONS /verifyToken\" 204 ::1 - 0 - Response-time 0.065 ms\n","level":"info"}
{"message":"[20/Nov/2019:17:31:26 +0000] \"OPTIONS /chart/vTLineData\" 204 ::1 - 0 - Response-time 0.085 ms\n","level":"info"}
{"message":"[20/Nov/2019:17:31:26 +0000] \"OPTIONS /chart/rFLineData\" 204 ::1 - 0 - Response-time 0.065 ms\n","level":"info"}
{"message":"[20/Nov/2019:17:31:26 +0000] \"OPTIONS /chart/getVTSubmittedTimes\" 204 ::1 - 0 - Response-time 0.055 ms\n","level":"info"}
{"message":"[20/Nov/2019:17:31:26 +0000] \"OPTIONS /chart/getTotalAmountOfRefundByUserId\" 204 ::1 - 0 - Response-time 0.063 ms\n","level":"info"}
{"message":"[20/Nov/2019:17:31:26 +0000] \"GET /verifyToken\" 304 ::1 - - - Response-time 0.418 ms\n","level":"info"}
{"message":"[20/Nov/2019:17:31:26 +0000] \"GET /chart/vTLineData\" 304 ::1 - - - Response-time 2.697 ms\n","level":"info"}
{"message":"[20/Nov/2019:17:31:26 +0000] \"GET /chart/rFLineData\" 304 ::1 - - - Response-time 2.027 ms\n","level":"info"}
{"message":"[20/Nov/2019:17:31:26 +0000] \"GET /chart/getTotalAmountOfRefundByUserId\" 304 ::1 - - - Response-time 1.815 ms\n","level":"info"}
{"message":"[20/Nov/2019:17:31:26 +0000] \"GET /chart/getVTSubmittedTimes\" 304 ::1 - - - Response-time 7.254 ms\n","level":"info"}
{"message":"[20/Nov/2019:17:31:26 +0000] \"GET /verifyToken\" 304 ::1 - - - Response-time 0.304 ms\n","level":"info"}
{"message":"[20/Nov/2019:17:31:26 +0000] \"GET /chart/vTLineData\" 304 ::1 - - - Response-time 2.358 ms\n","level":"info"}
{"message":"[20/Nov/2019:17:31:26 +0000] \"GET /chart/rFLineData\" 304 ::1 - - - Response-time 2.190 ms\n","level":"info"}
{"message":"[20/Nov/2019:17:31:26 +0000] \"GET /chart/getVTSubmittedTimes\" 304 ::1 - - - Response-time 2.159 ms\n","level":"info"}
{"message":"[20/Nov/2019:17:31:26 +0000] \"GET /chart/getTotalAmountOfRefundByUserId\" 304 ::1 - - - Response-time 3.388 ms\n","level":"info"}
{"message":"[20/Nov/2019:17:31:50 +0000] \"OPTIONS /verifyToken\" 204 ::1 - 0 - Response-time 0.065 ms\n","level":"info"}
{"message":"[20/Nov/2019:17:31:50 +0000] \"OPTIONS /chart/vTLineData\" 204 ::1 - 0 - Response-time 0.080 ms\n","level":"info"}
{"message":"[20/Nov/2019:17:31:50 +0000] \"OPTIONS /chart/rFLineData\" 204 ::1 - 0 - Response-time 0.064 ms\n","level":"info"}
{"message":"[20/Nov/2019:17:31:50 +0000] \"OPTIONS /chart/getVTSubmittedTimes\" 204 ::1 - 0 - Response-time 0.056 ms\n","level":"info"}
{"message":"[20/Nov/2019:17:31:50 +0000] \"OPTIONS /chart/getTotalAmountOfRefundByUserId\" 204 ::1 - 0 - Response-time 0.061 ms\n","level":"info"}
{"message":"[20/Nov/2019:17:31:50 +0000] \"GET /verifyToken\" 304 ::1 - - - Response-time 0.301 ms\n","level":"info"}
{"message":"[20/Nov/2019:17:31:50 +0000] \"GET /chart/vTLineData\" 304 ::1 - - - Response-time 2.012 ms\n","level":"info"}
{"message":"[20/Nov/2019:17:31:50 +0000] \"GET /chart/rFLineData\" 200 ::1 - 123 - Response-time 1.736 ms\n","level":"info"}
{"message":"[20/Nov/2019:17:31:50 +0000] \"GET /chart/getTotalAmountOfRefundByUserId\" 304 ::1 - - - Response-time 1.682 ms\n","level":"info"}
{"message":"[20/Nov/2019:17:31:50 +0000] \"GET /chart/getVTSubmittedTimes\" 304 ::1 - - - Response-time 1.216 ms\n","level":"info"}
{"message":"[20/Nov/2019:17:32:08 +0000] \"OPTIONS /virtualTerminal/virtualList?limit=10\" 204 ::1 - 0 - Response-time 0.068 ms\n","level":"info"}
{"message":"[20/Nov/2019:17:32:08 +0000] \"GET /virtualTerminal/virtualList?limit=10\" 200 ::1 - 16682 - Response-time 9.147 ms\n","level":"info"}
{"message":"[20/Nov/2019:17:34:40 +0000] \"OPTIONS /verifyToken\" 204 ::1 - 0 - Response-time 0.072 ms\n","level":"info"}
{"message":"[20/Nov/2019:17:34:40 +0000] \"OPTIONS /virtualTerminal/virtualList?limit=10\" 204 ::1 - 0 - Response-time 0.067 ms\n","level":"info"}
{"message":"[20/Nov/2019:17:34:40 +0000] \"GET /verifyToken\" 304 ::1 - - - Response-time 0.346 ms\n","level":"info"}
{"message":"[20/Nov/2019:17:34:40 +0000] \"GET /virtualTerminal/virtualList?limit=10\" 304 ::1 - - - Response-time 3.395 ms\n","level":"info"}
{"message":"[20/Nov/2019:17:34:53 +0000] \"OPTIONS /verifyToken\" 204 ::1 - 0 - Response-time 0.094 ms\n","level":"info"}
{"message":"[20/Nov/2019:17:34:53 +0000] \"GET /verifyToken\" 304 ::1 - - - Response-time 0.458 ms\n","level":"info"}
{"message":"[20/Nov/2019:17:34:54 +0000] \"OPTIONS /virtualTerminal/virtualList?limit=10\" 204 ::1 - 0 - Response-time 0.072 ms\n","level":"info"}
{"message":"[20/Nov/2019:17:34:54 +0000] \"GET /virtualTerminal/virtualList?limit=10\" 304 ::1 - - - Response-time 7.577 ms\n","level":"info"}
{"message":"[20/Nov/2019:17:35:29 +0000] \"OPTIONS /verifyToken\" 204 ::1 - 0 - Response-time 0.064 ms\n","level":"info"}
{"message":"[20/Nov/2019:17:35:29 +0000] \"OPTIONS /virtualTerminal/virtualList?limit=10\" 204 ::1 - 0 - Response-time 0.063 ms\n","level":"info"}
{"message":"[20/Nov/2019:17:35:29 +0000] \"GET /verifyToken\" 304 ::1 - - - Response-time 0.289 ms\n","level":"info"}
{"message":"[20/Nov/2019:17:35:29 +0000] \"GET /virtualTerminal/virtualList?limit=10\" 304 ::1 - - - Response-time 2.438 ms\n","level":"info"}
{"message":"[20/Nov/2019:17:35:31 +0000] \"GET /verifyToken\" 304 ::1 - - - Response-time 0.367 ms\n","level":"info"}
{"message":"[20/Nov/2019:17:35:32 +0000] \"GET /virtualTerminal/virtualList?limit=10\" 304 ::1 - - - Response-time 2.620 ms\n","level":"info"}
{"message":"[20/Nov/2019:17:36:04 +0000] \"OPTIONS /verifyToken\" 204 ::1 - 0 - Response-time 0.177 ms\n","level":"info"}
{"message":"[20/Nov/2019:17:36:04 +0000] \"GET /verifyToken\" 304 ::1 - - - Response-time 0.476 ms\n","level":"info"}
{"message":"[20/Nov/2019:17:36:05 +0000] \"OPTIONS /virtualTerminal/virtualList?limit=10\" 204 ::1 - 0 - Response-time 0.067 ms\n","level":"info"}
{"message":"[20/Nov/2019:17:36:05 +0000] \"GET /virtualTerminal/virtualList?limit=10\" 304 ::1 - - - Response-time 3.191 ms\n","level":"info"}
{"message":"[20/Nov/2019:17:36:17 +0000] \"OPTIONS /chart/vTLineData\" 204 ::1 - 0 - Response-time 0.366 ms\n","level":"info"}
{"message":"[20/Nov/2019:17:36:17 +0000] \"OPTIONS /chart/rFLineData\" 204 ::1 - 0 - Response-time 0.076 ms\n","level":"info"}
{"message":"[20/Nov/2019:17:36:17 +0000] \"OPTIONS /chart/getVTSubmittedTimes\" 204 ::1 - 0 - Response-time 0.069 ms\n","level":"info"}
{"message":"[20/Nov/2019:17:36:17 +0000] \"OPTIONS /chart/getTotalAmountOfRefundByUserId\" 204 ::1 - 0 - Response-time 0.063 ms\n","level":"info"}
{"message":"[20/Nov/2019:17:36:17 +0000] \"GET /chart/rFLineData\" 304 ::1 - - - Response-time 2.090 ms\n","level":"info"}
{"message":"[20/Nov/2019:17:36:17 +0000] \"GET /chart/getVTSubmittedTimes\" 304 ::1 - - - Response-time 3.453 ms\n","level":"info"}
{"message":"[20/Nov/2019:17:36:17 +0000] \"GET /chart/vTLineData\" 304 ::1 - - - Response-time 6.421 ms\n","level":"info"}
{"message":"[20/Nov/2019:17:36:17 +0000] \"GET /chart/getTotalAmountOfRefundByUserId\" 304 ::1 - - - Response-time 4.219 ms\n","level":"info"}
{"message":"[20/Nov/2019:17:36:22 +0000] \"OPTIONS /verifyToken\" 204 ::1 - 0 - Response-time 0.069 ms\n","level":"info"}
{"message":"[20/Nov/2019:17:36:23 +0000] \"OPTIONS /chart/vTLineData\" 204 ::1 - 0 - Response-time 0.072 ms\n","level":"info"}
{"message":"[20/Nov/2019:17:36:23 +0000] \"OPTIONS /chart/getTotalAmountOfRefundByUserId\" 204 ::1 - 0 - Response-time 0.069 ms\n","level":"info"}
{"message":"[20/Nov/2019:17:36:23 +0000] \"OPTIONS /chart/rFLineData\" 204 ::1 - 0 - Response-time 0.053 ms\n","level":"info"}
{"message":"[20/Nov/2019:17:36:23 +0000] \"OPTIONS /chart/getVTSubmittedTimes\" 204 ::1 - 0 - Response-time 0.058 ms\n","level":"info"}
{"message":"[20/Nov/2019:17:36:28 +0000] \"OPTIONS /virtualTerminal/virtualList?limit=10\" 204 ::1 - 0 - Response-time 0.058 ms\n","level":"info"}
{"message":"[20/Nov/2019:17:36:28 +0000] \"GET /virtualTerminal/virtualList?limit=10\" 304 ::1 - - - Response-time 2.518 ms\n","level":"info"}
{"message":"[20/Nov/2019:17:36:34 +0000] \"OPTIONS /verifyToken\" 204 ::1 - 0 - Response-time 0.067 ms\n","level":"info"}
{"message":"[20/Nov/2019:17:36:34 +0000] \"GET /verifyToken\" 304 ::1 - - - Response-time 0.477 ms\n","level":"info"}
{"message":"[20/Nov/2019:17:36:34 +0000] \"OPTIONS /virtualTerminal/virtualList?limit=10\" 204 ::1 - 0 - Response-time 0.063 ms\n","level":"info"}
{"message":"[20/Nov/2019:17:36:34 +0000] \"GET /virtualTerminal/virtualList?limit=10\" 304 ::1 - - - Response-time 2.283 ms\n","level":"info"}
{"message":"[20/Nov/2019:17:36:57 +0000] \"OPTIONS /verifyToken\" 204 ::1 - 0 - Response-time 0.062 ms\n","level":"info"}
{"message":"[20/Nov/2019:17:36:58 +0000] \"OPTIONS /virtualTerminal/virtualList?limit=10\" 204 ::1 - 0 - Response-time 0.064 ms\n","level":"info"}
{"message":"[20/Nov/2019:17:36:58 +0000] \"GET /verifyToken\" 304 ::1 - - - Response-time 0.292 ms\n","level":"info"}
{"message":"[20/Nov/2019:17:36:58 +0000] \"GET /virtualTerminal/virtualList?limit=10\" 304 ::1 - - - Response-time 3.240 ms\n","level":"info"}
{"message":"[20/Nov/2019:17:36:59 +0000] \"GET /verifyToken\" 304 ::1 - - - Response-time 0.328 ms\n","level":"info"}
{"message":"[20/Nov/2019:17:37:00 +0000] \"GET /virtualTerminal/virtualList?limit=10\" 304 ::1 - - - Response-time 2.976 ms\n","level":"info"}
{"message":"[20/Nov/2019:17:37:05 +0000] \"OPTIONS /verifyToken\" 204 ::1 - 0 - Response-time 0.121 ms\n","level":"info"}
{"message":"[20/Nov/2019:17:37:05 +0000] \"GET /verifyToken\" 304 ::1 - - - Response-time 0.499 ms\n","level":"info"}
{"message":"[20/Nov/2019:17:37:05 +0000] \"OPTIONS /virtualTerminal/virtualList?limit=10\" 204 ::1 - 0 - Response-time 0.065 ms\n","level":"info"}
{"message":"[20/Nov/2019:17:37:05 +0000] \"GET /virtualTerminal/virtualList?limit=10\" 304 ::1 - - - Response-time 2.779 ms\n","level":"info"}
{"message":"[20/Nov/2019:17:37:21 +0000] \"OPTIONS /verifyToken\" 204 ::1 - 0 - Response-time 0.055 ms\n","level":"info"}
{"message":"[20/Nov/2019:17:37:21 +0000] \"OPTIONS /virtualTerminal/virtualList?limit=10\" 204 ::1 - 0 - Response-time 0.338 ms\n","level":"info"}
{"message":"[20/Nov/2019:17:37:21 +0000] \"GET /verifyToken\" 304 ::1 - - - Response-time 0.272 ms\n","level":"info"}
{"message":"[20/Nov/2019:17:37:21 +0000] \"GET /virtualTerminal/virtualList?limit=10\" 304 ::1 - - - Response-time 3.715 ms\n","level":"info"}
{"message":"[20/Nov/2019:17:37:25 +0000] \"GET /verifyToken\" 304 ::1 - - - Response-time 0.353 ms\n","level":"info"}
{"message":"[20/Nov/2019:17:37:25 +0000] \"GET /virtualTerminal/virtualList?limit=10\" 304 ::1 - - - Response-time 3.870 ms\n","level":"info"}
{"message":"[20/Nov/2019:17:39:00 +0000] \"OPTIONS /verifyToken\" 204 ::1 - 0 - Response-time 0.059 ms\n","level":"info"}
{"message":"[20/Nov/2019:17:39:00 +0000] \"OPTIONS /virtualTerminal/virtualList?limit=10\" 204 ::1 - 0 - Response-time 0.055 ms\n","level":"info"}
{"message":"[20/Nov/2019:17:39:00 +0000] \"GET /verifyToken\" 304 ::1 - - - Response-time 0.277 ms\n","level":"info"}
{"message":"[20/Nov/2019:17:39:00 +0000] \"GET /virtualTerminal/virtualList?limit=10\" 304 ::1 - - - Response-time 2.566 ms\n","level":"info"}
{"message":"[20/Nov/2019:17:39:05 +0000] \"OPTIONS /verifyToken\" 204 ::1 - 0 - Response-time 0.057 ms\n","level":"info"}
{"message":"[20/Nov/2019:17:39:05 +0000] \"OPTIONS /virtualTerminal/virtualList?limit=10\" 204 ::1 - 0 - Response-time 0.060 ms\n","level":"info"}
{"message":"[20/Nov/2019:17:39:05 +0000] \"GET /verifyToken\" 304 ::1 - - - Response-time 0.282 ms\n","level":"info"}
{"message":"[20/Nov/2019:17:39:05 +0000] \"GET /virtualTerminal/virtualList?limit=10\" 304 ::1 - - - Response-time 2.244 ms\n","level":"info"}
{"message":"[20/Nov/2019:17:39:09 +0000] \"GET /verifyToken\" 304 ::1 - - - Response-time 0.441 ms\n","level":"info"}
{"message":"[20/Nov/2019:17:39:09 +0000] \"GET /virtualTerminal/virtualList?limit=10\" 304 ::1 - - - Response-time 3.389 ms\n","level":"info"}
{"message":"[20/Nov/2019:17:39:47 +0000] \"OPTIONS /verifyToken\" 204 ::1 - 0 - Response-time 0.062 ms\n","level":"info"}
{"message":"[20/Nov/2019:17:39:48 +0000] \"OPTIONS /virtualTerminal/virtualList?limit=10\" 204 ::1 - 0 - Response-time 0.052 ms\n","level":"info"}
{"message":"[20/Nov/2019:17:39:48 +0000] \"GET /verifyToken\" 304 ::1 - - - Response-time 0.253 ms\n","level":"info"}
{"message":"[20/Nov/2019:17:39:48 +0000] \"GET /virtualTerminal/virtualList?limit=10\" 304 ::1 - - - Response-time 2.204 ms\n","level":"info"}
{"message":"[20/Nov/2019:17:39:53 +0000] \"OPTIONS /verifyToken\" 204 ::1 - 0 - Response-time 0.057 ms\n","level":"info"}
{"message":"[20/Nov/2019:17:39:53 +0000] \"OPTIONS /virtualTerminal/virtualList?limit=10\" 204 ::1 - 0 - Response-time 0.063 ms\n","level":"info"}
{"message":"[20/Nov/2019:17:39:53 +0000] \"GET /verifyToken\" 304 ::1 - - - Response-time 0.295 ms\n","level":"info"}
{"message":"[20/Nov/2019:17:39:53 +0000] \"GET /virtualTerminal/virtualList?limit=10\" 304 ::1 - - - Response-time 2.898 ms\n","level":"info"}
{"message":"[20/Nov/2019:17:39:59 +0000] \"OPTIONS /verifyToken\" 204 ::1 - 0 - Response-time 0.056 ms\n","level":"info"}
{"message":"[20/Nov/2019:17:39:59 +0000] \"OPTIONS /virtualTerminal/virtualList?limit=10\" 204 ::1 - 0 - Response-time 0.063 ms\n","level":"info"}
{"message":"[20/Nov/2019:17:39:59 +0000] \"GET /verifyToken\" 304 ::1 - - - Response-time 0.286 ms\n","level":"info"}
{"message":"[20/Nov/2019:17:39:59 +0000] \"GET /virtualTerminal/virtualList?limit=10\" 304 ::1 - - - Response-time 2.266 ms\n","level":"info"}
{"message":"[20/Nov/2019:17:40:05 +0000] \"OPTIONS /verifyToken\" 204 ::1 - 0 - Response-time 0.088 ms\n","level":"info"}
{"message":"[20/Nov/2019:17:40:05 +0000] \"OPTIONS /virtualTerminal/virtualList?limit=10\" 204 ::1 - 0 - Response-time 0.061 ms\n","level":"info"}
{"message":"[20/Nov/2019:17:40:05 +0000] \"GET /verifyToken\" 304 ::1 - - - Response-time 0.283 ms\n","level":"info"}
{"message":"[20/Nov/2019:17:40:05 +0000] \"GET /virtualTerminal/virtualList?limit=10\" 304 ::1 - - - Response-time 2.732 ms\n","level":"info"}
{"message":"[20/Nov/2019:17:40:46 +0000] \"OPTIONS /verifyToken\" 204 ::1 - 0 - Response-time 0.060 ms\n","level":"info"}
{"message":"[20/Nov/2019:17:40:46 +0000] \"OPTIONS /virtualTerminal/virtualList?limit=10\" 204 ::1 - 0 - Response-time 0.065 ms\n","level":"info"}
{"message":"[20/Nov/2019:17:40:46 +0000] \"GET /verifyToken\" 304 ::1 - - - Response-time 0.276 ms\n","level":"info"}
{"message":"[20/Nov/2019:17:40:46 +0000] \"GET /virtualTerminal/virtualList?limit=10\" 304 ::1 - - - Response-time 2.261 ms\n","level":"info"}
{"message":"[20/Nov/2019:17:40:49 +0000] \"GET /verifyToken\" 304 ::1 - - - Response-time 0.391 ms\n","level":"info"}
{"message":"[20/Nov/2019:17:40:50 +0000] \"GET /virtualTerminal/virtualList?limit=10\" 304 ::1 - - - Response-time 2.682 ms\n","level":"info"}
{"message":"[20/Nov/2019:17:42:22 +0000] \"OPTIONS /verifyToken\" 204 ::1 - 0 - Response-time 0.059 ms\n","level":"info"}
{"message":"[20/Nov/2019:17:42:22 +0000] \"OPTIONS /virtualTerminal/virtualList?limit=10\" 204 ::1 - 0 - Response-time 0.059 ms\n","level":"info"}
{"message":"[20/Nov/2019:17:42:22 +0000] \"GET /verifyToken\" 304 ::1 - - - Response-time 0.275 ms\n","level":"info"}
{"message":"[20/Nov/2019:17:42:22 +0000] \"GET /virtualTerminal/virtualList?limit=10\" 304 ::1 - - - Response-time 2.282 ms\n","level":"info"}
{"message":"[20/Nov/2019:17:42:27 +0000] \"GET /verifyToken\" 304 ::1 - - - Response-time 0.307 ms\n","level":"info"}
{"message":"[20/Nov/2019:17:42:28 +0000] \"OPTIONS /virtualTerminal/virtualList?limit=10\" 204 ::1 - 0 - Response-time 0.058 ms\n","level":"info"}
{"message":"[20/Nov/2019:17:42:28 +0000] \"GET /virtualTerminal/virtualList?limit=10\" 304 ::1 - - - Response-time 3.557 ms\n","level":"info"}
{"message":"[20/Nov/2019:17:46:31 +0000] \"OPTIONS /virtualTerminal/virtualList\" 204 ::1 - 0 - Response-time 0.063 ms\n","level":"info"}
{"message":"[20/Nov/2019:17:46:31 +0000] \"GET /virtualTerminal/virtualList\" 200 ::1 - 20023 - Response-time 3.198 ms\n","level":"info"}
{"message":"[20/Nov/2019:17:48:10 +0000] \"OPTIONS /verifyToken\" 204 ::1 - 0 - Response-time 0.068 ms\n","level":"info"}
{"message":"[20/Nov/2019:17:48:10 +0000] \"GET /verifyToken\" 200 ::1 - 34 - Response-time 0.401 ms\n","level":"info"}
{"message":"[20/Nov/2019:17:48:11 +0000] \"OPTIONS /virtualTerminal/virtualList\" 204 ::1 - 0 - Response-time 0.103 ms\n","level":"info"}
{"message":"[20/Nov/2019:17:48:11 +0000] \"GET /virtualTerminal/virtualList\" 200 ::1 - 20023 - Response-time 2.758 ms\n","level":"info"}
{"message":"[20/Nov/2019:17:48:45 +0000] \"OPTIONS /virtualTerminal/virtualList?limit=10\" 204 ::1 - 0 - Response-time 0.110 ms\n","level":"info"}
{"message":"[20/Nov/2019:17:48:45 +0000] \"GET /virtualTerminal/virtualList?limit=10\" 200 ::1 - 16682 - Response-time 9.453 ms\n","level":"info"}
{"message":"[20/Nov/2019:17:50:00 +0000] \"OPTIONS /verifyToken\" 204 ::1 - 0 - Response-time 0.058 ms\n","level":"info"}
{"message":"[20/Nov/2019:17:50:00 +0000] \"OPTIONS /virtualTerminal/virtualList?limit=10\" 204 ::1 - 0 - Response-time 0.090 ms\n","level":"info"}
{"message":"[20/Nov/2019:17:50:00 +0000] \"GET /verifyToken\" 200 ::1 - 34 - Response-time 0.426 ms\n","level":"info"}
{"message":"[20/Nov/2019:17:50:00 +0000] \"GET /virtualTerminal/virtualList?limit=10\" 200 ::1 - 16682 - Response-time 2.582 ms\n","level":"info"}
{"message":"[20/Nov/2019:17:50:22 +0000] \"OPTIONS /verifyToken\" 204 ::1 - 0 - Response-time 0.063 ms\n","level":"info"}
{"message":"[20/Nov/2019:17:50:22 +0000] \"OPTIONS /virtualTerminal/virtualList?limit=10\" 204 ::1 - 0 - Response-time 0.064 ms\n","level":"info"}
{"message":"[20/Nov/2019:17:50:22 +0000] \"GET /verifyToken\" 200 ::1 - 34 - Response-time 0.303 ms\n","level":"info"}
{"message":"[20/Nov/2019:17:50:22 +0000] \"GET /virtualTerminal/virtualList?limit=10\" 200 ::1 - 16682 - Response-time 3.310 ms\n","level":"info"}
{"message":"[20/Nov/2019:17:50:36 +0000] \"OPTIONS /verifyToken\" 204 ::1 - 0 - Response-time 0.060 ms\n","level":"info"}
{"message":"[20/Nov/2019:17:50:37 +0000] \"OPTIONS /virtualTerminal/virtualList?limit=10\" 204 ::1 - 0 - Response-time 0.114 ms\n","level":"info"}
{"message":"[20/Nov/2019:17:50:37 +0000] \"GET /verifyToken\" 200 ::1 - 34 - Response-time 0.328 ms\n","level":"info"}
{"message":"[20/Nov/2019:17:50:37 +0000] \"GET /virtualTerminal/virtualList?limit=10\" 200 ::1 - 16682 - Response-time 2.455 ms\n","level":"info"}
{"message":"[20/Nov/2019:17:50:41 +0000] \"OPTIONS /verifyToken\" 204 ::1 - 0 - Response-time 0.081 ms\n","level":"info"}
{"message":"[20/Nov/2019:17:50:41 +0000] \"GET /verifyToken\" 200 ::1 - 34 - Response-time 0.561 ms\n","level":"info"}
{"message":"[20/Nov/2019:17:50:41 +0000] \"OPTIONS /virtualTerminal/virtualList?limit=10\" 204 ::1 - 0 - Response-time 0.078 ms\n","level":"info"}
{"message":"[20/Nov/2019:17:50:42 +0000] \"GET /virtualTerminal/virtualList?limit=10\" 200 ::1 - 16682 - Response-time 12.243 ms\n","level":"info"}
{"message":"[20/Nov/2019:17:51:29 +0000] \"OPTIONS /verifyToken\" 204 ::1 - 0 - Response-time 0.058 ms\n","level":"info"}
{"message":"[20/Nov/2019:17:51:29 +0000] \"OPTIONS /virtualTerminal/virtualList?limit=10\" 204 ::1 - 0 - Response-time 0.063 ms\n","level":"info"}
{"message":"[20/Nov/2019:17:51:29 +0000] \"GET /verifyToken\" 200 ::1 - 34 - Response-time 0.275 ms\n","level":"info"}
{"message":"[20/Nov/2019:17:51:29 +0000] \"GET /virtualTerminal/virtualList?limit=10\" 200 ::1 - 16682 - Response-time 2.184 ms\n","level":"info"}
{"message":"[20/Nov/2019:17:52:11 +0000] \"OPTIONS /verifyToken\" 204 ::1 - 0 - Response-time 0.409 ms\n","level":"info"}
{"message":"[20/Nov/2019:17:52:12 +0000] \"OPTIONS /virtualTerminal/virtualList?limit=10\" 204 ::1 - 0 - Response-time 0.068 ms\n","level":"info"}
{"message":"[20/Nov/2019:17:52:12 +0000] \"GET /verifyToken\" 200 ::1 - 34 - Response-time 0.445 ms\n","level":"info"}
{"message":"[20/Nov/2019:17:52:12 +0000] \"GET /virtualTerminal/virtualList?limit=10\" 200 ::1 - 16682 - Response-time 3.222 ms\n","level":"info"}
{"message":"[20/Nov/2019:17:52:43 +0000] \"OPTIONS /verifyToken\" 204 ::1 - 0 - Response-time 0.057 ms\n","level":"info"}
{"message":"[20/Nov/2019:17:52:43 +0000] \"OPTIONS /virtualTerminal/virtualList?limit=10\" 204 ::1 - 0 - Response-time 0.068 ms\n","level":"info"}
{"message":"[20/Nov/2019:17:52:43 +0000] \"GET /verifyToken\" 200 ::1 - 34 - Response-time 0.347 ms\n","level":"info"}
{"message":"[20/Nov/2019:17:52:43 +0000] \"GET /virtualTerminal/virtualList?limit=10\" 200 ::1 - 16682 - Response-time 2.515 ms\n","level":"info"}
{"message":"[20/Nov/2019:17:53:10 +0000] \"OPTIONS /verifyToken\" 204 ::1 - 0 - Response-time 0.056 ms\n","level":"info"}
{"message":"[20/Nov/2019:17:53:11 +0000] \"OPTIONS /virtualTerminal/virtualList?limit=10\" 204 ::1 - 0 - Response-time 0.074 ms\n","level":"info"}
{"message":"[20/Nov/2019:17:53:11 +0000] \"GET /verifyToken\" 200 ::1 - 34 - Response-time 0.554 ms\n","level":"info"}
{"message":"[20/Nov/2019:17:53:11 +0000] \"GET /virtualTerminal/virtualList?limit=10\" 200 ::1 - 16682 - Response-time 3.053 ms\n","level":"info"}
{"message":"[20/Nov/2019:17:53:39 +0000] \"OPTIONS /verifyToken\" 204 ::1 - 0 - Response-time 0.067 ms\n","level":"info"}
{"message":"[20/Nov/2019:17:53:39 +0000] \"OPTIONS /virtualTerminal/virtualList?limit=10\" 204 ::1 - 0 - Response-time 0.075 ms\n","level":"info"}
{"message":"[20/Nov/2019:17:53:39 +0000] \"GET /verifyToken\" 200 ::1 - 34 - Response-time 0.284 ms\n","level":"info"}
{"message":"[20/Nov/2019:17:53:39 +0000] \"GET /virtualTerminal/virtualList?limit=10\" 200 ::1 - 16682 - Response-time 2.252 ms\n","level":"info"}
{"message":"[20/Nov/2019:18:00:38 +0000] \"OPTIONS /verifyToken\" 204 ::1 - 0 - Response-time 0.064 ms\n","level":"info"}
{"message":"[20/Nov/2019:18:00:39 +0000] \"OPTIONS /virtualTerminal/virtualList?limit=10\" 204 ::1 - 0 - Response-time 0.094 ms\n","level":"info"}
{"message":"[20/Nov/2019:18:00:39 +0000] \"GET /verifyToken\" 200 ::1 - 34 - Response-time 0.422 ms\n","level":"info"}
{"message":"[20/Nov/2019:18:00:39 +0000] \"GET /virtualTerminal/virtualList?limit=10\" 200 ::1 - 16682 - Response-time 5.024 ms\n","level":"info"}
{"message":"[20/Nov/2019:18:01:10 +0000] \"OPTIONS /verifyToken\" 204 ::1 - 0 - Response-time 0.099 ms\n","level":"info"}
{"message":"[20/Nov/2019:18:01:10 +0000] \"OPTIONS /virtualTerminal/virtualList?limit=10\" 204 ::1 - 0 - Response-time 0.060 ms\n","level":"info"}
{"message":"[20/Nov/2019:18:01:10 +0000] \"GET /verifyToken\" 200 ::1 - 34 - Response-time 0.281 ms\n","level":"info"}
{"message":"[20/Nov/2019:18:01:10 +0000] \"GET /virtualTerminal/virtualList?limit=10\" 200 ::1 - 16682 - Response-time 2.555 ms\n","level":"info"}
{"message":"[20/Nov/2019:18:01:12 +0000] \"OPTIONS /verifyToken\" 204 ::1 - 0 - Response-time 0.064 ms\n","level":"info"}
{"message":"[20/Nov/2019:18:01:12 +0000] \"OPTIONS /virtualTerminal/virtualList?limit=10\" 204 ::1 - 0 - Response-time 0.057 ms\n","level":"info"}
{"message":"[20/Nov/2019:18:01:12 +0000] \"GET /verifyToken\" 200 ::1 - 34 - Response-time 0.292 ms\n","level":"info"}
{"message":"[20/Nov/2019:18:01:12 +0000] \"GET /virtualTerminal/virtualList?limit=10\" 200 ::1 - 16682 - Response-time 3.039 ms\n","level":"info"}
{"message":"[20/Nov/2019:18:01:30 +0000] \"OPTIONS /verifyToken\" 204 ::1 - 0 - Response-time 0.058 ms\n","level":"info"}
{"message":"[20/Nov/2019:18:01:30 +0000] \"OPTIONS /virtualTerminal/virtualList?limit=10\" 204 ::1 - 0 - Response-time 0.068 ms\n","level":"info"}
{"message":"[20/Nov/2019:18:01:30 +0000] \"GET /verifyToken\" 200 ::1 - 34 - Response-time 0.403 ms\n","level":"info"}
{"message":"[20/Nov/2019:18:01:30 +0000] \"GET /virtualTerminal/virtualList?limit=10\" 200 ::1 - 16682 - Response-time 2.497 ms\n","level":"info"}
{"message":"[20/Nov/2019:18:01:44 +0000] \"OPTIONS /verifyToken\" 204 ::1 - 0 - Response-time 0.059 ms\n","level":"info"}
{"message":"[20/Nov/2019:18:01:45 +0000] \"OPTIONS /virtualTerminal/virtualList?limit=10\" 204 ::1 - 0 - Response-time 0.061 ms\n","level":"info"}
{"message":"[20/Nov/2019:18:01:45 +0000] \"GET /verifyToken\" 200 ::1 - 34 - Response-time 0.285 ms\n","level":"info"}
{"message":"[20/Nov/2019:18:01:45 +0000] \"GET /virtualTerminal/virtualList?limit=10\" 200 ::1 - 16682 - Response-time 3.440 ms\n","level":"info"}
{"message":"[20/Nov/2019:18:01:58 +0000] \"OPTIONS /verifyToken\" 204 ::1 - 0 - Response-time 0.054 ms\n","level":"info"}
{"message":"[20/Nov/2019:18:01:58 +0000] \"OPTIONS /virtualTerminal/virtualList?limit=10\" 204 ::1 - 0 - Response-time 0.063 ms\n","level":"info"}
{"message":"[20/Nov/2019:18:01:58 +0000] \"GET /verifyToken\" 200 ::1 - 34 - Response-time 0.338 ms\n","level":"info"}
{"message":"[20/Nov/2019:18:01:58 +0000] \"GET /virtualTerminal/virtualList?limit=10\" 200 ::1 - 16682 - Response-time 3.219 ms\n","level":"info"}
{"message":"[20/Nov/2019:18:03:08 +0000] \"OPTIONS /verifyToken\" 204 ::1 - 0 - Response-time 0.061 ms\n","level":"info"}
{"message":"[20/Nov/2019:18:03:08 +0000] \"OPTIONS /virtualTerminal/virtualList?limit=10\" 204 ::1 - 0 - Response-time 0.058 ms\n","level":"info"}
{"message":"[20/Nov/2019:18:03:08 +0000] \"GET /verifyToken\" 200 ::1 - 34 - Response-time 0.358 ms\n","level":"info"}
{"message":"[20/Nov/2019:18:03:08 +0000] \"GET /virtualTerminal/virtualList?limit=10\" 200 ::1 - 16682 - Response-time 3.247 ms\n","level":"info"}
{"message":"[20/Nov/2019:18:03:23 +0000] \"OPTIONS /verifyToken\" 204 ::1 - 0 - Response-time 0.057 ms\n","level":"info"}
{"message":"[20/Nov/2019:18:03:23 +0000] \"OPTIONS /virtualTerminal/virtualList?limit=10\" 204 ::1 - 0 - Response-time 0.066 ms\n","level":"info"}
{"message":"[20/Nov/2019:18:03:23 +0000] \"GET /verifyToken\" 200 ::1 - 34 - Response-time 0.323 ms\n","level":"info"}
{"message":"[20/Nov/2019:18:03:23 +0000] \"GET /virtualTerminal/virtualList?limit=10\" 200 ::1 - 16682 - Response-time 2.617 ms\n","level":"info"}
{"message":"[20/Nov/2019:18:04:30 +0000] \"OPTIONS /verifyToken\" 204 ::1 - 0 - Response-time 0.063 ms\n","level":"info"}
{"message":"[20/Nov/2019:18:04:30 +0000] \"OPTIONS /virtualTerminal/virtualList?limit=10\" 204 ::1 - 0 - Response-time 0.071 ms\n","level":"info"}
{"message":"[20/Nov/2019:18:04:30 +0000] \"GET /verifyToken\" 200 ::1 - 34 - Response-time 0.678 ms\n","level":"info"}
{"message":"[20/Nov/2019:18:04:30 +0000] \"GET /virtualTerminal/virtualList?limit=10\" 200 ::1 - 16682 - Response-time 2.793 ms\n","level":"info"}
{"message":"[20/Nov/2019:18:06:35 +0000] \"OPTIONS /verifyToken\" 204 ::1 - 0 - Response-time 0.057 ms\n","level":"info"}
{"message":"[20/Nov/2019:18:06:36 +0000] \"OPTIONS /virtualTerminal/virtualList?limit=10\" 204 ::1 - 0 - Response-time 0.061 ms\n","level":"info"}
{"message":"[20/Nov/2019:18:06:36 +0000] \"GET /verifyToken\" 200 ::1 - 34 - Response-time 0.279 ms\n","level":"info"}
{"message":"[20/Nov/2019:18:06:36 +0000] \"GET /virtualTerminal/virtualList?limit=10\" 200 ::1 - 16682 - Response-time 3.126 ms\n","level":"info"}
{"message":"[20/Nov/2019:18:06:45 +0000] \"OPTIONS /verifyToken\" 204 ::1 - 0 - Response-time 0.055 ms\n","level":"info"}
{"message":"[20/Nov/2019:18:06:46 +0000] \"OPTIONS /virtualTerminal/virtualList?limit=10\" 204 ::1 - 0 - Response-time 0.059 ms\n","level":"info"}
{"message":"[20/Nov/2019:18:06:46 +0000] \"GET /verifyToken\" 200 ::1 - 34 - Response-time 0.364 ms\n","level":"info"}
{"message":"[20/Nov/2019:18:06:46 +0000] \"GET /virtualTerminal/virtualList?limit=10\" 200 ::1 - 16682 - Response-time 2.088 ms\n","level":"info"}
{"message":"[20/Nov/2019:18:06:50 +0000] \"OPTIONS /verifyToken\" 204 ::1 - 0 - Response-time 0.060 ms\n","level":"info"}
{"message":"[20/Nov/2019:18:06:50 +0000] \"OPTIONS /virtualTerminal/virtualList?limit=10\" 204 ::1 - 0 - Response-time 0.058 ms\n","level":"info"}
{"message":"[20/Nov/2019:18:06:50 +0000] \"GET /verifyToken\" 200 ::1 - 34 - Response-time 0.265 ms\n","level":"info"}
{"message":"[20/Nov/2019:18:06:50 +0000] \"GET /virtualTerminal/virtualList?limit=10\" 200 ::1 - 16682 - Response-time 2.517 ms\n","level":"info"}
{"message":"[20/Nov/2019:18:07:26 +0000] \"OPTIONS /verifyToken\" 204 ::1 - 0 - Response-time 0.101 ms\n","level":"info"}
{"message":"[20/Nov/2019:18:07:26 +0000] \"OPTIONS /virtualTerminal/virtualList?limit=10\" 204 ::1 - 0 - Response-time 0.061 ms\n","level":"info"}
{"message":"[20/Nov/2019:18:07:26 +0000] \"GET /verifyToken\" 200 ::1 - 34 - Response-time 0.365 ms\n","level":"info"}
{"message":"[20/Nov/2019:18:07:26 +0000] \"GET /virtualTerminal/virtualList?limit=10\" 200 ::1 - 16682 - Response-time 2.838 ms\n","level":"info"}
{"message":"[20/Nov/2019:18:07:31 +0000] \"OPTIONS /verifyToken\" 204 ::1 - 0 - Response-time 0.090 ms\n","level":"info"}
{"message":"[20/Nov/2019:18:07:32 +0000] \"OPTIONS /virtualTerminal/virtualList?limit=10\" 204 ::1 - 0 - Response-time 0.091 ms\n","level":"info"}
{"message":"[20/Nov/2019:18:07:32 +0000] \"GET /verifyToken\" 200 ::1 - 34 - Response-time 0.470 ms\n","level":"info"}
{"message":"[20/Nov/2019:18:07:32 +0000] \"GET /virtualTerminal/virtualList?limit=10\" 200 ::1 - 16682 - Response-time 4.176 ms\n","level":"info"}
{"message":"[20/Nov/2019:18:07:36 +0000] \"OPTIONS /verifyToken\" 204 ::1 - 0 - Response-time 0.057 ms\n","level":"info"}
{"message":"[20/Nov/2019:18:07:36 +0000] \"OPTIONS /virtualTerminal/virtualList?limit=10\" 204 ::1 - 0 - Response-time 0.060 ms\n","level":"info"}
{"message":"[20/Nov/2019:18:07:36 +0000] \"GET /verifyToken\" 200 ::1 - 34 - Response-time 0.289 ms\n","level":"info"}
{"message":"[20/Nov/2019:18:07:36 +0000] \"GET /virtualTerminal/virtualList?limit=10\" 200 ::1 - 16682 - Response-time 3.920 ms\n","level":"info"}
{"message":"[20/Nov/2019:18:07:50 +0000] \"OPTIONS /verifyToken\" 204 ::1 - 0 - Response-time 0.058 ms\n","level":"info"}
{"message":"[20/Nov/2019:18:07:50 +0000] \"OPTIONS /virtualTerminal/virtualList?limit=10\" 204 ::1 - 0 - Response-time 0.058 ms\n","level":"info"}
{"message":"[20/Nov/2019:18:07:50 +0000] \"GET /verifyToken\" 200 ::1 - 34 - Response-time 0.263 ms\n","level":"info"}
{"message":"[20/Nov/2019:18:07:50 +0000] \"GET /virtualTerminal/virtualList?limit=10\" 200 ::1 - 16682 - Response-time 2.869 ms\n","level":"info"}
{"message":"[20/Nov/2019:18:07:55 +0000] \"OPTIONS /verifyToken\" 204 ::1 - 0 - Response-time 0.059 ms\n","level":"info"}
{"message":"[20/Nov/2019:18:07:55 +0000] \"OPTIONS /virtualTerminal/virtualList?limit=10\" 204 ::1 - 0 - Response-time 0.100 ms\n","level":"info"}
{"message":"[20/Nov/2019:18:07:55 +0000] \"GET /verifyToken\" 200 ::1 - 34 - Response-time 0.292 ms\n","level":"info"}
{"message":"[20/Nov/2019:18:07:55 +0000] \"GET /virtualTerminal/virtualList?limit=10\" 200 ::1 - 16682 - Response-time 2.060 ms\n","level":"info"}
{"message":"[20/Nov/2019:18:08:01 +0000] \"OPTIONS /verifyToken\" 204 ::1 - 0 - Response-time 0.055 ms\n","level":"info"}
{"message":"[20/Nov/2019:18:08:01 +0000] \"OPTIONS /virtualTerminal/virtualList?limit=10\" 204 ::1 - 0 - Response-time 0.059 ms\n","level":"info"}
{"message":"[20/Nov/2019:18:08:01 +0000] \"GET /verifyToken\" 200 ::1 - 34 - Response-time 0.266 ms\n","level":"info"}
{"message":"[20/Nov/2019:18:08:01 +0000] \"GET /virtualTerminal/virtualList?limit=10\" 200 ::1 - 16682 - Response-time 2.450 ms\n","level":"info"}
{"message":"[20/Nov/2019:18:08:11 +0000] \"OPTIONS /verifyToken\" 204 ::1 - 0 - Response-time 0.080 ms\n","level":"info"}
{"message":"[20/Nov/2019:18:08:12 +0000] \"OPTIONS /virtualTerminal/virtualList?limit=10\" 204 ::1 - 0 - Response-time 0.065 ms\n","level":"info"}
{"message":"[20/Nov/2019:18:08:12 +0000] \"GET /verifyToken\" 200 ::1 - 34 - Response-time 0.267 ms\n","level":"info"}
{"message":"[20/Nov/2019:18:08:12 +0000] \"GET /virtualTerminal/virtualList?limit=10\" 200 ::1 - 16682 - Response-time 2.126 ms\n","level":"info"}
{"message":"[20/Nov/2019:18:09:15 +0000] \"OPTIONS /verifyToken\" 204 ::1 - 0 - Response-time 0.059 ms\n","level":"info"}
{"message":"[20/Nov/2019:18:09:16 +0000] \"OPTIONS /virtualTerminal/virtualList?limit=10\" 204 ::1 - 0 - Response-time 0.063 ms\n","level":"info"}
{"message":"[20/Nov/2019:18:09:16 +0000] \"GET /verifyToken\" 200 ::1 - 34 - Response-time 0.297 ms\n","level":"info"}
{"message":"[20/Nov/2019:18:09:16 +0000] \"GET /virtualTerminal/virtualList?limit=10\" 200 ::1 - 16682 - Response-time 2.589 ms\n","level":"info"}
{"message":"[20/Nov/2019:18:09:18 +0000] \"OPTIONS /verifyToken\" 204 ::1 - 0 - Response-time 0.061 ms\n","level":"info"}
{"message":"[20/Nov/2019:18:09:18 +0000] \"OPTIONS /virtualTerminal/virtualList?limit=10\" 204 ::1 - 0 - Response-time 0.088 ms\n","level":"info"}
{"message":"[20/Nov/2019:18:09:18 +0000] \"GET /verifyToken\" 200 ::1 - 34 - Response-time 0.260 ms\n","level":"info"}
{"message":"[20/Nov/2019:18:09:18 +0000] \"GET /virtualTerminal/virtualList?limit=10\" 200 ::1 - 16682 - Response-time 2.007 ms\n","level":"info"}
{"message":"[20/Nov/2019:18:10:57 +0000] \"OPTIONS /verifyToken\" 204 ::1 - 0 - Response-time 0.081 ms\n","level":"info"}
{"message":"[20/Nov/2019:18:10:57 +0000] \"OPTIONS /virtualTerminal/virtualList?limit=10\" 204 ::1 - 0 - Response-time 0.111 ms\n","level":"info"}
{"message":"[20/Nov/2019:18:10:57 +0000] \"GET /verifyToken\" 200 ::1 - 34 - Response-time 0.530 ms\n","level":"info"}
{"message":"[20/Nov/2019:18:10:57 +0000] \"GET /virtualTerminal/virtualList?limit=10\" 200 ::1 - 16682 - Response-time 3.895 ms\n","level":"info"}
{"message":"[20/Nov/2019:18:11:18 +0000] \"OPTIONS /verifyToken\" 204 ::1 - 0 - Response-time 0.055 ms\n","level":"info"}
{"message":"[20/Nov/2019:18:11:18 +0000] \"OPTIONS /virtualTerminal/virtualList?limit=10\" 204 ::1 - 0 - Response-time 0.063 ms\n","level":"info"}
{"message":"[20/Nov/2019:18:11:18 +0000] \"GET /verifyToken\" 200 ::1 - 34 - Response-time 0.267 ms\n","level":"info"}
{"message":"[20/Nov/2019:18:11:18 +0000] \"GET /virtualTerminal/virtualList?limit=10\" 200 ::1 - 16682 - Response-time 2.375 ms\n","level":"info"}
{"message":"[20/Nov/2019:18:11:35 +0000] \"OPTIONS /verifyToken\" 204 ::1 - 0 - Response-time 0.062 ms\n","level":"info"}
{"message":"[20/Nov/2019:18:11:35 +0000] \"OPTIONS /virtualTerminal/virtualList?limit=10\" 204 ::1 - 0 - Response-time 0.067 ms\n","level":"info"}
{"message":"[20/Nov/2019:18:11:35 +0000] \"GET /verifyToken\" 200 ::1 - 34 - Response-time 0.302 ms\n","level":"info"}
{"message":"[20/Nov/2019:18:11:35 +0000] \"GET /virtualTerminal/virtualList?limit=10\" 200 ::1 - 16682 - Response-time 3.267 ms\n","level":"info"}
{"message":"[20/Nov/2019:18:12:25 +0000] \"OPTIONS /verifyToken\" 204 ::1 - 0 - Response-time 0.098 ms\n","level":"info"}
{"message":"[20/Nov/2019:18:12:25 +0000] \"OPTIONS /virtualTerminal/virtualList?limit=10\" 204 ::1 - 0 - Response-time 0.063 ms\n","level":"info"}
{"message":"[20/Nov/2019:18:12:25 +0000] \"GET /verifyToken\" 200 ::1 - 34 - Response-time 0.286 ms\n","level":"info"}
{"message":"[20/Nov/2019:18:12:25 +0000] \"GET /virtualTerminal/virtualList?limit=10\" 200 ::1 - 16682 - Response-time 2.113 ms\n","level":"info"}
{"message":"[20/Nov/2019:18:12:51 +0000] \"OPTIONS /verifyToken\" 204 ::1 - 0 - Response-time 0.064 ms\n","level":"info"}
{"message":"[20/Nov/2019:18:12:51 +0000] \"OPTIONS /virtualTerminal/virtualList?limit=10\" 204 ::1 - 0 - Response-time 0.090 ms\n","level":"info"}
{"message":"[20/Nov/2019:18:12:51 +0000] \"GET /verifyToken\" 200 ::1 - 34 - Response-time 0.332 ms\n","level":"info"}
{"message":"[20/Nov/2019:18:12:51 +0000] \"GET /virtualTerminal/virtualList?limit=10\" 200 ::1 - 16682 - Response-time 2.685 ms\n","level":"info"}
{"message":"[20/Nov/2019:18:13:01 +0000] \"OPTIONS /verifyToken\" 204 ::1 - 0 - Response-time 0.087 ms\n","level":"info"}
{"message":"[20/Nov/2019:18:13:02 +0000] \"GET /verifyToken\" 200 ::1 - 34 - Response-time 0.478 ms\n","level":"info"}
{"message":"[20/Nov/2019:18:13:02 +0000] \"OPTIONS /virtualTerminal/virtualList?limit=10\" 204 ::1 - 0 - Response-time 0.064 ms\n","level":"info"}
{"message":"[20/Nov/2019:18:13:02 +0000] \"GET /virtualTerminal/virtualList?limit=10\" 200 ::1 - 16682 - Response-time 3.064 ms\n","level":"info"}
{"message":"[20/Nov/2019:18:13:10 +0000] \"OPTIONS /verifyToken\" 204 ::1 - 0 - Response-time 0.063 ms\n","level":"info"}
{"message":"[20/Nov/2019:18:13:10 +0000] \"OPTIONS /virtualTerminal/virtualList?limit=10\" 204 ::1 - 0 - Response-time 0.061 ms\n","level":"info"}
{"message":"[20/Nov/2019:18:13:10 +0000] \"GET /verifyToken\" 200 ::1 - 34 - Response-time 0.255 ms\n","level":"info"}
{"message":"[20/Nov/2019:18:13:10 +0000] \"GET /virtualTerminal/virtualList?limit=10\" 200 ::1 - 16682 - Response-time 3.210 ms\n","level":"info"}
{"message":"[20/Nov/2019:18:13:48 +0000] \"OPTIONS /verifyToken\" 204 ::1 - 0 - Response-time 0.066 ms\n","level":"info"}
{"message":"[20/Nov/2019:18:13:48 +0000] \"OPTIONS /virtualTerminal/virtualList?limit=10\" 204 ::1 - 0 - Response-time 0.063 ms\n","level":"info"}
{"message":"[20/Nov/2019:18:13:48 +0000] \"GET /verifyToken\" 200 ::1 - 34 - Response-time 0.367 ms\n","level":"info"}
{"message":"[20/Nov/2019:18:13:48 +0000] \"GET /virtualTerminal/virtualList?limit=10\" 200 ::1 - 16682 - Response-time 2.272 ms\n","level":"info"}
{"message":"[20/Nov/2019:18:14:11 +0000] \"OPTIONS /verifyToken\" 204 ::1 - 0 - Response-time 0.075 ms\n","level":"info"}
{"message":"[20/Nov/2019:18:14:11 +0000] \"GET /verifyToken\" 200 ::1 - 34 - Response-time 0.694 ms\n","level":"info"}
{"message":"[20/Nov/2019:18:14:12 +0000] \"OPTIONS /virtualTerminal/virtualList?limit=10\" 204 ::1 - 0 - Response-time 0.059 ms\n","level":"info"}
{"message":"[20/Nov/2019:18:14:12 +0000] \"GET /virtualTerminal/virtualList?limit=10\" 200 ::1 - 16682 - Response-time 3.313 ms\n","level":"info"}
{"message":"[20/Nov/2019:18:15:27 +0000] \"OPTIONS /verifyToken\" 204 ::1 - 0 - Response-time 0.070 ms\n","level":"info"}
{"message":"[20/Nov/2019:18:15:27 +0000] \"OPTIONS /virtualTerminal/virtualList?limit=10\" 204 ::1 - 0 - Response-time 0.075 ms\n","level":"info"}
{"message":"[20/Nov/2019:18:15:27 +0000] \"GET /verifyToken\" 200 ::1 - 34 - Response-time 0.291 ms\n","level":"info"}
{"message":"[20/Nov/2019:18:15:27 +0000] \"GET /virtualTerminal/virtualList?limit=10\" 200 ::1 - 16682 - Response-time 2.537 ms\n","level":"info"}
{"message":"[20/Nov/2019:18:15:40 +0000] \"OPTIONS /verifyToken\" 204 ::1 - 0 - Response-time 0.058 ms\n","level":"info"}
{"message":"[20/Nov/2019:18:15:40 +0000] \"OPTIONS /virtualTerminal/virtualList?limit=10\" 204 ::1 - 0 - Response-time 0.064 ms\n","level":"info"}
{"message":"[20/Nov/2019:18:15:40 +0000] \"GET /verifyToken\" 200 ::1 - 34 - Response-time 0.268 ms\n","level":"info"}
{"message":"[20/Nov/2019:18:15:40 +0000] \"GET /virtualTerminal/virtualList?limit=10\" 200 ::1 - 16682 - Response-time 2.867 ms\n","level":"info"}
{"message":"[20/Nov/2019:18:15:55 +0000] \"OPTIONS /verifyToken\" 204 ::1 - 0 - Response-time 0.088 ms\n","level":"info"}
{"message":"[20/Nov/2019:18:15:55 +0000] \"OPTIONS /virtualTerminal/virtualList?limit=10\" 204 ::1 - 0 - Response-time 0.104 ms\n","level":"info"}
{"message":"[20/Nov/2019:18:15:55 +0000] \"GET /verifyToken\" 200 ::1 - 34 - Response-time 0.417 ms\n","level":"info"}
{"message":"[20/Nov/2019:18:15:55 +0000] \"GET /virtualTerminal/virtualList?limit=10\" 200 ::1 - 16682 - Response-time 7.043 ms\n","level":"info"}
{"message":"[20/Nov/2019:18:17:28 +0000] \"OPTIONS /verifyToken\" 204 ::1 - 0 - Response-time 0.082 ms\n","level":"info"}
{"message":"[20/Nov/2019:18:17:28 +0000] \"GET /verifyToken\" 200 ::1 - 34 - Response-time 0.276 ms\n","level":"info"}
{"message":"[20/Nov/2019:18:17:28 +0000] \"OPTIONS /virtualTerminal/virtualList?limit=10\" 204 ::1 - 0 - Response-time 0.059 ms\n","level":"info"}
{"message":"[20/Nov/2019:18:17:28 +0000] \"GET /virtualTerminal/virtualList?limit=10\" 200 ::1 - 16682 - Response-time 2.701 ms\n","level":"info"}
