{"message":"[21/Nov/2019:12:02:14 +0000] \"OPTIONS /verifyToken\" 204 ::1 - 0 - Response-time 1.517 ms\n","level":"info"}
{"message":"[21/Nov/2019:12:02:14 +0000] \"GET /verifyToken\" 403 ::1 - 54 - Response-time 3.388 ms\n","level":"info"}
{"message":"[21/Nov/2019:12:02:47 +0000] \"OPTIONS /users/getUserById\" 204 ::1 - 0 - Response-time 0.245 ms\n","level":"info"}
{"message":"[21/Nov/2019:12:02:50 +0000] \"POST /users/getUserById\" 200 ::1 - 1177 - Response-time 3211.501 ms\n","level":"info"}
{"message":"[21/Nov/2019:12:02:50 +0000] \"OPTIONS /users/getUser\" 204 ::1 - 0 - Response-time 0.116 ms\n","level":"info"}
{"message":"[21/Nov/2019:12:02:50 +0000] \"POST /users/getUser\" 200 ::1 - 1036 - Response-time 26.115 ms\n","level":"info"}
{"message":"[21/Nov/2019:12:02:50 +0000] \"OPTIONS /verifyToken\" 204 ::1 - 0 - Response-time 0.083 ms\n","level":"info"}
{"message":"[21/Nov/2019:12:02:50 +0000] \"GET /verifyToken\" 200 ::1 - 34 - Response-time 0.983 ms\n","level":"info"}
{"message":"[21/Nov/2019:12:02:50 +0000] \"OPTIONS /chart/vTLineData\" 204 ::1 - 0 - Response-time 0.077 ms\n","level":"info"}
{"message":"[21/Nov/2019:12:02:50 +0000] \"OPTIONS /chart/getVTSubmittedTimes\" 204 ::1 - 0 - Response-time 0.139 ms\n","level":"info"}
{"message":"[21/Nov/2019:12:02:50 +0000] \"OPTIONS /chart/rFLineData\" 204 ::1 - 0 - Response-time 0.083 ms\n","level":"info"}
{"message":"[21/Nov/2019:12:02:50 +0000] \"OPTIONS /chart/getTotalAmountOfRefundByUserId\" 204 ::1 - 0 - Response-time 0.064 ms\n","level":"info"}
{"message":"[21/Nov/2019:12:02:51 +0000] \"GET /chart/getVTSubmittedTimes\" 304 ::1 - - - Response-time 16.427 ms\n","level":"info"}
{"message":"[21/Nov/2019:12:02:51 +0000] \"GET /chart/getTotalAmountOfRefundByUserId\" 304 ::1 - - - Response-time 16.120 ms\n","level":"info"}
{"message":"[21/Nov/2019:12:02:51 +0000] \"GET /chart/rFLineData\" 200 ::1 - 123 - Response-time 19.527 ms\n","level":"info"}
{"message":"[21/Nov/2019:12:02:51 +0000] \"GET /chart/vTLineData\" 304 ::1 - - - Response-time 23.940 ms\n","level":"info"}
{"message":"[21/Nov/2019:12:02:58 +0000] \"OPTIONS /virtualTerminal/virtualList?limit=10\" 204 ::1 - 0 - Response-time 0.069 ms\n","level":"info"}
{"message":"[21/Nov/2019:12:02:58 +0000] \"GET /virtualTerminal/virtualList?limit=10\" 304 ::1 - - - Response-time 7.293 ms\n","level":"info"}
{"message":"[21/Nov/2019:13:01:02 +0000] \"OPTIONS /verifyToken\" 204 ::1 - 0 - Response-time 0.080 ms\n","level":"info"}
{"message":"[21/Nov/2019:13:01:02 +0000] \"GET /verifyToken\" 200 ::1 - 34 - Response-time 0.631 ms\n","level":"info"}
{"message":"[21/Nov/2019:13:01:42 +0000] \"OPTIONS /verifyToken\" 204 ::1 - 0 - Response-time 0.064 ms\n","level":"info"}
{"message":"[21/Nov/2019:13:01:43 +0000] \"GET /verifyToken\" 200 ::1 - 34 - Response-time 0.436 ms\n","level":"info"}
{"message":"[21/Nov/2019:13:01:43 +0000] \"OPTIONS /verifyToken\" 204 ::1 - 0 - Response-time 0.097 ms\n","level":"info"}
{"message":"[21/Nov/2019:13:01:43 +0000] \"GET /verifyToken\" 200 ::1 - 34 - Response-time 0.603 ms\n","level":"info"}
{"message":"[21/Nov/2019:13:01:46 +0000] \"OPTIONS /verifyToken\" 204 ::1 - 0 - Response-time 0.103 ms\n","level":"info"}
{"message":"[21/Nov/2019:13:01:46 +0000] \"GET /verifyToken\" 200 ::1 - 34 - Response-time 0.495 ms\n","level":"info"}
{"message":"[21/Nov/2019:13:02:17 +0000] \"OPTIONS /verifyToken\" 204 ::1 - 0 - Response-time 0.065 ms\n","level":"info"}
{"message":"[21/Nov/2019:13:02:17 +0000] \"GET /verifyToken\" 200 ::1 - 34 - Response-time 0.431 ms\n","level":"info"}
{"message":"[21/Nov/2019:13:02:17 +0000] \"OPTIONS /verifyToken\" 204 ::1 - 0 - Response-time 0.108 ms\n","level":"info"}
{"message":"[21/Nov/2019:13:02:17 +0000] \"GET /verifyToken\" 200 ::1 - 34 - Response-time 0.404 ms\n","level":"info"}
{"message":"[21/Nov/2019:13:02:27 +0000] \"OPTIONS /verifyToken\" 204 ::1 - 0 - Response-time 0.099 ms\n","level":"info"}
{"message":"[21/Nov/2019:13:02:27 +0000] \"GET /verifyToken\" 200 ::1 - 34 - Response-time 0.428 ms\n","level":"info"}
{"message":"[21/Nov/2019:13:02:41 +0000] \"OPTIONS /verifyToken\" 204 ::1 - 0 - Response-time 0.067 ms\n","level":"info"}
{"message":"[21/Nov/2019:13:02:41 +0000] \"OPTIONS /virtualTerminal/virtualList?limit=10\" 204 ::1 - 0 - Response-time 0.135 ms\n","level":"info"}
{"message":"[21/Nov/2019:13:02:41 +0000] \"GET /verifyToken\" 200 ::1 - 34 - Response-time 0.508 ms\n","level":"info"}
{"message":"[21/Nov/2019:13:02:42 +0000] \"OPTIONS /verifyToken\" 204 ::1 - 0 - Response-time 0.098 ms\n","level":"info"}
{"message":"[21/Nov/2019:13:02:42 +0000] \"GET /verifyToken\" 200 ::1 - 34 - Response-time 0.408 ms\n","level":"info"}
{"message":"[21/Nov/2019:13:02:42 +0000] \"OPTIONS /virtualTerminal/virtualList?limit=10\" 204 ::1 - 0 - Response-time 0.148 ms\n","level":"info"}
{"message":"[21/Nov/2019:13:02:42 +0000] \"GET /virtualTerminal/virtualList?limit=10\" 200 ::1 - 16682 - Response-time 5.168 ms\n","level":"info"}
{"message":"[21/Nov/2019:13:02:44 +0000] \"OPTIONS /verifyToken\" 204 ::1 - 0 - Response-time 0.071 ms\n","level":"info"}
{"message":"[21/Nov/2019:13:02:45 +0000] \"GET /verifyToken\" 200 ::1 - 34 - Response-time 0.493 ms\n","level":"info"}
{"message":"[21/Nov/2019:13:02:45 +0000] \"OPTIONS /virtualTerminal/virtualList?limit=10\" 204 ::1 - 0 - Response-time 0.083 ms\n","level":"info"}
{"message":"[21/Nov/2019:13:02:45 +0000] \"GET /virtualTerminal/virtualList?limit=10\" 200 ::1 - 16682 - Response-time 3.212 ms\n","level":"info"}
{"message":"[21/Nov/2019:13:03:24 +0000] \"OPTIONS /verifyToken\" 204 ::1 - 0 - Response-time 0.114 ms\n","level":"info"}
{"message":"[21/Nov/2019:13:03:24 +0000] \"GET /verifyToken\" 403 ::1 - 54 - Response-time 0.863 ms\n","level":"info"}
{"message":"[21/Nov/2019:13:03:35 +0000] \"OPTIONS /users/getUserById\" 204 ::1 - 0 - Response-time 0.162 ms\n","level":"info"}
{"message":"[21/Nov/2019:13:03:38 +0000] \"POST /users/getUserById\" 200 ::1 - 1177 - Response-time 2510.258 ms\n","level":"info"}
{"message":"[21/Nov/2019:13:03:38 +0000] \"OPTIONS /users/getUser\" 204 ::1 - 0 - Response-time 0.157 ms\n","level":"info"}
{"message":"[21/Nov/2019:13:03:38 +0000] \"POST /users/getUser\" 200 ::1 - 1036 - Response-time 3.553 ms\n","level":"info"}
{"message":"[21/Nov/2019:13:03:38 +0000] \"OPTIONS /verifyToken\" 204 ::1 - 0 - Response-time 0.163 ms\n","level":"info"}
{"message":"[21/Nov/2019:13:03:39 +0000] \"GET /verifyToken\" 200 ::1 - 34 - Response-time 0.625 ms\n","level":"info"}
{"message":"[21/Nov/2019:13:03:39 +0000] \"OPTIONS /chart/vTLineData\" 204 ::1 - 0 - Response-time 0.140 ms\n","level":"info"}
{"message":"[21/Nov/2019:13:03:39 +0000] \"OPTIONS /chart/rFLineData\" 204 ::1 - 0 - Response-time 0.173 ms\n","level":"info"}
{"message":"[21/Nov/2019:13:03:39 +0000] \"OPTIONS /chart/getVTSubmittedTimes\" 204 ::1 - 0 - Response-time 0.147 ms\n","level":"info"}
{"message":"[21/Nov/2019:13:03:39 +0000] \"OPTIONS /chart/getTotalAmountOfRefundByUserId\" 204 ::1 - 0 - Response-time 0.137 ms\n","level":"info"}
{"message":"[21/Nov/2019:13:03:40 +0000] \"GET /chart/rFLineData\" 200 ::1 - 123 - Response-time 6.093 ms\n","level":"info"}
{"message":"[21/Nov/2019:13:03:40 +0000] \"GET /chart/vTLineData\" 200 ::1 - 135 - Response-time 5.944 ms\n","level":"info"}
{"message":"[21/Nov/2019:13:03:40 +0000] \"GET /chart/getVTSubmittedTimes\" 200 ::1 - 75 - Response-time 5.619 ms\n","level":"info"}
{"message":"[21/Nov/2019:13:03:40 +0000] \"GET /chart/getTotalAmountOfRefundByUserId\" 200 ::1 - 74 - Response-time 5.230 ms\n","level":"info"}
{"message":"[21/Nov/2019:13:07:19 +0000] \"OPTIONS /verifyToken\" 204 ::1 - 0 - Response-time 0.053 ms\n","level":"info"}
{"message":"[21/Nov/2019:13:07:19 +0000] \"GET /verifyToken\" 200 ::1 - 34 - Response-time 0.387 ms\n","level":"info"}
{"message":"[21/Nov/2019:13:07:20 +0000] \"OPTIONS /verifyToken\" 204 ::1 - 0 - Response-time 0.915 ms\n","level":"info"}
{"message":"[21/Nov/2019:13:07:20 +0000] \"GET /verifyToken\" 200 ::1 - 34 - Response-time 0.647 ms\n","level":"info"}
{"message":"[21/Nov/2019:13:07:42 +0000] \"OPTIONS /verifyToken\" 204 ::1 - 0 - Response-time 0.058 ms\n","level":"info"}
{"message":"[21/Nov/2019:13:07:43 +0000] \"OPTIONS /virtualTerminal/virtualList?limit=10\" 204 ::1 - 0 - Response-time 0.094 ms\n","level":"info"}
{"message":"[21/Nov/2019:13:07:43 +0000] \"GET /verifyToken\" 200 ::1 - 34 - Response-time 0.344 ms\n","level":"info"}
{"message":"[21/Nov/2019:13:07:43 +0000] \"OPTIONS /verifyToken\" 204 ::1 - 0 - Response-time 0.068 ms\n","level":"info"}
{"message":"[21/Nov/2019:13:07:43 +0000] \"GET /verifyToken\" 200 ::1 - 34 - Response-time 0.466 ms\n","level":"info"}
{"message":"[21/Nov/2019:13:07:44 +0000] \"OPTIONS /virtualTerminal/virtualList?limit=10\" 204 ::1 - 0 - Response-time 0.064 ms\n","level":"info"}
{"message":"[21/Nov/2019:13:07:44 +0000] \"GET /virtualTerminal/virtualList?limit=10\" 200 ::1 - 16682 - Response-time 3.609 ms\n","level":"info"}
{"message":"[21/Nov/2019:13:07:57 +0000] \"OPTIONS /verifyToken\" 204 ::1 - 0 - Response-time 0.088 ms\n","level":"info"}
{"message":"[21/Nov/2019:13:07:57 +0000] \"GET /verifyToken\" 200 ::1 - 34 - Response-time 0.326 ms\n","level":"info"}
{"message":"[21/Nov/2019:13:07:57 +0000] \"OPTIONS /virtualTerminal/virtualList?limit=10\" 204 ::1 - 0 - Response-time 0.063 ms\n","level":"info"}
{"message":"[21/Nov/2019:13:07:57 +0000] \"GET /virtualTerminal/virtualList?limit=10\" 200 ::1 - 16682 - Response-time 2.964 ms\n","level":"info"}
{"message":"[21/Nov/2019:13:09:40 +0000] \"OPTIONS /verifyToken\" 204 ::1 - 0 - Response-time 0.070 ms\n","level":"info"}
{"message":"[21/Nov/2019:13:09:40 +0000] \"OPTIONS /virtualTerminal/virtualList?limit=10\" 204 ::1 - 0 - Response-time 0.097 ms\n","level":"info"}
{"message":"[21/Nov/2019:13:09:40 +0000] \"GET /verifyToken\" 200 ::1 - 34 - Response-time 0.288 ms\n","level":"info"}
{"message":"[21/Nov/2019:13:09:40 +0000] \"GET /virtualTerminal/virtualList?limit=10\" 200 ::1 - 16682 - Response-time 3.330 ms\n","level":"info"}
{"message":"[21/Nov/2019:13:09:51 +0000] \"OPTIONS /verifyToken\" 204 ::1 - 0 - Response-time 0.086 ms\n","level":"info"}
{"message":"[21/Nov/2019:13:09:51 +0000] \"GET /verifyToken\" 200 ::1 - 34 - Response-time 0.384 ms\n","level":"info"}
{"message":"[21/Nov/2019:13:09:52 +0000] \"OPTIONS /virtualTerminal/virtualList?limit=10\" 204 ::1 - 0 - Response-time 0.090 ms\n","level":"info"}
{"message":"[21/Nov/2019:13:09:52 +0000] \"GET /virtualTerminal/virtualList?limit=10\" 200 ::1 - 16682 - Response-time 3.511 ms\n","level":"info"}
{"message":"[21/Nov/2019:13:10:46 +0000] \"OPTIONS /verifyToken\" 204 ::1 - 0 - Response-time 0.062 ms\n","level":"info"}
{"message":"[21/Nov/2019:13:10:46 +0000] \"OPTIONS /virtualTerminal/virtualList?limit=10\" 204 ::1 - 0 - Response-time 0.068 ms\n","level":"info"}
{"message":"[21/Nov/2019:13:10:46 +0000] \"GET /verifyToken\" 200 ::1 - 34 - Response-time 0.365 ms\n","level":"info"}
{"message":"[21/Nov/2019:13:10:46 +0000] \"GET /virtualTerminal/virtualList?limit=10\" 200 ::1 - 16682 - Response-time 2.688 ms\n","level":"info"}
{"message":"[21/Nov/2019:13:10:55 +0000] \"OPTIONS /verifyToken\" 204 ::1 - 0 - Response-time 0.071 ms\n","level":"info"}
{"message":"[21/Nov/2019:13:10:55 +0000] \"OPTIONS /virtualTerminal/virtualList?limit=10\" 204 ::1 - 0 - Response-time 0.079 ms\n","level":"info"}
{"message":"[21/Nov/2019:13:10:55 +0000] \"GET /verifyToken\" 200 ::1 - 34 - Response-time 0.278 ms\n","level":"info"}
{"message":"[21/Nov/2019:13:10:55 +0000] \"GET /virtualTerminal/virtualList?limit=10\" 200 ::1 - 16682 - Response-time 2.488 ms\n","level":"info"}
{"message":"[21/Nov/2019:13:10:59 +0000] \"OPTIONS /verifyToken\" 204 ::1 - 0 - Response-time 0.067 ms\n","level":"info"}
{"message":"[21/Nov/2019:13:11:00 +0000] \"OPTIONS /virtualTerminal/virtualList?limit=10\" 204 ::1 - 0 - Response-time 0.422 ms\n","level":"info"}
{"message":"[21/Nov/2019:13:11:00 +0000] \"GET /verifyToken\" 200 ::1 - 34 - Response-time 0.315 ms\n","level":"info"}
{"message":"[21/Nov/2019:13:11:00 +0000] \"GET /virtualTerminal/virtualList?limit=10\" 200 ::1 - 16682 - Response-time 2.465 ms\n","level":"info"}
{"message":"[21/Nov/2019:13:11:13 +0000] \"OPTIONS /verifyToken\" 204 ::1 - 0 - Response-time 0.057 ms\n","level":"info"}
{"message":"[21/Nov/2019:13:11:14 +0000] \"OPTIONS /virtualTerminal/virtualList?limit=10\" 204 ::1 - 0 - Response-time 0.084 ms\n","level":"info"}
{"message":"[21/Nov/2019:13:11:14 +0000] \"GET /verifyToken\" 200 ::1 - 34 - Response-time 0.271 ms\n","level":"info"}
{"message":"[21/Nov/2019:13:11:14 +0000] \"GET /virtualTerminal/virtualList?limit=10\" 200 ::1 - 16682 - Response-time 2.865 ms\n","level":"info"}
{"message":"[21/Nov/2019:13:11:28 +0000] \"OPTIONS /verifyToken\" 204 ::1 - 0 - Response-time 0.068 ms\n","level":"info"}
{"message":"[21/Nov/2019:13:11:28 +0000] \"OPTIONS /virtualTerminal/virtualList?limit=10\" 204 ::1 - 0 - Response-time 0.081 ms\n","level":"info"}
{"message":"[21/Nov/2019:13:11:28 +0000] \"GET /verifyToken\" 200 ::1 - 34 - Response-time 0.285 ms\n","level":"info"}
{"message":"[21/Nov/2019:13:11:28 +0000] \"GET /virtualTerminal/virtualList?limit=10\" 200 ::1 - 16682 - Response-time 3.419 ms\n","level":"info"}
{"message":"[21/Nov/2019:13:11:54 +0000] \"OPTIONS /verifyToken\" 204 ::1 - 0 - Response-time 0.060 ms\n","level":"info"}
{"message":"[21/Nov/2019:13:11:54 +0000] \"OPTIONS /virtualTerminal/virtualList?limit=10\" 204 ::1 - 0 - Response-time 0.065 ms\n","level":"info"}
{"message":"[21/Nov/2019:13:11:54 +0000] \"GET /verifyToken\" 200 ::1 - 34 - Response-time 0.280 ms\n","level":"info"}
{"message":"[21/Nov/2019:13:11:54 +0000] \"GET /virtualTerminal/virtualList?limit=10\" 200 ::1 - 16682 - Response-time 4.121 ms\n","level":"info"}
{"message":"[21/Nov/2019:13:12:00 +0000] \"OPTIONS /verifyToken\" 204 ::1 - 0 - Response-time 0.074 ms\n","level":"info"}
{"message":"[21/Nov/2019:13:12:00 +0000] \"GET /verifyToken\" 200 ::1 - 34 - Response-time 0.426 ms\n","level":"info"}
{"message":"[21/Nov/2019:13:12:01 +0000] \"OPTIONS /virtualTerminal/virtualList?limit=10\" 204 ::1 - 0 - Response-time 0.085 ms\n","level":"info"}
{"message":"[21/Nov/2019:13:12:01 +0000] \"GET /virtualTerminal/virtualList?limit=10\" 200 ::1 - 16682 - Response-time 2.250 ms\n","level":"info"}
{"message":"[21/Nov/2019:13:12:16 +0000] \"OPTIONS /verifyToken\" 204 ::1 - 0 - Response-time 0.060 ms\n","level":"info"}
{"message":"[21/Nov/2019:13:12:16 +0000] \"OPTIONS /virtualTerminal/virtualList?limit=10\" 204 ::1 - 0 - Response-time 0.071 ms\n","level":"info"}
{"message":"[21/Nov/2019:13:12:16 +0000] \"GET /verifyToken\" 200 ::1 - 34 - Response-time 0.277 ms\n","level":"info"}
{"message":"[21/Nov/2019:13:12:16 +0000] \"GET /virtualTerminal/virtualList?limit=10\" 200 ::1 - 16682 - Response-time 2.995 ms\n","level":"info"}
{"message":"[21/Nov/2019:13:13:48 +0000] \"OPTIONS /verifyToken\" 204 ::1 - 0 - Response-time 0.057 ms\n","level":"info"}
{"message":"[21/Nov/2019:13:13:48 +0000] \"OPTIONS /virtualTerminal/virtualList?limit=10\" 204 ::1 - 0 - Response-time 0.082 ms\n","level":"info"}
{"message":"[21/Nov/2019:13:13:48 +0000] \"GET /verifyToken\" 200 ::1 - 34 - Response-time 0.339 ms\n","level":"info"}
{"message":"[21/Nov/2019:13:13:48 +0000] \"GET /virtualTerminal/virtualList?limit=10\" 200 ::1 - 16682 - Response-time 2.467 ms\n","level":"info"}
{"message":"[21/Nov/2019:13:14:41 +0000] \"OPTIONS /verifyToken\" 204 ::1 - 0 - Response-time 0.348 ms\n","level":"info"}
{"message":"[21/Nov/2019:13:14:41 +0000] \"OPTIONS /virtualTerminal/virtualList?limit=10\" 204 ::1 - 0 - Response-time 0.097 ms\n","level":"info"}
{"message":"[21/Nov/2019:13:14:41 +0000] \"GET /verifyToken\" 200 ::1 - 34 - Response-time 0.355 ms\n","level":"info"}
{"message":"[21/Nov/2019:13:14:41 +0000] \"GET /virtualTerminal/virtualList?limit=10\" 200 ::1 - 16682 - Response-time 3.012 ms\n","level":"info"}
{"message":"[21/Nov/2019:13:15:33 +0000] \"OPTIONS /verifyToken\" 204 ::1 - 0 - Response-time 0.055 ms\n","level":"info"}
{"message":"[21/Nov/2019:13:15:33 +0000] \"OPTIONS /virtualTerminal/virtualList?limit=10\" 204 ::1 - 0 - Response-time 0.062 ms\n","level":"info"}
{"message":"[21/Nov/2019:13:15:33 +0000] \"GET /verifyToken\" 200 ::1 - 34 - Response-time 0.388 ms\n","level":"info"}
{"message":"[21/Nov/2019:13:15:33 +0000] \"GET /virtualTerminal/virtualList?limit=10\" 200 ::1 - 16682 - Response-time 2.280 ms\n","level":"info"}
{"message":"[21/Nov/2019:13:16:13 +0000] \"OPTIONS /verifyToken\" 204 ::1 - 0 - Response-time 0.058 ms\n","level":"info"}
{"message":"[21/Nov/2019:13:16:13 +0000] \"OPTIONS /virtualTerminal/virtualList?limit=10\" 204 ::1 - 0 - Response-time 0.076 ms\n","level":"info"}
{"message":"[21/Nov/2019:13:16:13 +0000] \"GET /verifyToken\" 200 ::1 - 34 - Response-time 0.282 ms\n","level":"info"}
{"message":"[21/Nov/2019:13:16:13 +0000] \"GET /virtualTerminal/virtualList?limit=10\" 200 ::1 - 16682 - Response-time 2.277 ms\n","level":"info"}
{"message":"[21/Nov/2019:13:16:31 +0000] \"OPTIONS /verifyToken\" 204 ::1 - 0 - Response-time 0.058 ms\n","level":"info"}
{"message":"[21/Nov/2019:13:16:31 +0000] \"OPTIONS /virtualTerminal/virtualList?limit=10\" 204 ::1 - 0 - Response-time 0.066 ms\n","level":"info"}
{"message":"[21/Nov/2019:13:16:31 +0000] \"GET /verifyToken\" 200 ::1 - 34 - Response-time 0.309 ms\n","level":"info"}
{"message":"[21/Nov/2019:13:16:31 +0000] \"GET /virtualTerminal/virtualList?limit=10\" 200 ::1 - 16682 - Response-time 2.460 ms\n","level":"info"}
{"message":"[21/Nov/2019:13:16:36 +0000] \"OPTIONS /verifyToken\" 204 ::1 - 0 - Response-time 0.088 ms\n","level":"info"}
{"message":"[21/Nov/2019:13:16:36 +0000] \"GET /verifyToken\" 200 ::1 - 34 - Response-time 0.477 ms\n","level":"info"}
{"message":"[21/Nov/2019:13:16:36 +0000] \"OPTIONS /virtualTerminal/virtualList?limit=10\" 204 ::1 - 0 - Response-time 0.086 ms\n","level":"info"}
{"message":"[21/Nov/2019:13:16:37 +0000] \"GET /virtualTerminal/virtualList?limit=10\" 200 ::1 - 16682 - Response-time 3.206 ms\n","level":"info"}
{"message":"[21/Nov/2019:13:16:47 +0000] \"OPTIONS /verifyToken\" 204 ::1 - 0 - Response-time 0.062 ms\n","level":"info"}
{"message":"[21/Nov/2019:13:16:47 +0000] \"OPTIONS /virtualTerminal/virtualList?limit=10\" 204 ::1 - 0 - Response-time 0.062 ms\n","level":"info"}
{"message":"[21/Nov/2019:13:16:47 +0000] \"GET /verifyToken\" 200 ::1 - 34 - Response-time 0.307 ms\n","level":"info"}
{"message":"[21/Nov/2019:13:16:47 +0000] \"GET /virtualTerminal/virtualList?limit=10\" 200 ::1 - 16682 - Response-time 3.714 ms\n","level":"info"}
{"message":"[21/Nov/2019:13:17:03 +0000] \"OPTIONS /verifyToken\" 204 ::1 - 0 - Response-time 0.101 ms\n","level":"info"}
{"message":"[21/Nov/2019:13:17:03 +0000] \"OPTIONS /virtualTerminal/virtualList?limit=10\" 204 ::1 - 0 - Response-time 0.062 ms\n","level":"info"}
{"message":"[21/Nov/2019:13:17:03 +0000] \"GET /verifyToken\" 200 ::1 - 34 - Response-time 0.922 ms\n","level":"info"}
{"message":"[21/Nov/2019:13:17:03 +0000] \"GET /virtualTerminal/virtualList?limit=10\" 200 ::1 - 16682 - Response-time 2.948 ms\n","level":"info"}
{"message":"[21/Nov/2019:13:17:33 +0000] \"OPTIONS /verifyToken\" 204 ::1 - 0 - Response-time 0.057 ms\n","level":"info"}
{"message":"[21/Nov/2019:13:17:33 +0000] \"OPTIONS /virtualTerminal/virtualList?limit=10\" 204 ::1 - 0 - Response-time 0.078 ms\n","level":"info"}
{"message":"[21/Nov/2019:13:17:33 +0000] \"GET /verifyToken\" 200 ::1 - 34 - Response-time 0.323 ms\n","level":"info"}
{"message":"[21/Nov/2019:13:17:33 +0000] \"GET /virtualTerminal/virtualList?limit=10\" 200 ::1 - 16682 - Response-time 2.505 ms\n","level":"info"}
{"message":"[21/Nov/2019:13:18:03 +0000] \"OPTIONS /verifyToken\" 204 ::1 - 0 - Response-time 0.059 ms\n","level":"info"}
{"message":"[21/Nov/2019:13:18:03 +0000] \"OPTIONS /virtualTerminal/virtualList?limit=10\" 204 ::1 - 0 - Response-time 0.060 ms\n","level":"info"}
{"message":"[21/Nov/2019:13:18:03 +0000] \"GET /verifyToken\" 200 ::1 - 34 - Response-time 0.285 ms\n","level":"info"}
{"message":"[21/Nov/2019:13:18:03 +0000] \"GET /virtualTerminal/virtualList?limit=10\" 200 ::1 - 16682 - Response-time 3.119 ms\n","level":"info"}
{"message":"[21/Nov/2019:13:18:10 +0000] \"OPTIONS /verifyToken\" 204 ::1 - 0 - Response-time 0.058 ms\n","level":"info"}
{"message":"[21/Nov/2019:13:18:10 +0000] \"OPTIONS /virtualTerminal/virtualList?limit=10\" 204 ::1 - 0 - Response-time 0.102 ms\n","level":"info"}
{"message":"[21/Nov/2019:13:18:10 +0000] \"GET /verifyToken\" 200 ::1 - 34 - Response-time 0.310 ms\n","level":"info"}
{"message":"[21/Nov/2019:13:18:10 +0000] \"GET /virtualTerminal/virtualList?limit=10\" 200 ::1 - 16682 - Response-time 2.451 ms\n","level":"info"}
{"message":"[21/Nov/2019:13:18:56 +0000] \"OPTIONS /verifyToken\" 204 ::1 - 0 - Response-time 0.065 ms\n","level":"info"}
{"message":"[21/Nov/2019:13:18:56 +0000] \"OPTIONS /virtualTerminal/virtualList?limit=10\" 204 ::1 - 0 - Response-time 0.060 ms\n","level":"info"}
{"message":"[21/Nov/2019:13:18:56 +0000] \"GET /verifyToken\" 200 ::1 - 34 - Response-time 0.619 ms\n","level":"info"}
{"message":"[21/Nov/2019:13:18:56 +0000] \"GET /virtualTerminal/virtualList?limit=10\" 200 ::1 - 16682 - Response-time 2.679 ms\n","level":"info"}
{"message":"[21/Nov/2019:13:19:23 +0000] \"OPTIONS /verifyToken\" 204 ::1 - 0 - Response-time 0.061 ms\n","level":"info"}
{"message":"[21/Nov/2019:13:19:23 +0000] \"OPTIONS /virtualTerminal/virtualList?limit=10\" 204 ::1 - 0 - Response-time 0.071 ms\n","level":"info"}
{"message":"[21/Nov/2019:13:19:23 +0000] \"GET /verifyToken\" 200 ::1 - 34 - Response-time 0.463 ms\n","level":"info"}
{"message":"[21/Nov/2019:13:19:23 +0000] \"GET /virtualTerminal/virtualList?limit=10\" 200 ::1 - 16682 - Response-time 2.615 ms\n","level":"info"}
{"message":"[21/Nov/2019:13:19:38 +0000] \"OPTIONS /verifyToken\" 204 ::1 - 0 - Response-time 0.059 ms\n","level":"info"}
{"message":"[21/Nov/2019:13:19:38 +0000] \"OPTIONS /virtualTerminal/virtualList?limit=10\" 204 ::1 - 0 - Response-time 0.077 ms\n","level":"info"}
{"message":"[21/Nov/2019:13:19:38 +0000] \"GET /verifyToken\" 200 ::1 - 34 - Response-time 0.318 ms\n","level":"info"}
{"message":"[21/Nov/2019:13:19:38 +0000] \"GET /virtualTerminal/virtualList?limit=10\" 200 ::1 - 16682 - Response-time 3.282 ms\n","level":"info"}
{"message":"[21/Nov/2019:13:20:08 +0000] \"OPTIONS /verifyToken\" 204 ::1 - 0 - Response-time 0.087 ms\n","level":"info"}
{"message":"[21/Nov/2019:13:20:08 +0000] \"GET /verifyToken\" 200 ::1 - 34 - Response-time 0.411 ms\n","level":"info"}
{"message":"[21/Nov/2019:13:20:08 +0000] \"OPTIONS /virtualTerminal/virtualList?limit=10\" 204 ::1 - 0 - Response-time 0.063 ms\n","level":"info"}
{"message":"[21/Nov/2019:13:20:08 +0000] \"GET /virtualTerminal/virtualList?limit=10\" 200 ::1 - 16682 - Response-time 3.345 ms\n","level":"info"}
{"message":"[21/Nov/2019:13:20:17 +0000] \"OPTIONS /verifyToken\" 204 ::1 - 0 - Response-time 0.089 ms\n","level":"info"}
{"message":"[21/Nov/2019:13:20:17 +0000] \"GET /verifyToken\" 200 ::1 - 34 - Response-time 0.479 ms\n","level":"info"}
{"message":"[21/Nov/2019:13:20:18 +0000] \"OPTIONS /virtualTerminal/virtualList?limit=10\" 204 ::1 - 0 - Response-time 0.079 ms\n","level":"info"}
{"message":"[21/Nov/2019:13:20:18 +0000] \"GET /virtualTerminal/virtualList?limit=10\" 200 ::1 - 16682 - Response-time 2.795 ms\n","level":"info"}
{"message":"[21/Nov/2019:13:21:25 +0000] \"OPTIONS /verifyToken\" 204 ::1 - 0 - Response-time 0.148 ms\n","level":"info"}
{"message":"[21/Nov/2019:13:21:25 +0000] \"GET /verifyToken\" 200 ::1 - 34 - Response-time 0.480 ms\n","level":"info"}
{"message":"[21/Nov/2019:13:21:28 +0000] \"OPTIONS /verifyToken\" 204 ::1 - 0 - Response-time 0.077 ms\n","level":"info"}
{"message":"[21/Nov/2019:13:21:28 +0000] \"GET /verifyToken\" 200 ::1 - 34 - Response-time 0.389 ms\n","level":"info"}
{"message":"[21/Nov/2019:13:21:29 +0000] \"OPTIONS /virtualTerminal/virtualList?limit=10\" 204 ::1 - 0 - Response-time 0.094 ms\n","level":"info"}
{"message":"[21/Nov/2019:13:21:29 +0000] \"GET /virtualTerminal/virtualList?limit=10\" 200 ::1 - 16682 - Response-time 3.182 ms\n","level":"info"}
{"message":"[21/Nov/2019:13:28:18 +0000] \"OPTIONS /users/getUserById\" 204 ::1 - 0 - Response-time 1.658 ms\n","level":"info"}
{"message":"[21/Nov/2019:13:28:20 +0000] \"POST /users/getUserById\" 200 ::1 - 1177 - Response-time 1902.995 ms\n","level":"info"}
{"message":"[21/Nov/2019:13:28:20 +0000] \"OPTIONS /users/getUser\" 204 ::1 - 0 - Response-time 0.162 ms\n","level":"info"}
{"message":"[21/Nov/2019:13:28:20 +0000] \"POST /users/getUser\" 200 ::1 - 1036 - Response-time 17.622 ms\n","level":"info"}
{"message":"[21/Nov/2019:13:28:20 +0000] \"OPTIONS /verifyToken\" 204 ::1 - 0 - Response-time 0.116 ms\n","level":"info"}
{"message":"[21/Nov/2019:13:28:20 +0000] \"GET /verifyToken\" 200 ::1 - 34 - Response-time 2.478 ms\n","level":"info"}
{"message":"[21/Nov/2019:13:28:21 +0000] \"OPTIONS /chart/vTLineData\" 204 ::1 - 0 - Response-time 0.137 ms\n","level":"info"}
{"message":"[21/Nov/2019:13:28:21 +0000] \"OPTIONS /chart/rFLineData\" 204 ::1 - 0 - Response-time 0.113 ms\n","level":"info"}
{"message":"[21/Nov/2019:13:28:21 +0000] \"OPTIONS /chart/getVTSubmittedTimes\" 204 ::1 - 0 - Response-time 0.130 ms\n","level":"info"}
{"message":"[21/Nov/2019:13:28:21 +0000] \"OPTIONS /chart/getTotalAmountOfRefundByUserId\" 204 ::1 - 0 - Response-time 0.095 ms\n","level":"info"}
{"message":"[21/Nov/2019:13:28:21 +0000] \"GET /chart/vTLineData\" 200 ::1 - 135 - Response-time 7.869 ms\n","level":"info"}
{"message":"[21/Nov/2019:13:28:21 +0000] \"GET /chart/rFLineData\" 200 ::1 - 123 - Response-time 7.654 ms\n","level":"info"}
{"message":"[21/Nov/2019:13:28:21 +0000] \"GET /chart/getVTSubmittedTimes\" 200 ::1 - 75 - Response-time 11.659 ms\n","level":"info"}
{"message":"[21/Nov/2019:13:28:21 +0000] \"GET /chart/getTotalAmountOfRefundByUserId\" 200 ::1 - 74 - Response-time 9.933 ms\n","level":"info"}
{"message":"[21/Nov/2019:13:28:30 +0000] \"OPTIONS /virtualTerminal/virtualList?limit=10\" 204 ::1 - 0 - Response-time 0.070 ms\n","level":"info"}
{"message":"[21/Nov/2019:13:28:30 +0000] \"GET /virtualTerminal/virtualList?limit=10\" 200 ::1 - 16682 - Response-time 10.605 ms\n","level":"info"}
{"message":"[21/Nov/2019:13:28:34 +0000] \"OPTIONS /verifyToken\" 204 ::1 - 0 - Response-time 0.112 ms\n","level":"info"}
{"message":"[21/Nov/2019:13:28:34 +0000] \"GET /verifyToken\" 200 ::1 - 34 - Response-time 3.655 ms\n","level":"info"}
{"message":"[21/Nov/2019:13:28:34 +0000] \"OPTIONS /virtualTerminal/virtualList?limit=10\" 204 ::1 - 0 - Response-time 0.103 ms\n","level":"info"}
{"message":"[21/Nov/2019:13:28:34 +0000] \"GET /virtualTerminal/virtualList?limit=10\" 200 ::1 - 16682 - Response-time 4.999 ms\n","level":"info"}
{"message":"[21/Nov/2019:13:31:50 +0000] \"OPTIONS /verifyToken\" 204 ::1 - 0 - Response-time 0.121 ms\n","level":"info"}
{"message":"[21/Nov/2019:13:31:50 +0000] \"OPTIONS /virtualTerminal/virtualList?limit=10\" 204 ::1 - 0 - Response-time 0.068 ms\n","level":"info"}
{"message":"[21/Nov/2019:13:32:04 +0000] \"OPTIONS /verifyToken\" 204 ::1 - 0 - Response-time 0.085 ms\n","level":"info"}
{"message":"[21/Nov/2019:13:32:04 +0000] \"GET /verifyToken\" 200 ::1 - 34 - Response-time 0.414 ms\n","level":"info"}
{"message":"[21/Nov/2019:13:33:01 +0000] \"OPTIONS /verifyToken\" 204 ::1 - 0 - Response-time 0.096 ms\n","level":"info"}
{"message":"[21/Nov/2019:13:34:03 +0000] \"OPTIONS /verifyToken\" 204 ::1 - 0 - Response-time 0.062 ms\n","level":"info"}
{"message":"[21/Nov/2019:13:34:03 +0000] \"GET /verifyToken\" 304 ::1 - - - Response-time 0.499 ms\n","level":"info"}
{"message":"[21/Nov/2019:13:34:13 +0000] \"OPTIONS /chart/vTLineData\" 204 ::1 - 0 - Response-time 0.124 ms\n","level":"info"}
{"message":"[21/Nov/2019:13:34:13 +0000] \"OPTIONS /chart/rFLineData\" 204 ::1 - 0 - Response-time 0.107 ms\n","level":"info"}
{"message":"[21/Nov/2019:13:34:13 +0000] \"OPTIONS /chart/getVTSubmittedTimes\" 204 ::1 - 0 - Response-time 0.113 ms\n","level":"info"}
{"message":"[21/Nov/2019:13:34:13 +0000] \"OPTIONS /chart/getTotalAmountOfRefundByUserId\" 204 ::1 - 0 - Response-time 0.130 ms\n","level":"info"}
{"message":"[21/Nov/2019:13:34:13 +0000] \"GET /chart/vTLineData\" 200 ::1 - 135 - Response-time 2.432 ms\n","level":"info"}
{"message":"[21/Nov/2019:13:34:13 +0000] \"GET /chart/rFLineData\" 200 ::1 - 123 - Response-time 3.224 ms\n","level":"info"}
{"message":"[21/Nov/2019:13:34:13 +0000] \"GET /chart/getVTSubmittedTimes\" 200 ::1 - 75 - Response-time 1.932 ms\n","level":"info"}
{"message":"[21/Nov/2019:13:34:13 +0000] \"GET /chart/getTotalAmountOfRefundByUserId\" 200 ::1 - 74 - Response-time 1.472 ms\n","level":"info"}
{"message":"[21/Nov/2019:20:36:35 +0000] \"OPTIONS /users/getUserById\" 204 ::1 - 0 - Response-time 1.521 ms\n","level":"info"}
{"message":"[21/Nov/2019:20:36:37 +0000] \"POST /users/getUserById\" 200 ::1 - 1177 - Response-time 1979.091 ms\n","level":"info"}
{"message":"[21/Nov/2019:20:36:37 +0000] \"OPTIONS /users/getUser\" 204 ::1 - 0 - Response-time 0.158 ms\n","level":"info"}
{"message":"[21/Nov/2019:20:36:37 +0000] \"POST /users/getUser\" 200 ::1 - 1036 - Response-time 22.361 ms\n","level":"info"}
{"message":"[21/Nov/2019:20:36:37 +0000] \"OPTIONS /verifyToken\" 204 ::1 - 0 - Response-time 0.077 ms\n","level":"info"}
{"message":"[21/Nov/2019:20:36:37 +0000] \"GET /verifyToken\" 304 ::1 - - - Response-time 2.532 ms\n","level":"info"}
{"message":"[21/Nov/2019:20:36:37 +0000] \"OPTIONS /chart/vTLineData\" 204 ::1 - 0 - Response-time 0.110 ms\n","level":"info"}
{"message":"[21/Nov/2019:20:36:37 +0000] \"OPTIONS /chart/getVTSubmittedTimes\" 204 ::1 - 0 - Response-time 0.125 ms\n","level":"info"}
{"message":"[21/Nov/2019:20:36:37 +0000] \"OPTIONS /chart/rFLineData\" 204 ::1 - 0 - Response-time 0.088 ms\n","level":"info"}
{"message":"[21/Nov/2019:20:36:37 +0000] \"OPTIONS /chart/getTotalAmountOfRefundByUserId\" 204 ::1 - 0 - Response-time 0.062 ms\n","level":"info"}
{"message":"[21/Nov/2019:20:36:37 +0000] \"GET /chart/vTLineData\" 304 ::1 - - - Response-time 14.974 ms\n","level":"info"}
{"message":"[21/Nov/2019:20:36:37 +0000] \"GET /chart/getVTSubmittedTimes\" 304 ::1 - - - Response-time 12.143 ms\n","level":"info"}
{"message":"[21/Nov/2019:20:36:37 +0000] \"GET /chart/rFLineData\" 304 ::1 - - - Response-time 14.559 ms\n","level":"info"}
{"message":"[21/Nov/2019:20:36:37 +0000] \"GET /chart/getTotalAmountOfRefundByUserId\" 304 ::1 - - - Response-time 12.062 ms\n","level":"info"}
{"message":"[21/Nov/2019:20:36:45 +0000] \"OPTIONS /virtualTerminal/virtualList\" 204 ::1 - 0 - Response-time 0.057 ms\n","level":"info"}
{"message":"[21/Nov/2019:20:36:45 +0000] \"GET /virtualTerminal/virtualList\" 304 ::1 - - - Response-time 5.797 ms\n","level":"info"}
{"message":"[21/Nov/2019:20:36:58 +0000] \"OPTIONS /foundingSources?userId=5dbab4b7e863d942c137dd52\" 204 ::1 - 0 - Response-time 0.788 ms\n","level":"info"}
{"message":"[21/Nov/2019:20:36:58 +0000] \"GET /foundingSources?userId=5dbab4b7e863d942c137dd52\" 200 ::1 - 1127 - Response-time 5.153 ms\n","level":"info"}
{"message":"[21/Nov/2019:20:36:59 +0000] \"OPTIONS /chart/vTLineData\" 204 ::1 - 0 - Response-time 0.089 ms\n","level":"info"}
{"message":"[21/Nov/2019:20:36:59 +0000] \"OPTIONS /chart/rFLineData\" 204 ::1 - 0 - Response-time 0.064 ms\n","level":"info"}
{"message":"[21/Nov/2019:20:36:59 +0000] \"OPTIONS /chart/getVTSubmittedTimes\" 204 ::1 - 0 - Response-time 0.057 ms\n","level":"info"}
{"message":"[21/Nov/2019:20:36:59 +0000] \"OPTIONS /chart/getTotalAmountOfRefundByUserId\" 204 ::1 - 0 - Response-time 0.058 ms\n","level":"info"}
{"message":"[21/Nov/2019:20:36:59 +0000] \"GET /chart/vTLineData\" 304 ::1 - - - Response-time 2.309 ms\n","level":"info"}
{"message":"[21/Nov/2019:20:36:59 +0000] \"GET /chart/rFLineData\" 304 ::1 - - - Response-time 2.593 ms\n","level":"info"}
{"message":"[21/Nov/2019:20:36:59 +0000] \"GET /chart/getVTSubmittedTimes\" 304 ::1 - - - Response-time 1.679 ms\n","level":"info"}
{"message":"[21/Nov/2019:20:36:59 +0000] \"GET /chart/getTotalAmountOfRefundByUserId\" 304 ::1 - - - Response-time 1.268 ms\n","level":"info"}
{"message":"[21/Nov/2019:20:37:06 +0000] \"OPTIONS /nacha/getData?id=5dbab4b7e863d942c137dd52\" 204 ::1 - 0 - Response-time 0.077 ms\n","level":"info"}
{"message":"[21/Nov/2019:20:37:06 +0000] \"GET /nacha/getData?id=5dbab4b7e863d942c137dd52\" 200 ::1 - 80 - Response-time 12.140 ms\n","level":"info"}
{"message":"[21/Nov/2019:20:37:14 +0000] \"OPTIONS /virtualTerminal/virtualList\" 204 ::1 - 0 - Response-time 0.067 ms\n","level":"info"}
{"message":"[21/Nov/2019:20:37:14 +0000] \"GET /virtualTerminal/virtualList\" 304 ::1 - - - Response-time 7.399 ms\n","level":"info"}
{"message":"[21/Nov/2019:20:37:17 +0000] \"OPTIONS /transacLedger/calculateAvailableBlnc\" 204 ::1 - 0 - Response-time 0.074 ms\n","level":"info"}
{"message":"[21/Nov/2019:20:37:17 +0000] \"GET /transacLedger/calculateAvailableBlnc\" 200 ::1 - 21839 - Response-time 5.343 ms\n","level":"info"}
{"message":"[21/Nov/2019:20:37:20 +0000] \"OPTIONS /virtualTerminal/virtualList\" 204 ::1 - 0 - Response-time 0.071 ms\n","level":"info"}
{"message":"[21/Nov/2019:20:37:20 +0000] \"GET /virtualTerminal/virtualList\" 304 ::1 - - - Response-time 3.087 ms\n","level":"info"}
{"message":"[21/Nov/2019:20:42:21 +0000] \"OPTIONS /virtualTerminal/virtualList\" 204 ::1 - 0 - Response-time 0.069 ms\n","level":"info"}
{"message":"[21/Nov/2019:20:42:21 +0000] \"GET /virtualTerminal/virtualList\" 304 ::1 - - - Response-time 3.835 ms\n","level":"info"}
{"message":"[21/Nov/2019:20:45:38 +0000] \"OPTIONS /verifyToken\" 204 ::1 - 0 - Response-time 0.104 ms\n","level":"info"}
{"message":"[21/Nov/2019:20:45:39 +0000] \"OPTIONS /virtualTerminal/virtualList\" 204 ::1 - 0 - Response-time 0.069 ms\n","level":"info"}
{"message":"[21/Nov/2019:20:45:39 +0000] \"GET /verifyToken\" 304 ::1 - - - Response-time 0.308 ms\n","level":"info"}
{"message":"[21/Nov/2019:20:45:39 +0000] \"GET /virtualTerminal/virtualList\" 304 ::1 - - - Response-time 2.586 ms\n","level":"info"}
{"message":"[21/Nov/2019:20:45:59 +0000] \"OPTIONS /verifyToken\" 204 ::1 - 0 - Response-time 0.071 ms\n","level":"info"}
{"message":"[21/Nov/2019:20:45:59 +0000] \"OPTIONS /virtualTerminal/virtualList\" 204 ::1 - 0 - Response-time 0.077 ms\n","level":"info"}
{"message":"[21/Nov/2019:20:45:59 +0000] \"GET /verifyToken\" 304 ::1 - - - Response-time 0.333 ms\n","level":"info"}
{"message":"[21/Nov/2019:20:45:59 +0000] \"GET /virtualTerminal/virtualList\" 304 ::1 - - - Response-time 2.852 ms\n","level":"info"}
{"message":"[21/Nov/2019:20:46:07 +0000] \"OPTIONS /verifyToken\" 204 ::1 - 0 - Response-time 0.078 ms\n","level":"info"}
{"message":"[21/Nov/2019:20:46:07 +0000] \"OPTIONS /virtualTerminal/virtualList\" 204 ::1 - 0 - Response-time 0.086 ms\n","level":"info"}
{"message":"[21/Nov/2019:20:46:07 +0000] \"GET /verifyToken\" 304 ::1 - - - Response-time 0.389 ms\n","level":"info"}
{"message":"[21/Nov/2019:20:46:07 +0000] \"GET /virtualTerminal/virtualList\" 304 ::1 - - - Response-time 2.845 ms\n","level":"info"}
{"message":"[21/Nov/2019:20:46:27 +0000] \"OPTIONS /verifyToken\" 204 ::1 - 0 - Response-time 0.073 ms\n","level":"info"}
{"message":"[21/Nov/2019:20:46:27 +0000] \"OPTIONS /virtualTerminal/virtualList\" 204 ::1 - 0 - Response-time 0.071 ms\n","level":"info"}
{"message":"[21/Nov/2019:20:46:27 +0000] \"GET /verifyToken\" 304 ::1 - - - Response-time 0.291 ms\n","level":"info"}
{"message":"[21/Nov/2019:20:46:27 +0000] \"GET /virtualTerminal/virtualList\" 304 ::1 - - - Response-time 3.742 ms\n","level":"info"}
{"message":"[21/Nov/2019:20:46:48 +0000] \"OPTIONS /verifyToken\" 204 ::1 - 0 - Response-time 0.065 ms\n","level":"info"}
{"message":"[21/Nov/2019:20:46:48 +0000] \"OPTIONS /virtualTerminal/virtualList\" 204 ::1 - 0 - Response-time 0.070 ms\n","level":"info"}
{"message":"[21/Nov/2019:20:46:48 +0000] \"GET /verifyToken\" 304 ::1 - - - Response-time 0.333 ms\n","level":"info"}
{"message":"[21/Nov/2019:20:46:48 +0000] \"GET /virtualTerminal/virtualList\" 304 ::1 - - - Response-time 2.942 ms\n","level":"info"}
{"message":"[21/Nov/2019:20:46:54 +0000] \"OPTIONS /verifyToken\" 204 ::1 - 0 - Response-time 0.078 ms\n","level":"info"}
{"message":"[21/Nov/2019:20:46:55 +0000] \"OPTIONS /virtualTerminal/virtualList\" 204 ::1 - 0 - Response-time 0.084 ms\n","level":"info"}
{"message":"[21/Nov/2019:20:46:55 +0000] \"GET /verifyToken\" 304 ::1 - - - Response-time 0.358 ms\n","level":"info"}
{"message":"[21/Nov/2019:20:46:55 +0000] \"GET /virtualTerminal/virtualList\" 304 ::1 - - - Response-time 3.540 ms\n","level":"info"}
{"message":"[21/Nov/2019:20:47:03 +0000] \"OPTIONS /refund/refundInitialAmount\" 204 ::1 - 0 - Response-time 0.074 ms\n","level":"info"}
{"message":"[21/Nov/2019:20:47:05 +0000] \"POST /refund/refundInitialAmount\" 200 ::1 - 652 - Response-time 1473.385 ms\n","level":"info"}
{"message":"[21/Nov/2019:20:47:05 +0000] \"OPTIONS /virtualTerminal/virtualList\" 204 ::1 - 0 - Response-time 0.399 ms\n","level":"info"}
{"message":"[21/Nov/2019:20:47:05 +0000] \"GET /virtualTerminal/virtualList\" 200 ::1 - 20023 - Response-time 2.885 ms\n","level":"info"}
{"message":"[21/Nov/2019:20:48:17 +0000] \"OPTIONS /verifyToken\" 204 ::1 - 0 - Response-time 0.069 ms\n","level":"info"}
{"message":"[21/Nov/2019:20:48:17 +0000] \"OPTIONS /virtualTerminal/virtualList\" 204 ::1 - 0 - Response-time 0.066 ms\n","level":"info"}
{"message":"[21/Nov/2019:20:48:17 +0000] \"GET /verifyToken\" 304 ::1 - - - Response-time 0.347 ms\n","level":"info"}
{"message":"[21/Nov/2019:20:48:17 +0000] \"GET /virtualTerminal/virtualList\" 304 ::1 - - - Response-time 4.044 ms\n","level":"info"}
{"message":"[21/Nov/2019:20:48:55 +0000] \"OPTIONS /verifyToken\" 204 ::1 - 0 - Response-time 0.078 ms\n","level":"info"}
{"message":"[21/Nov/2019:20:48:55 +0000] \"OPTIONS /virtualTerminal/virtualList\" 204 ::1 - 0 - Response-time 0.131 ms\n","level":"info"}
{"message":"[21/Nov/2019:20:48:55 +0000] \"GET /verifyToken\" 200 ::1 - 34 - Response-time 0.574 ms\n","level":"info"}
{"message":"[21/Nov/2019:20:48:55 +0000] \"GET /virtualTerminal/virtualList\" 200 ::1 - 20023 - Response-time 4.412 ms\n","level":"info"}
{"message":"[21/Nov/2019:20:49:00 +0000] \"OPTIONS /virtualTerminal/5dcdc8325a520782024eee51\" 204 ::1 - 0 - Response-time 0.071 ms\n","level":"info"}
{"message":"[21/Nov/2019:20:49:00 +0000] \"GET /virtualTerminal/5dcdc8325a520782024eee51\" 200 ::1 - 1738 - Response-time 4.713 ms\n","level":"info"}
{"message":"[21/Nov/2019:20:49:29 +0000] \"OPTIONS /verifyToken\" 204 ::1 - 0 - Response-time 0.066 ms\n","level":"info"}
{"message":"[21/Nov/2019:20:49:30 +0000] \"OPTIONS /virtualTerminal/virtualList\" 204 ::1 - 0 - Response-time 0.120 ms\n","level":"info"}
{"message":"[21/Nov/2019:20:49:30 +0000] \"GET /verifyToken\" 304 ::1 - - - Response-time 0.369 ms\n","level":"info"}
{"message":"[21/Nov/2019:20:49:30 +0000] \"GET /virtualTerminal/virtualList\" 304 ::1 - - - Response-time 2.349 ms\n","level":"info"}
{"message":"[21/Nov/2019:20:51:05 +0000] \"OPTIONS /virtualTerminal/5dcdc8325a520782024eee51\" 204 ::1 - 0 - Response-time 0.088 ms\n","level":"info"}
{"message":"[21/Nov/2019:20:51:05 +0000] \"GET /virtualTerminal/5dcdc8325a520782024eee51\" 304 ::1 - - - Response-time 1.530 ms\n","level":"info"}
{"message":"[21/Nov/2019:20:52:21 +0000] \"OPTIONS /verifyToken\" 204 ::1 - 0 - Response-time 0.075 ms\n","level":"info"}
{"message":"[21/Nov/2019:20:52:22 +0000] \"OPTIONS /virtualTerminal/virtualList\" 204 ::1 - 0 - Response-time 0.076 ms\n","level":"info"}
{"message":"[21/Nov/2019:20:52:22 +0000] \"GET /verifyToken\" 304 ::1 - - - Response-time 0.325 ms\n","level":"info"}
{"message":"[21/Nov/2019:20:52:22 +0000] \"GET /virtualTerminal/virtualList\" 304 ::1 - - - Response-time 2.869 ms\n","level":"info"}
{"message":"[21/Nov/2019:20:54:24 +0000] \"OPTIONS /verifyToken\" 204 ::1 - 0 - Response-time 0.063 ms\n","level":"info"}
{"message":"[21/Nov/2019:20:54:24 +0000] \"OPTIONS /virtualTerminal/virtualList\" 204 ::1 - 0 - Response-time 0.107 ms\n","level":"info"}
{"message":"[21/Nov/2019:20:54:24 +0000] \"GET /verifyToken\" 200 ::1 - 34 - Response-time 1.018 ms\n","level":"info"}
{"message":"[21/Nov/2019:20:54:24 +0000] \"GET /virtualTerminal/virtualList\" 200 ::1 - 20023 - Response-time 4.680 ms\n","level":"info"}
{"message":"[21/Nov/2019:20:55:49 +0000] \"OPTIONS /verifyToken\" 204 ::1 - 0 - Response-time 0.063 ms\n","level":"info"}
{"message":"[21/Nov/2019:20:55:50 +0000] \"OPTIONS /virtualTerminal/virtualList\" 204 ::1 - 0 - Response-time 0.087 ms\n","level":"info"}
{"message":"[21/Nov/2019:20:55:50 +0000] \"GET /verifyToken\" 200 ::1 - 34 - Response-time 0.386 ms\n","level":"info"}
{"message":"[21/Nov/2019:20:55:50 +0000] \"GET /virtualTerminal/virtualList\" 200 ::1 - 20023 - Response-time 7.528 ms\n","level":"info"}
{"message":"[21/Nov/2019:20:59:51 +0000] \"OPTIONS /verifyToken\" 204 ::1 - 0 - Response-time 0.086 ms\n","level":"info"}
{"message":"[21/Nov/2019:20:59:51 +0000] \"GET /verifyToken\" 200 ::1 - 34 - Response-time 0.472 ms\n","level":"info"}
{"message":"[21/Nov/2019:20:59:52 +0000] \"OPTIONS /virtualTerminal/virtualList\" 204 ::1 - 0 - Response-time 0.091 ms\n","level":"info"}
{"message":"[21/Nov/2019:20:59:52 +0000] \"GET /virtualTerminal/virtualList\" 200 ::1 - 20023 - Response-time 15.725 ms\n","level":"info"}
{"message":"[21/Nov/2019:21:00:28 +0000] \"OPTIONS /verifyToken\" 204 ::1 - 0 - Response-time 0.082 ms\n","level":"info"}
{"message":"[21/Nov/2019:21:00:28 +0000] \"GET /verifyToken\" 200 ::1 - 34 - Response-time 0.387 ms\n","level":"info"}
{"message":"[21/Nov/2019:21:00:28 +0000] \"OPTIONS /virtualTerminal/virtualList\" 204 ::1 - 0 - Response-time 0.081 ms\n","level":"info"}
{"message":"[21/Nov/2019:21:00:28 +0000] \"GET /virtualTerminal/virtualList\" 200 ::1 - 20023 - Response-time 3.357 ms\n","level":"info"}
{"message":"[21/Nov/2019:21:03:53 +0000] \"OPTIONS /verifyToken\" 204 ::1 - 0 - Response-time 0.071 ms\n","level":"info"}
{"message":"[21/Nov/2019:21:03:53 +0000] \"OPTIONS /virtualTerminal/virtualList\" 204 ::1 - 0 - Response-time 0.061 ms\n","level":"info"}
{"message":"[21/Nov/2019:21:03:53 +0000] \"GET /verifyToken\" 200 ::1 - 34 - Response-time 0.293 ms\n","level":"info"}
{"message":"[21/Nov/2019:21:03:53 +0000] \"GET /virtualTerminal/virtualList\" 200 ::1 - 20023 - Response-time 4.331 ms\n","level":"info"}
{"message":"[21/Nov/2019:21:05:00 +0000] \"OPTIONS /verifyToken\" 204 ::1 - 0 - Response-time 0.065 ms\n","level":"info"}
{"message":"[21/Nov/2019:21:05:00 +0000] \"OPTIONS /virtualTerminal/virtualList\" 204 ::1 - 0 - Response-time 0.072 ms\n","level":"info"}
{"message":"[21/Nov/2019:21:05:00 +0000] \"GET /verifyToken\" 200 ::1 - 34 - Response-time 0.401 ms\n","level":"info"}
{"message":"[21/Nov/2019:21:05:00 +0000] \"GET /virtualTerminal/virtualList\" 200 ::1 - 20023 - Response-time 3.612 ms\n","level":"info"}
{"message":"[21/Nov/2019:21:05:17 +0000] \"OPTIONS /virtualTerminal/5dcdc681fe71038186494c90\" 204 ::1 - 0 - Response-time 0.078 ms\n","level":"info"}
{"message":"[21/Nov/2019:21:05:17 +0000] \"GET /virtualTerminal/5dcdc681fe71038186494c90\" 200 ::1 - 1726 - Response-time 1.598 ms\n","level":"info"}
{"message":"[21/Nov/2019:21:09:03 +0000] \"OPTIONS /nacha/getData?id=5dbab4b7e863d942c137dd52\" 204 ::1 - 0 - Response-time 0.057 ms\n","level":"info"}
{"message":"[21/Nov/2019:21:09:03 +0000] \"GET /nacha/getData?id=5dbab4b7e863d942c137dd52\" 200 ::1 - 80 - Response-time 6.972 ms\n","level":"info"}
{"message":"[21/Nov/2019:21:09:06 +0000] \"OPTIONS /nacha/create\" 204 ::1 - 0 - Response-time 0.076 ms\n","level":"info"}
{"message":"[21/Nov/2019:21:09:06 +0000] \"POST /nacha/create\" 200 ::1 - 45 - Response-time 30.531 ms\n","level":"info"}
{"message":"[21/Nov/2019:21:15:40 +0000] \"OPTIONS /verifyToken\" 204 ::1 - 0 - Response-time 2.617 ms\n","level":"info"}
{"message":"[21/Nov/2019:21:15:40 +0000] \"GET /verifyToken\" 200 ::1 - 34 - Response-time 4.069 ms\n","level":"info"}
{"message":"[21/Nov/2019:21:15:40 +0000] \"OPTIONS /nacha/getData?id=5dbab4b7e863d942c137dd52\" 204 ::1 - 0 - Response-time 0.149 ms\n","level":"info"}
{"message":"[21/Nov/2019:21:15:40 +0000] \"GET /nacha/getData?id=5dbab4b7e863d942c137dd52\" 200 ::1 - 78 - Response-time 13.277 ms\n","level":"info"}
{"message":"[21/Nov/2019:21:15:42 +0000] \"OPTIONS /nacha/create\" 204 ::1 - 0 - Response-time 0.078 ms\n","level":"info"}
{"message":"[21/Nov/2019:21:15:42 +0000] \"POST /nacha/create\" 200 ::1 - 45 - Response-time 39.383 ms\n","level":"info"}
{"message":"[21/Nov/2019:21:16:01 +0000] \"OPTIONS /virtualTerminal/submitData\" 204 ::1 - 0 - Response-time 0.093 ms\n","level":"info"}
{"message":"[21/Nov/2019:21:16:03 +0000] \"POST /virtualTerminal/submitData\" 200 ::1 - 718 - Response-time 1601.297 ms\n","level":"info"}
{"message":"[21/Nov/2019:21:16:08 +0000] \"OPTIONS /nacha/getData?id=5dbab4b7e863d942c137dd52\" 204 ::1 - 0 - Response-time 0.085 ms\n","level":"info"}
{"message":"[21/Nov/2019:21:16:08 +0000] \"GET /nacha/getData?id=5dbab4b7e863d942c137dd52\" 200 ::1 - 78 - Response-time 4.357 ms\n","level":"info"}
{"message":"[21/Nov/2019:21:16:14 +0000] \"OPTIONS /nacha/create\" 204 ::1 - 0 - Response-time 0.089 ms\n","level":"info"}
{"message":"[21/Nov/2019:21:16:14 +0000] \"POST /nacha/create\" 200 ::1 - 45 - Response-time 8.203 ms\n","level":"info"}
{"message":"[21/Nov/2019:21:17:58 +0000] \"OPTIONS /virtualTerminal/virtualList\" 204 ::1 - 0 - Response-time 0.139 ms\n","level":"info"}
{"message":"[21/Nov/2019:21:17:58 +0000] \"GET /virtualTerminal/virtualList\" 200 ::1 - 21687 - Response-time 6.615 ms\n","level":"info"}
{"message":"[21/Nov/2019:21:18:08 +0000] \"OPTIONS /virtualTerminal/5dcdc8325a520782024eee51\" 204 ::1 - 0 - Response-time 0.090 ms\n","level":"info"}
{"message":"[21/Nov/2019:21:18:08 +0000] \"GET /virtualTerminal/5dcdc8325a520782024eee51\" 200 ::1 - 1738 - Response-time 3.560 ms\n","level":"info"}
{"message":"[21/Nov/2019:21:19:10 +0000] \"OPTIONS /virtualTerminal/5dd6fe935904f106c1102ed4\" 204 ::1 - 0 - Response-time 0.083 ms\n","level":"info"}
{"message":"[21/Nov/2019:21:19:10 +0000] \"GET /virtualTerminal/5dd6fe935904f106c1102ed4\" 200 ::1 - 1796 - Response-time 1.877 ms\n","level":"info"}
{"message":"[21/Nov/2019:21:23:42 +0000] \"OPTIONS /verifyToken\" 204 ::1 - 0 - Response-time 0.068 ms\n","level":"info"}
{"message":"[21/Nov/2019:21:23:42 +0000] \"OPTIONS /virtualTerminal/virtualList\" 204 ::1 - 0 - Response-time 0.068 ms\n","level":"info"}
{"message":"[21/Nov/2019:21:23:42 +0000] \"GET /verifyToken\" 200 ::1 - 34 - Response-time 0.343 ms\n","level":"info"}
{"message":"[21/Nov/2019:21:23:42 +0000] \"GET /virtualTerminal/virtualList\" 200 ::1 - 21687 - Response-time 9.484 ms\n","level":"info"}
{"message":"[21/Nov/2019:21:23:42 +0000] \"OPTIONS /verifyToken\" 204 ::1 - 0 - Response-time 0.075 ms\n","level":"info"}
{"message":"[21/Nov/2019:21:23:42 +0000] \"OPTIONS /virtualTerminal/virtualList\" 204 ::1 - 0 - Response-time 0.065 ms\n","level":"info"}
{"message":"[21/Nov/2019:21:23:42 +0000] \"GET /verifyToken\" 200 ::1 - 34 - Response-time 0.285 ms\n","level":"info"}
{"message":"[21/Nov/2019:21:23:42 +0000] \"GET /virtualTerminal/virtualList\" 200 ::1 - 21687 - Response-time 3.023 ms\n","level":"info"}
{"message":"[21/Nov/2019:21:25:22 +0000] \"OPTIONS /verifyToken\" 204 ::1 - 0 - Response-time 0.098 ms\n","level":"info"}
{"message":"[21/Nov/2019:21:25:22 +0000] \"OPTIONS /virtualTerminal/virtualList\" 204 ::1 - 0 - Response-time 0.103 ms\n","level":"info"}
{"message":"[21/Nov/2019:21:25:22 +0000] \"GET /verifyToken\" 200 ::1 - 34 - Response-time 0.713 ms\n","level":"info"}
{"message":"[21/Nov/2019:21:25:22 +0000] \"GET /virtualTerminal/virtualList\" 200 ::1 - 21687 - Response-time 6.119 ms\n","level":"info"}
{"message":"[21/Nov/2019:21:26:11 +0000] \"OPTIONS /verifyToken\" 204 ::1 - 0 - Response-time 0.063 ms\n","level":"info"}
{"message":"[21/Nov/2019:21:26:11 +0000] \"OPTIONS /virtualTerminal/virtualList\" 204 ::1 - 0 - Response-time 0.071 ms\n","level":"info"}
{"message":"[21/Nov/2019:21:26:11 +0000] \"GET /verifyToken\" 200 ::1 - 34 - Response-time 0.298 ms\n","level":"info"}
{"message":"[21/Nov/2019:21:26:11 +0000] \"GET /virtualTerminal/virtualList\" 200 ::1 - 21687 - Response-time 4.007 ms\n","level":"info"}
{"message":"[21/Nov/2019:21:26:50 +0000] \"OPTIONS /verifyToken\" 204 ::1 - 0 - Response-time 0.067 ms\n","level":"info"}
{"message":"[21/Nov/2019:21:26:51 +0000] \"OPTIONS /virtualTerminal/virtualList\" 204 ::1 - 0 - Response-time 0.073 ms\n","level":"info"}
{"message":"[21/Nov/2019:21:26:51 +0000] \"GET /verifyToken\" 200 ::1 - 34 - Response-time 0.305 ms\n","level":"info"}
{"message":"[21/Nov/2019:21:26:51 +0000] \"GET /virtualTerminal/virtualList\" 200 ::1 - 21687 - Response-time 3.891 ms\n","level":"info"}
{"message":"[21/Nov/2019:21:28:11 +0000] \"OPTIONS /verifyToken\" 204 ::1 - 0 - Response-time 0.067 ms\n","level":"info"}
{"message":"[21/Nov/2019:21:28:11 +0000] \"GET /verifyToken\" 200 ::1 - 34 - Response-time 0.359 ms\n","level":"info"}
{"message":"[21/Nov/2019:21:28:11 +0000] \"OPTIONS /verifyToken\" 204 ::1 - 0 - Response-time 0.120 ms\n","level":"info"}
{"message":"[21/Nov/2019:21:28:11 +0000] \"GET /verifyToken\" 200 ::1 - 34 - Response-time 0.318 ms\n","level":"info"}
{"message":"[21/Nov/2019:21:28:11 +0000] \"OPTIONS /verifyToken\" 204 ::1 - 0 - Response-time 0.102 ms\n","level":"info"}
{"message":"[21/Nov/2019:21:28:11 +0000] \"GET /verifyToken\" 200 ::1 - 34 - Response-time 0.607 ms\n","level":"info"}
{"message":"[21/Nov/2019:21:28:12 +0000] \"OPTIONS /verifyToken\" 204 ::1 - 0 - Response-time 0.108 ms\n","level":"info"}
{"message":"[21/Nov/2019:21:28:12 +0000] \"GET /verifyToken\" 200 ::1 - 34 - Response-time 0.558 ms\n","level":"info"}
{"message":"[21/Nov/2019:21:28:13 +0000] \"OPTIONS /virtualTerminal/virtualList\" 204 ::1 - 0 - Response-time 0.084 ms\n","level":"info"}
{"message":"[21/Nov/2019:21:28:13 +0000] \"GET /virtualTerminal/virtualList\" 200 ::1 - 21687 - Response-time 9.771 ms\n","level":"info"}
{"message":"[21/Nov/2019:21:29:05 +0000] \"OPTIONS /verifyToken\" 204 ::1 - 0 - Response-time 0.060 ms\n","level":"info"}
{"message":"[21/Nov/2019:21:29:05 +0000] \"OPTIONS /virtualTerminal/virtualList\" 204 ::1 - 0 - Response-time 0.070 ms\n","level":"info"}
{"message":"[21/Nov/2019:21:29:05 +0000] \"GET /verifyToken\" 200 ::1 - 34 - Response-time 0.278 ms\n","level":"info"}
{"message":"[21/Nov/2019:21:29:05 +0000] \"GET /virtualTerminal/virtualList\" 200 ::1 - 21687 - Response-time 4.986 ms\n","level":"info"}
{"message":"[21/Nov/2019:21:30:06 +0000] \"OPTIONS /verifyToken\" 204 ::1 - 0 - Response-time 0.116 ms\n","level":"info"}
{"message":"[21/Nov/2019:21:30:06 +0000] \"OPTIONS /virtualTerminal/virtualList\" 204 ::1 - 0 - Response-time 0.128 ms\n","level":"info"}
{"message":"[21/Nov/2019:21:30:06 +0000] \"GET /verifyToken\" 200 ::1 - 34 - Response-time 0.470 ms\n","level":"info"}
{"message":"[21/Nov/2019:21:30:06 +0000] \"GET /virtualTerminal/virtualList\" 200 ::1 - 21687 - Response-time 6.118 ms\n","level":"info"}
{"message":"[21/Nov/2019:21:30:36 +0000] \"OPTIONS /verifyToken\" 204 ::1 - 0 - Response-time 0.116 ms\n","level":"info"}
{"message":"[21/Nov/2019:21:30:36 +0000] \"OPTIONS /virtualTerminal/virtualList\" 204 ::1 - 0 - Response-time 0.116 ms\n","level":"info"}
{"message":"[21/Nov/2019:21:30:36 +0000] \"GET /verifyToken\" 200 ::1 - 34 - Response-time 0.507 ms\n","level":"info"}
{"message":"[21/Nov/2019:21:30:36 +0000] \"GET /virtualTerminal/virtualList\" 200 ::1 - 21687 - Response-time 8.843 ms\n","level":"info"}
{"message":"[21/Nov/2019:21:30:58 +0000] \"OPTIONS /verifyToken\" 204 ::1 - 0 - Response-time 0.221 ms\n","level":"info"}
{"message":"[21/Nov/2019:21:30:58 +0000] \"OPTIONS /virtualTerminal/virtualList\" 204 ::1 - 0 - Response-time 0.140 ms\n","level":"info"}
{"message":"[21/Nov/2019:21:30:58 +0000] \"GET /verifyToken\" 200 ::1 - 34 - Response-time 0.478 ms\n","level":"info"}
{"message":"[21/Nov/2019:21:30:58 +0000] \"GET /virtualTerminal/virtualList\" 200 ::1 - 21687 - Response-time 8.202 ms\n","level":"info"}
{"message":"[21/Nov/2019:21:33:52 +0000] \"OPTIONS /verifyToken\" 204 ::1 - 0 - Response-time 2.518 ms\n","level":"info"}
{"message":"[21/Nov/2019:21:33:52 +0000] \"GET /verifyToken\" 200 ::1 - 34 - Response-time 6.066 ms\n","level":"info"}
{"message":"[21/Nov/2019:21:33:53 +0000] \"OPTIONS /virtualTerminal/virtualList\" 204 ::1 - 0 - Response-time 0.133 ms\n","level":"info"}
{"message":"[21/Nov/2019:21:33:53 +0000] \"GET /virtualTerminal/virtualList\" 200 ::1 - 22039 - Response-time 19.992 ms\n","level":"info"}
{"message":"[21/Nov/2019:21:34:31 +0000] \"OPTIONS /verifyToken\" 204 ::1 - 0 - Response-time 0.068 ms\n","level":"info"}
{"message":"[21/Nov/2019:21:34:31 +0000] \"OPTIONS /virtualTerminal/virtualList\" 204 ::1 - 0 - Response-time 0.095 ms\n","level":"info"}
{"message":"[21/Nov/2019:21:34:31 +0000] \"GET /verifyToken\" 200 ::1 - 34 - Response-time 0.403 ms\n","level":"info"}
{"message":"[21/Nov/2019:21:34:31 +0000] \"GET /virtualTerminal/virtualList\" 200 ::1 - 22039 - Response-time 5.214 ms\n","level":"info"}
{"message":"[21/Nov/2019:21:35:11 +0000] \"OPTIONS /verifyToken\" 204 ::1 - 0 - Response-time 0.170 ms\n","level":"info"}
{"message":"[21/Nov/2019:21:35:11 +0000] \"OPTIONS /virtualTerminal/virtualList\" 204 ::1 - 0 - Response-time 0.159 ms\n","level":"info"}
{"message":"[21/Nov/2019:21:35:11 +0000] \"GET /verifyToken\" 200 ::1 - 34 - Response-time 0.483 ms\n","level":"info"}
{"message":"[21/Nov/2019:21:35:11 +0000] \"GET /virtualTerminal/virtualList\" 200 ::1 - 22039 - Response-time 9.635 ms\n","level":"info"}
{"message":"[21/Nov/2019:21:35:17 +0000] \"OPTIONS /verifyToken\" 204 ::1 - 0 - Response-time 0.113 ms\n","level":"info"}
{"message":"[21/Nov/2019:21:35:18 +0000] \"OPTIONS /virtualTerminal/virtualList\" 204 ::1 - 0 - Response-time 0.122 ms\n","level":"info"}
{"message":"[21/Nov/2019:21:35:18 +0000] \"GET /verifyToken\" 200 ::1 - 34 - Response-time 0.716 ms\n","level":"info"}
{"message":"[21/Nov/2019:21:35:18 +0000] \"GET /virtualTerminal/virtualList\" 200 ::1 - 22039 - Response-time 7.993 ms\n","level":"info"}
{"message":"[21/Nov/2019:21:36:11 +0000] \"OPTIONS /verifyToken\" 204 ::1 - 0 - Response-time 0.066 ms\n","level":"info"}
{"message":"[21/Nov/2019:21:36:11 +0000] \"OPTIONS /virtualTerminal/virtualList\" 204 ::1 - 0 - Response-time 0.100 ms\n","level":"info"}
{"message":"[21/Nov/2019:21:36:11 +0000] \"GET /verifyToken\" 200 ::1 - 34 - Response-time 0.378 ms\n","level":"info"}
{"message":"[21/Nov/2019:21:36:11 +0000] \"GET /virtualTerminal/virtualList\" 200 ::1 - 22039 - Response-time 4.356 ms\n","level":"info"}
{"message":"[21/Nov/2019:21:37:39 +0000] \"OPTIONS /verifyToken\" 204 ::1 - 0 - Response-time 0.067 ms\n","level":"info"}
{"message":"[21/Nov/2019:21:37:39 +0000] \"OPTIONS /virtualTerminal/virtualList\" 204 ::1 - 0 - Response-time 0.077 ms\n","level":"info"}
{"message":"[21/Nov/2019:21:37:39 +0000] \"GET /verifyToken\" 403 ::1 - 54 - Response-time 0.453 ms\n","level":"info"}
{"message":"[21/Nov/2019:21:37:39 +0000] \"GET /virtualTerminal/virtualList\" 403 ::1 - 54 - Response-time 0.353 ms\n","level":"info"}
{"message":"[21/Nov/2019:21:37:47 +0000] \"OPTIONS /users/getUserById\" 204 ::1 - 0 - Response-time 0.081 ms\n","level":"info"}
{"message":"[21/Nov/2019:21:37:49 +0000] \"POST /users/getUserById\" 200 ::1 - 1177 - Response-time 1660.161 ms\n","level":"info"}
{"message":"[21/Nov/2019:21:37:49 +0000] \"OPTIONS /users/getUser\" 204 ::1 - 0 - Response-time 0.176 ms\n","level":"info"}
{"message":"[21/Nov/2019:21:37:49 +0000] \"POST /users/getUser\" 200 ::1 - 1036 - Response-time 8.752 ms\n","level":"info"}
{"message":"[21/Nov/2019:21:37:49 +0000] \"OPTIONS /verifyToken\" 204 ::1 - 0 - Response-time 0.163 ms\n","level":"info"}
{"message":"[21/Nov/2019:21:37:49 +0000] \"GET /verifyToken\" 200 ::1 - 34 - Response-time 0.609 ms\n","level":"info"}
{"message":"[21/Nov/2019:21:37:49 +0000] \"OPTIONS /chart/vTLineData\" 204 ::1 - 0 - Response-time 0.099 ms\n","level":"info"}
{"message":"[21/Nov/2019:21:37:49 +0000] \"OPTIONS /chart/rFLineData\" 204 ::1 - 0 - Response-time 0.072 ms\n","level":"info"}
{"message":"[21/Nov/2019:21:37:49 +0000] \"OPTIONS /chart/getVTSubmittedTimes\" 204 ::1 - 0 - Response-time 0.134 ms\n","level":"info"}
{"message":"[21/Nov/2019:21:37:49 +0000] \"OPTIONS /chart/getTotalAmountOfRefundByUserId\" 204 ::1 - 0 - Response-time 0.085 ms\n","level":"info"}
{"message":"[21/Nov/2019:21:37:50 +0000] \"GET /chart/vTLineData\" 200 ::1 - 237 - Response-time 6.410 ms\n","level":"info"}
{"message":"[21/Nov/2019:21:37:50 +0000] \"GET /chart/rFLineData\" 200 ::1 - 170 - Response-time 7.794 ms\n","level":"info"}
{"message":"[21/Nov/2019:21:37:50 +0000] \"GET /chart/getVTSubmittedTimes\" 200 ::1 - 75 - Response-time 4.296 ms\n","level":"info"}
{"message":"[21/Nov/2019:21:37:50 +0000] \"GET /chart/getTotalAmountOfRefundByUserId\" 200 ::1 - 74 - Response-time 5.382 ms\n","level":"info"}
{"message":"[21/Nov/2019:21:37:53 +0000] \"OPTIONS /virtualTerminal/virtualList?limit=10\" 204 ::1 - 0 - Response-time 0.109 ms\n","level":"info"}
{"message":"[21/Nov/2019:21:37:53 +0000] \"GET /virtualTerminal/virtualList?limit=10\" 200 ::1 - 16912 - Response-time 5.227 ms\n","level":"info"}
{"message":"[21/Nov/2019:21:37:56 +0000] \"OPTIONS /virtualTerminal/virtualList\" 204 ::1 - 0 - Response-time 0.071 ms\n","level":"info"}
{"message":"[21/Nov/2019:21:37:56 +0000] \"GET /virtualTerminal/virtualList\" 200 ::1 - 22039 - Response-time 5.128 ms\n","level":"info"}
{"message":"[21/Nov/2019:21:38:17 +0000] \"OPTIONS /nacha/getData?id=5dbab4b7e863d942c137dd52\" 204 ::1 - 0 - Response-time 0.067 ms\n","level":"info"}
{"message":"[21/Nov/2019:21:38:17 +0000] \"GET /nacha/getData?id=5dbab4b7e863d942c137dd52\" 200 ::1 - 78 - Response-time 4.142 ms\n","level":"info"}
{"message":"[21/Nov/2019:21:38:49 +0000] \"OPTIONS /verifyToken\" 204 ::1 - 0 - Response-time 0.065 ms\n","level":"info"}
{"message":"[21/Nov/2019:21:38:49 +0000] \"OPTIONS /nacha/getData?id=5dbab4b7e863d942c137dd52\" 204 ::1 - 0 - Response-time 0.073 ms\n","level":"info"}
{"message":"[21/Nov/2019:21:38:49 +0000] \"GET /verifyToken\" 200 ::1 - 34 - Response-time 0.281 ms\n","level":"info"}
{"message":"[21/Nov/2019:21:38:49 +0000] \"GET /nacha/getData?id=5dbab4b7e863d942c137dd52\" 200 ::1 - 78 - Response-time 1.912 ms\n","level":"info"}
{"message":"[21/Nov/2019:21:38:57 +0000] \"OPTIONS /virtualTerminal/virtualList\" 204 ::1 - 0 - Response-time 0.069 ms\n","level":"info"}
{"message":"[21/Nov/2019:21:38:57 +0000] \"GET /virtualTerminal/virtualList\" 200 ::1 - 22039 - Response-time 4.235 ms\n","level":"info"}
{"message":"[21/Nov/2019:21:41:35 +0000] \"OPTIONS /verifyToken\" 204 ::1 - 0 - Response-time 0.073 ms\n","level":"info"}
{"message":"[21/Nov/2019:21:41:35 +0000] \"OPTIONS /virtualTerminal/virtualList\" 204 ::1 - 0 - Response-time 0.081 ms\n","level":"info"}
{"message":"[21/Nov/2019:21:41:35 +0000] \"GET /verifyToken\" 200 ::1 - 34 - Response-time 0.402 ms\n","level":"info"}
{"message":"[21/Nov/2019:21:41:35 +0000] \"GET /virtualTerminal/virtualList\" 200 ::1 - 22039 - Response-time 4.726 ms\n","level":"info"}
{"message":"[21/Nov/2019:21:43:23 +0000] \"OPTIONS /verifyToken\" 204 ::1 - 0 - Response-time 0.108 ms\n","level":"info"}
{"message":"[21/Nov/2019:21:43:23 +0000] \"GET /verifyToken\" 200 ::1 - 34 - Response-time 0.298 ms\n","level":"info"}
{"message":"[21/Nov/2019:21:44:59 +0000] \"OPTIONS /verifyToken\" 204 ::1 - 0 - Response-time 0.067 ms\n","level":"info"}
{"message":"[21/Nov/2019:21:44:59 +0000] \"OPTIONS /virtualTerminal/virtualList\" 204 ::1 - 0 - Response-time 0.166 ms\n","level":"info"}
{"message":"[21/Nov/2019:21:44:59 +0000] \"GET /verifyToken\" 200 ::1 - 34 - Response-time 0.428 ms\n","level":"info"}
{"message":"[21/Nov/2019:21:45:00 +0000] \"OPTIONS /verifyToken\" 204 ::1 - 0 - Response-time 0.068 ms\n","level":"info"}
{"message":"[21/Nov/2019:21:45:00 +0000] \"GET /verifyToken\" 200 ::1 - 34 - Response-time 0.508 ms\n","level":"info"}
{"message":"[21/Nov/2019:21:45:00 +0000] \"OPTIONS /virtualTerminal/virtualList\" 204 ::1 - 0 - Response-time 0.136 ms\n","level":"info"}
{"message":"[21/Nov/2019:21:45:01 +0000] \"GET /virtualTerminal/virtualList\" 200 ::1 - 22039 - Response-time 11.486 ms\n","level":"info"}
{"message":"[21/Nov/2019:21:45:38 +0000] \"OPTIONS /verifyToken\" 204 ::1 - 0 - Response-time 0.106 ms\n","level":"info"}
{"message":"[21/Nov/2019:21:45:39 +0000] \"OPTIONS /virtualTerminal/virtualList\" 204 ::1 - 0 - Response-time 0.147 ms\n","level":"info"}
{"message":"[21/Nov/2019:21:45:39 +0000] \"GET /verifyToken\" 200 ::1 - 34 - Response-time 1.016 ms\n","level":"info"}
{"message":"[21/Nov/2019:21:45:39 +0000] \"GET /virtualTerminal/virtualList\" 200 ::1 - 22039 - Response-time 6.406 ms\n","level":"info"}
{"message":"[21/Nov/2019:21:48:59 +0000] \"OPTIONS /verifyToken\" 204 ::1 - 0 - Response-time 0.412 ms\n","level":"info"}
{"message":"[21/Nov/2019:21:48:59 +0000] \"GET /verifyToken\" 200 ::1 - 34 - Response-time 0.450 ms\n","level":"info"}
{"message":"[21/Nov/2019:21:48:59 +0000] \"OPTIONS /virtualTerminal/virtualList\" 204 ::1 - 0 - Response-time 0.090 ms\n","level":"info"}
{"message":"[21/Nov/2019:21:49:00 +0000] \"GET /virtualTerminal/virtualList\" 200 ::1 - 22039 - Response-time 6.584 ms\n","level":"info"}
{"message":"[21/Nov/2019:21:51:05 +0000] \"OPTIONS /verifyToken\" 204 ::1 - 0 - Response-time 0.063 ms\n","level":"info"}
{"message":"[21/Nov/2019:21:51:05 +0000] \"OPTIONS /virtualTerminal/virtualList\" 204 ::1 - 0 - Response-time 0.063 ms\n","level":"info"}
{"message":"[21/Nov/2019:21:51:05 +0000] \"GET /verifyToken\" 200 ::1 - 34 - Response-time 0.272 ms\n","level":"info"}
{"message":"[21/Nov/2019:21:51:05 +0000] \"GET /virtualTerminal/virtualList\" 200 ::1 - 22039 - Response-time 2.905 ms\n","level":"info"}
{"message":"[21/Nov/2019:21:51:27 +0000] \"OPTIONS /verifyToken\" 204 ::1 - 0 - Response-time 0.064 ms\n","level":"info"}
{"message":"[21/Nov/2019:21:51:27 +0000] \"OPTIONS /virtualTerminal/virtualList\" 204 ::1 - 0 - Response-time 0.059 ms\n","level":"info"}
{"message":"[21/Nov/2019:21:51:27 +0000] \"GET /verifyToken\" 200 ::1 - 34 - Response-time 0.287 ms\n","level":"info"}
{"message":"[21/Nov/2019:21:51:27 +0000] \"GET /virtualTerminal/virtualList\" 200 ::1 - 22039 - Response-time 2.778 ms\n","level":"info"}
{"message":"[21/Nov/2019:21:52:45 +0000] \"OPTIONS /verifyToken\" 204 ::1 - 0 - Response-time 0.082 ms\n","level":"info"}
{"message":"[21/Nov/2019:21:52:45 +0000] \"OPTIONS /virtualTerminal/virtualList\" 204 ::1 - 0 - Response-time 0.096 ms\n","level":"info"}
{"message":"[21/Nov/2019:21:52:45 +0000] \"GET /verifyToken\" 200 ::1 - 34 - Response-time 0.286 ms\n","level":"info"}
{"message":"[21/Nov/2019:21:52:45 +0000] \"GET /virtualTerminal/virtualList\" 200 ::1 - 22039 - Response-time 4.280 ms\n","level":"info"}
{"message":"[21/Nov/2019:21:53:14 +0000] \"OPTIONS /verifyToken\" 204 ::1 - 0 - Response-time 0.111 ms\n","level":"info"}
{"message":"[21/Nov/2019:21:53:14 +0000] \"OPTIONS /virtualTerminal/virtualList\" 204 ::1 - 0 - Response-time 0.072 ms\n","level":"info"}
{"message":"[21/Nov/2019:21:53:14 +0000] \"GET /verifyToken\" 200 ::1 - 34 - Response-time 0.309 ms\n","level":"info"}
{"message":"[21/Nov/2019:21:53:14 +0000] \"GET /virtualTerminal/virtualList\" 200 ::1 - 22039 - Response-time 3.094 ms\n","level":"info"}
{"message":"[21/Nov/2019:21:54:42 +0000] \"OPTIONS /verifyToken\" 204 ::1 - 0 - Response-time 0.146 ms\n","level":"info"}
{"message":"[21/Nov/2019:21:54:43 +0000] \"GET /verifyToken\" 200 ::1 - 34 - Response-time 0.410 ms\n","level":"info"}
{"message":"[21/Nov/2019:21:54:43 +0000] \"OPTIONS /virtualTerminal/virtualList\" 204 ::1 - 0 - Response-time 0.095 ms\n","level":"info"}
{"message":"[21/Nov/2019:21:54:43 +0000] \"GET /virtualTerminal/virtualList\" 200 ::1 - 22039 - Response-time 12.564 ms\n","level":"info"}
{"message":"[21/Nov/2019:21:59:13 +0000] \"OPTIONS /verifyToken\" 204 ::1 - 0 - Response-time 0.593 ms\n","level":"info"}
{"message":"[21/Nov/2019:21:59:14 +0000] \"GET /verifyToken\" 200 ::1 - 34 - Response-time 0.451 ms\n","level":"info"}
{"message":"[21/Nov/2019:21:59:14 +0000] \"OPTIONS /virtualTerminal/virtualList\" 204 ::1 - 0 - Response-time 0.088 ms\n","level":"info"}
{"message":"[21/Nov/2019:21:59:14 +0000] \"GET /virtualTerminal/virtualList\" 200 ::1 - 22039 - Response-time 3.851 ms\n","level":"info"}
{"message":"[21/Nov/2019:21:59:46 +0000] \"OPTIONS /verifyToken\" 204 ::1 - 0 - Response-time 0.090 ms\n","level":"info"}
{"message":"[21/Nov/2019:21:59:46 +0000] \"GET /verifyToken\" 200 ::1 - 34 - Response-time 0.449 ms\n","level":"info"}
{"message":"[21/Nov/2019:21:59:46 +0000] \"OPTIONS /virtualTerminal/virtualList\" 204 ::1 - 0 - Response-time 0.083 ms\n","level":"info"}
{"message":"[21/Nov/2019:21:59:47 +0000] \"GET /virtualTerminal/virtualList\" 200 ::1 - 22039 - Response-time 3.443 ms\n","level":"info"}
{"message":"[21/Nov/2019:22:07:20 +0000] \"OPTIONS /verifyToken\" 204 ::1 - 0 - Response-time 0.122 ms\n","level":"info"}
{"message":"[21/Nov/2019:22:07:20 +0000] \"GET /verifyToken\" 200 ::1 - 34 - Response-time 0.482 ms\n","level":"info"}
{"message":"[21/Nov/2019:22:07:21 +0000] \"OPTIONS /virtualTerminal/virtualList\" 204 ::1 - 0 - Response-time 0.084 ms\n","level":"info"}
{"message":"[21/Nov/2019:22:07:21 +0000] \"GET /virtualTerminal/virtualList\" 200 ::1 - 22039 - Response-time 3.484 ms\n","level":"info"}
{"message":"[21/Nov/2019:22:08:03 +0000] \"OPTIONS /verifyToken\" 204 ::1 - 0 - Response-time 0.092 ms\n","level":"info"}
{"message":"[21/Nov/2019:22:08:04 +0000] \"GET /verifyToken\" 200 ::1 - 34 - Response-time 0.459 ms\n","level":"info"}
{"message":"[21/Nov/2019:22:08:04 +0000] \"OPTIONS /virtualTerminal/virtualList\" 204 ::1 - 0 - Response-time 0.081 ms\n","level":"info"}
{"message":"[21/Nov/2019:22:08:04 +0000] \"GET /virtualTerminal/virtualList\" 200 ::1 - 22039 - Response-time 3.934 ms\n","level":"info"}
{"message":"[21/Nov/2019:22:11:22 +0000] \"OPTIONS /verifyToken\" 204 ::1 - 0 - Response-time 0.085 ms\n","level":"info"}
{"message":"[21/Nov/2019:22:11:22 +0000] \"GET /verifyToken\" 200 ::1 - 34 - Response-time 0.357 ms\n","level":"info"}
{"message":"[21/Nov/2019:22:11:22 +0000] \"OPTIONS /virtualTerminal/virtualList\" 204 ::1 - 0 - Response-time 0.081 ms\n","level":"info"}
{"message":"[21/Nov/2019:22:11:23 +0000] \"GET /virtualTerminal/virtualList\" 200 ::1 - 22039 - Response-time 5.911 ms\n","level":"info"}
{"message":"[21/Nov/2019:22:15:25 +0000] \"OPTIONS /verifyToken\" 204 ::1 - 0 - Response-time 0.162 ms\n","level":"info"}
{"message":"[21/Nov/2019:22:15:25 +0000] \"GET /verifyToken\" 200 ::1 - 34 - Response-time 0.314 ms\n","level":"info"}
{"message":"[21/Nov/2019:22:15:25 +0000] \"OPTIONS /virtualTerminal/virtualList\" 204 ::1 - 0 - Response-time 0.063 ms\n","level":"info"}
{"message":"[21/Nov/2019:22:15:26 +0000] \"GET /virtualTerminal/virtualList\" 200 ::1 - 22039 - Response-time 5.330 ms\n","level":"info"}
{"message":"[21/Nov/2019:22:15:31 +0000] \"OPTIONS /verifyToken\" 204 ::1 - 0 - Response-time 0.095 ms\n","level":"info"}
{"message":"[21/Nov/2019:22:15:31 +0000] \"GET /verifyToken\" 200 ::1 - 34 - Response-time 1.870 ms\n","level":"info"}
{"message":"[21/Nov/2019:22:15:32 +0000] \"OPTIONS /virtualTerminal/virtualList\" 204 ::1 - 0 - Response-time 0.113 ms\n","level":"info"}
{"message":"[21/Nov/2019:22:15:32 +0000] \"GET /virtualTerminal/virtualList\" 200 ::1 - 22039 - Response-time 3.305 ms\n","level":"info"}
{"message":"[21/Nov/2019:22:16:03 +0000] \"OPTIONS /verifyToken\" 204 ::1 - 0 - Response-time 0.082 ms\n","level":"info"}
{"message":"[21/Nov/2019:22:16:03 +0000] \"GET /verifyToken\" 200 ::1 - 34 - Response-time 0.925 ms\n","level":"info"}
{"message":"[21/Nov/2019:22:16:04 +0000] \"OPTIONS /virtualTerminal/virtualList\" 204 ::1 - 0 - Response-time 0.114 ms\n","level":"info"}
{"message":"[21/Nov/2019:22:16:04 +0000] \"GET /virtualTerminal/virtualList\" 200 ::1 - 22039 - Response-time 3.732 ms\n","level":"info"}
{"message":"[21/Nov/2019:22:17:02 +0000] \"OPTIONS /verifyToken\" 204 ::1 - 0 - Response-time 0.088 ms\n","level":"info"}
{"message":"[21/Nov/2019:22:17:03 +0000] \"GET /verifyToken\" 200 ::1 - 34 - Response-time 0.434 ms\n","level":"info"}
{"message":"[21/Nov/2019:22:17:03 +0000] \"OPTIONS /virtualTerminal/virtualList\" 204 ::1 - 0 - Response-time 0.059 ms\n","level":"info"}
{"message":"[21/Nov/2019:22:17:03 +0000] \"GET /virtualTerminal/virtualList\" 200 ::1 - 22039 - Response-time 5.595 ms\n","level":"info"}
{"message":"[21/Nov/2019:22:17:34 +0000] \"OPTIONS /verifyToken\" 204 ::1 - 0 - Response-time 0.064 ms\n","level":"info"}
{"message":"[21/Nov/2019:22:17:34 +0000] \"GET /verifyToken\" 200 ::1 - 34 - Response-time 0.341 ms\n","level":"info"}
{"message":"[21/Nov/2019:22:17:35 +0000] \"OPTIONS /virtualTerminal/virtualList\" 204 ::1 - 0 - Response-time 0.070 ms\n","level":"info"}
{"message":"[21/Nov/2019:22:17:35 +0000] \"GET /virtualTerminal/virtualList\" 200 ::1 - 22039 - Response-time 3.136 ms\n","level":"info"}
{"message":"[21/Nov/2019:22:20:16 +0000] \"OPTIONS /verifyToken\" 204 ::1 - 0 - Response-time 0.077 ms\n","level":"info"}
{"message":"[21/Nov/2019:22:20:17 +0000] \"OPTIONS /virtualTerminal/virtualList\" 204 ::1 - 0 - Response-time 0.071 ms\n","level":"info"}
{"message":"[21/Nov/2019:22:20:17 +0000] \"GET /verifyToken\" 200 ::1 - 34 - Response-time 0.632 ms\n","level":"info"}
{"message":"[21/Nov/2019:22:20:17 +0000] \"GET /virtualTerminal/virtualList\" 200 ::1 - 22039 - Response-time 4.219 ms\n","level":"info"}
{"message":"[21/Nov/2019:22:22:10 +0000] \"OPTIONS /verifyToken\" 204 ::1 - 0 - Response-time 0.133 ms\n","level":"info"}
{"message":"[21/Nov/2019:22:22:10 +0000] \"GET /verifyToken\" 200 ::1 - 34 - Response-time 0.505 ms\n","level":"info"}
{"message":"[21/Nov/2019:22:22:10 +0000] \"OPTIONS /virtualTerminal/virtualList\" 204 ::1 - 0 - Response-time 0.065 ms\n","level":"info"}
{"message":"[21/Nov/2019:22:22:10 +0000] \"GET /virtualTerminal/virtualList\" 200 ::1 - 22039 - Response-time 5.445 ms\n","level":"info"}
{"message":"[21/Nov/2019:22:22:21 +0000] \"OPTIONS /verifyToken\" 204 ::1 - 0 - Response-time 0.086 ms\n","level":"info"}
{"message":"[21/Nov/2019:22:22:21 +0000] \"GET /verifyToken\" 200 ::1 - 34 - Response-time 0.385 ms\n","level":"info"}
{"message":"[21/Nov/2019:22:22:22 +0000] \"OPTIONS /virtualTerminal/virtualList\" 204 ::1 - 0 - Response-time 0.084 ms\n","level":"info"}
{"message":"[21/Nov/2019:22:22:22 +0000] \"GET /virtualTerminal/virtualList\" 200 ::1 - 22039 - Response-time 2.704 ms\n","level":"info"}
{"message":"[21/Nov/2019:22:23:43 +0000] \"OPTIONS /verifyToken\" 204 ::1 - 0 - Response-time 0.092 ms\n","level":"info"}
{"message":"[21/Nov/2019:22:23:43 +0000] \"GET /verifyToken\" 200 ::1 - 34 - Response-time 0.438 ms\n","level":"info"}
{"message":"[21/Nov/2019:22:23:43 +0000] \"OPTIONS /virtualTerminal/virtualList\" 204 ::1 - 0 - Response-time 0.089 ms\n","level":"info"}
{"message":"[21/Nov/2019:22:23:44 +0000] \"GET /virtualTerminal/virtualList\" 200 ::1 - 22039 - Response-time 2.659 ms\n","level":"info"}
{"message":"[21/Nov/2019:22:34:57 +0000] \"OPTIONS /verifyToken\" 204 ::1 - 0 - Response-time 0.087 ms\n","level":"info"}
{"message":"[21/Nov/2019:22:34:57 +0000] \"GET /verifyToken\" 200 ::1 - 34 - Response-time 0.751 ms\n","level":"info"}
{"message":"[21/Nov/2019:22:34:58 +0000] \"OPTIONS /virtualTerminal/virtualList\" 204 ::1 - 0 - Response-time 0.091 ms\n","level":"info"}
{"message":"[21/Nov/2019:22:34:58 +0000] \"GET /virtualTerminal/virtualList\" 200 ::1 - 22039 - Response-time 3.297 ms\n","level":"info"}
{"message":"[21/Nov/2019:22:36:47 +0000] \"OPTIONS /verifyToken\" 204 ::1 - 0 - Response-time 0.067 ms\n","level":"info"}
{"message":"[21/Nov/2019:22:36:47 +0000] \"GET /verifyToken\" 200 ::1 - 34 - Response-time 0.560 ms\n","level":"info"}
{"message":"[21/Nov/2019:22:36:47 +0000] \"OPTIONS /virtualTerminal/virtualList\" 204 ::1 - 0 - Response-time 0.089 ms\n","level":"info"}
{"message":"[21/Nov/2019:22:36:48 +0000] \"GET /virtualTerminal/virtualList\" 200 ::1 - 22039 - Response-time 3.800 ms\n","level":"info"}
{"message":"[21/Nov/2019:22:37:23 +0000] \"OPTIONS /verifyToken\" 204 ::1 - 0 - Response-time 0.170 ms\n","level":"info"}
{"message":"[21/Nov/2019:22:37:24 +0000] \"GET /verifyToken\" 200 ::1 - 34 - Response-time 0.461 ms\n","level":"info"}
{"message":"[21/Nov/2019:22:37:24 +0000] \"OPTIONS /virtualTerminal/virtualList\" 204 ::1 - 0 - Response-time 0.089 ms\n","level":"info"}
{"message":"[21/Nov/2019:22:37:24 +0000] \"GET /virtualTerminal/virtualList\" 200 ::1 - 22039 - Response-time 3.409 ms\n","level":"info"}
{"message":"[21/Nov/2019:22:40:51 +0000] \"OPTIONS /verifyToken\" 204 ::1 - 0 - Response-time 0.085 ms\n","level":"info"}
{"message":"[21/Nov/2019:22:40:51 +0000] \"GET /verifyToken\" 403 ::1 - 54 - Response-time 0.385 ms\n","level":"info"}
{"message":"[21/Nov/2019:22:41:07 +0000] \"OPTIONS /users/getUserById\" 204 ::1 - 0 - Response-time 0.058 ms\n","level":"info"}
{"message":"[21/Nov/2019:22:41:09 +0000] \"POST /users/getUserById\" 200 ::1 - 1177 - Response-time 1325.094 ms\n","level":"info"}
{"message":"[21/Nov/2019:22:41:09 +0000] \"OPTIONS /users/getUser\" 204 ::1 - 0 - Response-time 0.127 ms\n","level":"info"}
{"message":"[21/Nov/2019:22:41:09 +0000] \"POST /users/getUser\" 200 ::1 - 1036 - Response-time 2.627 ms\n","level":"info"}
{"message":"[21/Nov/2019:22:41:09 +0000] \"OPTIONS /verifyToken\" 204 ::1 - 0 - Response-time 0.097 ms\n","level":"info"}
{"message":"[21/Nov/2019:22:41:09 +0000] \"GET /verifyToken\" 200 ::1 - 34 - Response-time 0.386 ms\n","level":"info"}
{"message":"[21/Nov/2019:22:41:10 +0000] \"OPTIONS /chart/vTLineData\" 204 ::1 - 0 - Response-time 0.080 ms\n","level":"info"}
{"message":"[21/Nov/2019:22:41:10 +0000] \"OPTIONS /chart/rFLineData\" 204 ::1 - 0 - Response-time 0.106 ms\n","level":"info"}
{"message":"[21/Nov/2019:22:41:10 +0000] \"OPTIONS /chart/getVTSubmittedTimes\" 204 ::1 - 0 - Response-time 0.093 ms\n","level":"info"}
{"message":"[21/Nov/2019:22:41:10 +0000] \"OPTIONS /chart/getTotalAmountOfRefundByUserId\" 204 ::1 - 0 - Response-time 0.156 ms\n","level":"info"}
{"message":"[21/Nov/2019:22:41:10 +0000] \"GET /chart/vTLineData\" 200 ::1 - 237 - Response-time 4.664 ms\n","level":"info"}
{"message":"[21/Nov/2019:22:41:10 +0000] \"GET /chart/rFLineData\" 200 ::1 - 170 - Response-time 4.239 ms\n","level":"info"}
{"message":"[21/Nov/2019:22:41:10 +0000] \"GET /chart/getVTSubmittedTimes\" 200 ::1 - 75 - Response-time 4.088 ms\n","level":"info"}
{"message":"[21/Nov/2019:22:41:10 +0000] \"GET /chart/getTotalAmountOfRefundByUserId\" 200 ::1 - 74 - Response-time 5.152 ms\n","level":"info"}
{"message":"[21/Nov/2019:22:41:17 +0000] \"OPTIONS /virtualTerminal/virtualList\" 204 ::1 - 0 - Response-time 0.058 ms\n","level":"info"}
{"message":"[21/Nov/2019:22:41:17 +0000] \"GET /virtualTerminal/virtualList\" 200 ::1 - 22039 - Response-time 5.235 ms\n","level":"info"}
{"message":"[21/Nov/2019:22:42:20 +0000] \"OPTIONS /verifyToken\" 204 ::1 - 0 - Response-time 0.111 ms\n","level":"info"}
{"message":"[21/Nov/2019:22:42:20 +0000] \"GET /verifyToken\" 200 ::1 - 34 - Response-time 0.538 ms\n","level":"info"}
{"message":"[21/Nov/2019:22:42:21 +0000] \"OPTIONS /virtualTerminal/virtualList\" 204 ::1 - 0 - Response-time 0.069 ms\n","level":"info"}
{"message":"[21/Nov/2019:22:42:21 +0000] \"GET /virtualTerminal/virtualList\" 200 ::1 - 22039 - Response-time 4.409 ms\n","level":"info"}
{"message":"[21/Nov/2019:22:44:18 +0000] \"OPTIONS /verifyToken\" 204 ::1 - 0 - Response-time 0.060 ms\n","level":"info"}
{"message":"[21/Nov/2019:22:44:18 +0000] \"GET /verifyToken\" 200 ::1 - 34 - Response-time 0.273 ms\n","level":"info"}
{"message":"[21/Nov/2019:22:44:23 +0000] \"OPTIONS /verifyToken\" 204 ::1 - 0 - Response-time 0.231 ms\n","level":"info"}
{"message":"[21/Nov/2019:22:44:23 +0000] \"GET /verifyToken\" 200 ::1 - 34 - Response-time 0.528 ms\n","level":"info"}
{"message":"[21/Nov/2019:22:44:24 +0000] \"OPTIONS /virtualTerminal/virtualList\" 204 ::1 - 0 - Response-time 0.063 ms\n","level":"info"}
{"message":"[21/Nov/2019:22:44:24 +0000] \"GET /virtualTerminal/virtualList\" 200 ::1 - 22039 - Response-time 3.912 ms\n","level":"info"}
{"message":"[21/Nov/2019:22:44:37 +0000] \"OPTIONS /verifyToken\" 204 ::1 - 0 - Response-time 0.097 ms\n","level":"info"}
{"message":"[21/Nov/2019:22:44:37 +0000] \"OPTIONS /virtualTerminal/virtualList\" 204 ::1 - 0 - Response-time 0.072 ms\n","level":"info"}
{"message":"[21/Nov/2019:22:44:37 +0000] \"GET /verifyToken\" 200 ::1 - 34 - Response-time 0.392 ms\n","level":"info"}
{"message":"[21/Nov/2019:22:44:37 +0000] \"GET /virtualTerminal/virtualList\" 200 ::1 - 22039 - Response-time 3.219 ms\n","level":"info"}
{"message":"[21/Nov/2019:22:45:27 +0000] \"OPTIONS /verifyToken\" 204 ::1 - 0 - Response-time 0.065 ms\n","level":"info"}
{"message":"[21/Nov/2019:22:45:28 +0000] \"OPTIONS /virtualTerminal/virtualList\" 204 ::1 - 0 - Response-time 0.125 ms\n","level":"info"}
{"message":"[21/Nov/2019:22:45:28 +0000] \"GET /verifyToken\" 200 ::1 - 34 - Response-time 0.307 ms\n","level":"info"}
{"message":"[21/Nov/2019:22:45:28 +0000] \"GET /virtualTerminal/virtualList\" 200 ::1 - 22039 - Response-time 3.350 ms\n","level":"info"}
{"message":"[21/Nov/2019:22:46:26 +0000] \"OPTIONS /verifyToken\" 204 ::1 - 0 - Response-time 0.076 ms\n","level":"info"}
{"message":"[21/Nov/2019:22:46:26 +0000] \"GET /verifyToken\" 200 ::1 - 34 - Response-time 0.630 ms\n","level":"info"}
{"message":"[21/Nov/2019:22:46:26 +0000] \"OPTIONS /virtualTerminal/virtualList\" 204 ::1 - 0 - Response-time 0.065 ms\n","level":"info"}
{"message":"[21/Nov/2019:22:46:27 +0000] \"GET /virtualTerminal/virtualList\" 200 ::1 - 22039 - Response-time 6.012 ms\n","level":"info"}
{"message":"[21/Nov/2019:22:49:53 +0000] \"OPTIONS /verifyToken\" 204 ::1 - 0 - Response-time 0.059 ms\n","level":"info"}
{"message":"[21/Nov/2019:22:49:54 +0000] \"OPTIONS /virtualTerminal/virtualList\" 204 ::1 - 0 - Response-time 0.093 ms\n","level":"info"}
{"message":"[21/Nov/2019:22:49:54 +0000] \"GET /verifyToken\" 200 ::1 - 34 - Response-time 0.280 ms\n","level":"info"}
{"message":"[21/Nov/2019:22:49:54 +0000] \"GET /virtualTerminal/virtualList\" 200 ::1 - 22039 - Response-time 3.240 ms\n","level":"info"}
{"message":"[21/Nov/2019:22:54:30 +0000] \"OPTIONS /verifyToken\" 204 ::1 - 0 - Response-time 0.330 ms\n","level":"info"}
{"message":"[21/Nov/2019:22:54:30 +0000] \"GET /verifyToken\" 200 ::1 - 34 - Response-time 0.750 ms\n","level":"info"}
{"message":"[21/Nov/2019:22:54:31 +0000] \"OPTIONS /virtualTerminal/virtualList\" 204 ::1 - 0 - Response-time 0.061 ms\n","level":"info"}
{"message":"[21/Nov/2019:22:54:31 +0000] \"GET /virtualTerminal/virtualList\" 200 ::1 - 22039 - Response-time 4.162 ms\n","level":"info"}
{"message":"[21/Nov/2019:22:58:51 +0000] \"OPTIONS /verifyToken\" 204 ::1 - 0 - Response-time 0.083 ms\n","level":"info"}
{"message":"[21/Nov/2019:22:58:51 +0000] \"GET /verifyToken\" 200 ::1 - 34 - Response-time 0.344 ms\n","level":"info"}
{"message":"[21/Nov/2019:22:58:52 +0000] \"OPTIONS /virtualTerminal/virtualList\" 204 ::1 - 0 - Response-time 0.093 ms\n","level":"info"}
{"message":"[21/Nov/2019:22:58:52 +0000] \"GET /virtualTerminal/virtualList\" 200 ::1 - 22039 - Response-time 2.740 ms\n","level":"info"}
{"message":"[21/Nov/2019:23:00:56 +0000] \"OPTIONS /verifyToken\" 204 ::1 - 0 - Response-time 0.093 ms\n","level":"info"}
{"message":"[21/Nov/2019:23:00:56 +0000] \"GET /verifyToken\" 200 ::1 - 34 - Response-time 0.309 ms\n","level":"info"}
{"message":"[21/Nov/2019:23:00:57 +0000] \"OPTIONS /virtualTerminal/virtualList\" 204 ::1 - 0 - Response-time 0.072 ms\n","level":"info"}
{"message":"[21/Nov/2019:23:00:57 +0000] \"GET /virtualTerminal/virtualList\" 200 ::1 - 22039 - Response-time 3.616 ms\n","level":"info"}
{"message":"[21/Nov/2019:23:02:07 +0000] \"OPTIONS /verifyToken\" 204 ::1 - 0 - Response-time 0.096 ms\n","level":"info"}
{"message":"[21/Nov/2019:23:02:07 +0000] \"GET /verifyToken\" 200 ::1 - 34 - Response-time 0.511 ms\n","level":"info"}
{"message":"[21/Nov/2019:23:02:07 +0000] \"OPTIONS /virtualTerminal/virtualList\" 204 ::1 - 0 - Response-time 0.062 ms\n","level":"info"}
{"message":"[21/Nov/2019:23:02:07 +0000] \"GET /virtualTerminal/virtualList\" 200 ::1 - 22039 - Response-time 4.699 ms\n","level":"info"}
{"message":"[21/Nov/2019:23:04:28 +0000] \"OPTIONS /verifyToken\" 204 ::1 - 0 - Response-time 0.078 ms\n","level":"info"}
{"message":"[21/Nov/2019:23:04:28 +0000] \"GET /verifyToken\" 200 ::1 - 34 - Response-time 0.422 ms\n","level":"info"}
{"message":"[21/Nov/2019:23:04:28 +0000] \"OPTIONS /verifyToken\" 204 ::1 - 0 - Response-time 0.075 ms\n","level":"info"}
{"message":"[21/Nov/2019:23:04:28 +0000] \"GET /verifyToken\" 200 ::1 - 34 - Response-time 0.338 ms\n","level":"info"}
{"message":"[21/Nov/2019:23:04:28 +0000] \"OPTIONS /verifyToken\" 204 ::1 - 0 - Response-time 0.062 ms\n","level":"info"}
{"message":"[21/Nov/2019:23:04:28 +0000] \"GET /verifyToken\" 200 ::1 - 34 - Response-time 0.310 ms\n","level":"info"}
{"message":"[21/Nov/2019:23:04:28 +0000] \"OPTIONS /verifyToken\" 204 ::1 - 0 - Response-time 0.088 ms\n","level":"info"}
{"message":"[21/Nov/2019:23:04:28 +0000] \"GET /verifyToken\" 200 ::1 - 34 - Response-time 0.500 ms\n","level":"info"}
{"message":"[21/Nov/2019:23:04:29 +0000] \"OPTIONS /virtualTerminal/virtualList\" 204 ::1 - 0 - Response-time 0.065 ms\n","level":"info"}
{"message":"[21/Nov/2019:23:04:29 +0000] \"GET /virtualTerminal/virtualList\" 200 ::1 - 22039 - Response-time 3.643 ms\n","level":"info"}
{"message":"[21/Nov/2019:23:05:34 +0000] \"OPTIONS /verifyToken\" 204 ::1 - 0 - Response-time 0.055 ms\n","level":"info"}
{"message":"[21/Nov/2019:23:05:35 +0000] \"OPTIONS /virtualTerminal/virtualList\" 204 ::1 - 0 - Response-time 0.053 ms\n","level":"info"}
{"message":"[21/Nov/2019:23:05:35 +0000] \"GET /verifyToken\" 200 ::1 - 34 - Response-time 0.243 ms\n","level":"info"}
{"message":"[21/Nov/2019:23:05:35 +0000] \"GET /virtualTerminal/virtualList\" 200 ::1 - 22039 - Response-time 3.287 ms\n","level":"info"}
{"message":"[21/Nov/2019:23:05:49 +0000] \"OPTIONS /verifyToken\" 204 ::1 - 0 - Response-time 0.645 ms\n","level":"info"}
{"message":"[21/Nov/2019:23:05:50 +0000] \"GET /verifyToken\" 200 ::1 - 34 - Response-time 0.404 ms\n","level":"info"}
{"message":"[21/Nov/2019:23:05:50 +0000] \"OPTIONS /virtualTerminal/virtualList\" 204 ::1 - 0 - Response-time 0.095 ms\n","level":"info"}
{"message":"[21/Nov/2019:23:05:50 +0000] \"GET /virtualTerminal/virtualList\" 200 ::1 - 22039 - Response-time 3.840 ms\n","level":"info"}
{"message":"[21/Nov/2019:23:06:26 +0000] \"OPTIONS /verifyToken\" 204 ::1 - 0 - Response-time 0.168 ms\n","level":"info"}
{"message":"[21/Nov/2019:23:06:26 +0000] \"OPTIONS /virtualTerminal/virtualList\" 204 ::1 - 0 - Response-time 0.064 ms\n","level":"info"}
{"message":"[21/Nov/2019:23:06:26 +0000] \"GET /verifyToken\" 200 ::1 - 34 - Response-time 0.272 ms\n","level":"info"}
{"message":"[21/Nov/2019:23:06:26 +0000] \"GET /virtualTerminal/virtualList\" 200 ::1 - 22039 - Response-time 4.241 ms\n","level":"info"}
{"message":"[21/Nov/2019:23:07:26 +0000] \"OPTIONS /verifyToken\" 204 ::1 - 0 - Response-time 0.056 ms\n","level":"info"}
{"message":"[21/Nov/2019:23:07:26 +0000] \"OPTIONS /virtualTerminal/virtualList\" 204 ::1 - 0 - Response-time 0.077 ms\n","level":"info"}
{"message":"[21/Nov/2019:23:07:26 +0000] \"GET /verifyToken\" 200 ::1 - 34 - Response-time 0.244 ms\n","level":"info"}
{"message":"[21/Nov/2019:23:07:26 +0000] \"GET /virtualTerminal/virtualList\" 200 ::1 - 22039 - Response-time 2.368 ms\n","level":"info"}
{"message":"[21/Nov/2019:23:08:41 +0000] \"OPTIONS /verifyToken\" 204 ::1 - 0 - Response-time 0.092 ms\n","level":"info"}
{"message":"[21/Nov/2019:23:08:41 +0000] \"GET /verifyToken\" 200 ::1 - 34 - Response-time 0.460 ms\n","level":"info"}
{"message":"[21/Nov/2019:23:08:42 +0000] \"OPTIONS /virtualTerminal/virtualList\" 204 ::1 - 0 - Response-time 1.089 ms\n","level":"info"}
{"message":"[21/Nov/2019:23:08:42 +0000] \"GET /virtualTerminal/virtualList\" 200 ::1 - 22039 - Response-time 2.757 ms\n","level":"info"}
{"message":"[21/Nov/2019:23:10:33 +0000] \"OPTIONS /verifyToken\" 204 ::1 - 0 - Response-time 0.349 ms\n","level":"info"}
{"message":"[21/Nov/2019:23:10:34 +0000] \"GET /verifyToken\" 200 ::1 - 34 - Response-time 1.207 ms\n","level":"info"}
{"message":"[21/Nov/2019:23:10:34 +0000] \"OPTIONS /virtualTerminal/virtualList\" 204 ::1 - 0 - Response-time 0.086 ms\n","level":"info"}
{"message":"[21/Nov/2019:23:10:34 +0000] \"GET /virtualTerminal/virtualList\" 200 ::1 - 22039 - Response-time 5.169 ms\n","level":"info"}
{"message":"[21/Nov/2019:23:11:33 +0000] \"OPTIONS /verifyToken\" 204 ::1 - 0 - Response-time 0.268 ms\n","level":"info"}
{"message":"[21/Nov/2019:23:11:33 +0000] \"GET /verifyToken\" 200 ::1 - 34 - Response-time 0.367 ms\n","level":"info"}
{"message":"[21/Nov/2019:23:11:34 +0000] \"OPTIONS /virtualTerminal/virtualList\" 204 ::1 - 0 - Response-time 0.101 ms\n","level":"info"}
{"message":"[21/Nov/2019:23:11:34 +0000] \"GET /virtualTerminal/virtualList\" 200 ::1 - 22039 - Response-time 3.166 ms\n","level":"info"}
{"message":"[21/Nov/2019:23:13:27 +0000] \"OPTIONS /verifyToken\" 204 ::1 - 0 - Response-time 0.084 ms\n","level":"info"}
{"message":"[21/Nov/2019:23:13:27 +0000] \"GET /verifyToken\" 200 ::1 - 34 - Response-time 0.578 ms\n","level":"info"}
{"message":"[21/Nov/2019:23:13:27 +0000] \"OPTIONS /virtualTerminal/virtualList\" 204 ::1 - 0 - Response-time 0.089 ms\n","level":"info"}
{"message":"[21/Nov/2019:23:13:28 +0000] \"GET /virtualTerminal/virtualList\" 200 ::1 - 22039 - Response-time 3.801 ms\n","level":"info"}
{"message":"[21/Nov/2019:23:15:57 +0000] \"OPTIONS /verifyToken\" 204 ::1 - 0 - Response-time 0.112 ms\n","level":"info"}
{"message":"[21/Nov/2019:23:15:57 +0000] \"GET /verifyToken\" 200 ::1 - 34 - Response-time 0.998 ms\n","level":"info"}
{"message":"[21/Nov/2019:23:15:57 +0000] \"OPTIONS /virtualTerminal/virtualList\" 204 ::1 - 0 - Response-time 0.079 ms\n","level":"info"}
{"message":"[21/Nov/2019:23:15:57 +0000] \"GET /virtualTerminal/virtualList\" 200 ::1 - 22039 - Response-time 3.876 ms\n","level":"info"}
{"message":"[21/Nov/2019:23:16:22 +0000] \"OPTIONS /verifyToken\" 204 ::1 - 0 - Response-time 0.186 ms\n","level":"info"}
{"message":"[21/Nov/2019:23:16:23 +0000] \"GET /verifyToken\" 200 ::1 - 34 - Response-time 0.533 ms\n","level":"info"}
{"message":"[21/Nov/2019:23:16:23 +0000] \"OPTIONS /virtualTerminal/virtualList\" 204 ::1 - 0 - Response-time 0.076 ms\n","level":"info"}
{"message":"[21/Nov/2019:23:16:23 +0000] \"GET /virtualTerminal/virtualList\" 200 ::1 - 22039 - Response-time 2.972 ms\n","level":"info"}
{"message":"[21/Nov/2019:23:16:50 +0000] \"OPTIONS /verifyToken\" 204 ::1 - 0 - Response-time 0.096 ms\n","level":"info"}
{"message":"[21/Nov/2019:23:16:50 +0000] \"GET /verifyToken\" 200 ::1 - 34 - Response-time 1.107 ms\n","level":"info"}
{"message":"[21/Nov/2019:23:16:50 +0000] \"OPTIONS /virtualTerminal/virtualList\" 204 ::1 - 0 - Response-time 0.091 ms\n","level":"info"}
{"message":"[21/Nov/2019:23:16:50 +0000] \"GET /virtualTerminal/virtualList\" 200 ::1 - 22039 - Response-time 3.812 ms\n","level":"info"}
{"message":"[21/Nov/2019:23:17:16 +0000] \"OPTIONS /verifyToken\" 204 ::1 - 0 - Response-time 0.093 ms\n","level":"info"}
{"message":"[21/Nov/2019:23:17:16 +0000] \"GET /verifyToken\" 200 ::1 - 34 - Response-time 0.798 ms\n","level":"info"}
{"message":"[21/Nov/2019:23:17:16 +0000] \"OPTIONS /virtualTerminal/virtualList\" 204 ::1 - 0 - Response-time 0.083 ms\n","level":"info"}
{"message":"[21/Nov/2019:23:17:17 +0000] \"GET /virtualTerminal/virtualList\" 200 ::1 - 22039 - Response-time 3.676 ms\n","level":"info"}
{"message":"[21/Nov/2019:23:17:56 +0000] \"OPTIONS /verifyToken\" 204 ::1 - 0 - Response-time 0.247 ms\n","level":"info"}
{"message":"[21/Nov/2019:23:17:56 +0000] \"GET /verifyToken\" 200 ::1 - 34 - Response-time 0.496 ms\n","level":"info"}
{"message":"[21/Nov/2019:23:17:56 +0000] \"OPTIONS /virtualTerminal/virtualList\" 204 ::1 - 0 - Response-time 0.087 ms\n","level":"info"}
{"message":"[21/Nov/2019:23:17:56 +0000] \"GET /virtualTerminal/virtualList\" 200 ::1 - 22039 - Response-time 2.783 ms\n","level":"info"}
{"message":"[21/Nov/2019:23:18:42 +0000] \"OPTIONS /verifyToken\" 204 ::1 - 0 - Response-time 0.091 ms\n","level":"info"}
{"message":"[21/Nov/2019:23:18:42 +0000] \"GET /verifyToken\" 200 ::1 - 34 - Response-time 0.411 ms\n","level":"info"}
{"message":"[21/Nov/2019:23:18:42 +0000] \"OPTIONS /virtualTerminal/virtualList\" 204 ::1 - 0 - Response-time 0.092 ms\n","level":"info"}
{"message":"[21/Nov/2019:23:18:42 +0000] \"GET /virtualTerminal/virtualList\" 200 ::1 - 22039 - Response-time 3.440 ms\n","level":"info"}
{"message":"[21/Nov/2019:23:19:12 +0000] \"OPTIONS /verifyToken\" 204 ::1 - 0 - Response-time 0.202 ms\n","level":"info"}
{"message":"[21/Nov/2019:23:19:12 +0000] \"GET /verifyToken\" 200 ::1 - 34 - Response-time 0.448 ms\n","level":"info"}
{"message":"[21/Nov/2019:23:19:12 +0000] \"OPTIONS /virtualTerminal/virtualList\" 204 ::1 - 0 - Response-time 0.081 ms\n","level":"info"}
{"message":"[21/Nov/2019:23:19:12 +0000] \"GET /virtualTerminal/virtualList\" 200 ::1 - 22039 - Response-time 4.518 ms\n","level":"info"}
{"message":"[21/Nov/2019:23:20:05 +0000] \"OPTIONS /verifyToken\" 204 ::1 - 0 - Response-time 0.086 ms\n","level":"info"}
{"message":"[21/Nov/2019:23:20:06 +0000] \"GET /verifyToken\" 200 ::1 - 34 - Response-time 0.294 ms\n","level":"info"}
{"message":"[21/Nov/2019:23:20:06 +0000] \"OPTIONS /virtualTerminal/virtualList\" 204 ::1 - 0 - Response-time 0.068 ms\n","level":"info"}
{"message":"[21/Nov/2019:23:20:06 +0000] \"GET /virtualTerminal/virtualList\" 200 ::1 - 22039 - Response-time 3.146 ms\n","level":"info"}
{"message":"[21/Nov/2019:23:21:18 +0000] \"OPTIONS /verifyToken\" 204 ::1 - 0 - Response-time 0.134 ms\n","level":"info"}
{"message":"[21/Nov/2019:23:21:18 +0000] \"OPTIONS /virtualTerminal/virtualList\" 204 ::1 - 0 - Response-time 0.069 ms\n","level":"info"}
{"message":"[21/Nov/2019:23:21:18 +0000] \"GET /verifyToken\" 200 ::1 - 34 - Response-time 0.408 ms\n","level":"info"}
{"message":"[21/Nov/2019:23:21:19 +0000] \"GET /virtualTerminal/virtualList\" 200 ::1 - 22039 - Response-time 3.745 ms\n","level":"info"}
{"message":"[21/Nov/2019:23:21:19 +0000] \"OPTIONS /verifyToken\" 204 ::1 - 0 - Response-time 0.131 ms\n","level":"info"}
{"message":"[21/Nov/2019:23:21:19 +0000] \"GET /verifyToken\" 200 ::1 - 34 - Response-time 0.516 ms\n","level":"info"}
{"message":"[21/Nov/2019:23:21:20 +0000] \"OPTIONS /virtualTerminal/virtualList\" 204 ::1 - 0 - Response-time 0.060 ms\n","level":"info"}
{"message":"[21/Nov/2019:23:21:20 +0000] \"GET /virtualTerminal/virtualList\" 200 ::1 - 22039 - Response-time 38.720 ms\n","level":"info"}
{"message":"[21/Nov/2019:23:26:45 +0000] \"OPTIONS /verifyToken\" 204 ::1 - 0 - Response-time 0.112 ms\n","level":"info"}
{"message":"[21/Nov/2019:23:26:45 +0000] \"GET /verifyToken\" 200 ::1 - 34 - Response-time 0.764 ms\n","level":"info"}
{"message":"[21/Nov/2019:23:26:46 +0000] \"OPTIONS /virtualTerminal/virtualList\" 204 ::1 - 0 - Response-time 0.059 ms\n","level":"info"}
{"message":"[21/Nov/2019:23:26:46 +0000] \"GET /virtualTerminal/virtualList\" 200 ::1 - 22039 - Response-time 3.930 ms\n","level":"info"}
